2024-02-25 20:17:42,186{GMT}	INFO	[jepsen test runner] jepsen.core: Command line:
lein run test -w echo --bin /Users/aca123321/go/bin/maelstrom-echo --node-count 2 --time-limit 10
2024-02-25 20:17:42,250{GMT}	INFO	[jepsen test runner] jepsen.core: Running test:
{:args []
 :remote
 #jepsen.control.retry.Remote{:remote #jepsen.control.scp.Remote{:cmd-remote #jepsen.control.sshj.SSHJRemote{:concurrency-limit 6,
                                                                                                             :conn-spec nil,
                                                                                                             :client nil,
                                                                                                             :semaphore nil},
                                                                 :conn-spec nil},
                              :conn nil}
 :log-net-send false
 :node-count 2
 :availability nil
 :max-txn-length 4
 :concurrency 2
 :db
 #object[maelstrom.db$db$reify__16142
         "0x1d628a88"
         "maelstrom.db$db$reify__16142@1d628a88"]
 :max-writes-per-key 16
 :leave-db-running? false
 :name "echo"
 :logging-json? false
 :start-time
 #object[org.joda.time.DateTime "0x36573ec5" "2024-02-25T20:17:42.142+05:30"]
 :nemesis-interval 10
 :net
 #object[maelstrom.net$jepsen_net$reify__15251
         "0x10c26161"
         "maelstrom.net$jepsen_net$reify__15251@10c26161"]
 :client
 #object[maelstrom.workload.echo$client$reify__16863
         "0x1ef6977b"
         "maelstrom.workload.echo$client$reify__16863@1ef6977b"]
 :barrier
 #object[java.util.concurrent.CyclicBarrier
         "0x674cd2da"
         "java.util.concurrent.CyclicBarrier@674cd2da"]
 :log-stderr false
 :pure-generators true
 :ssh {:dummy? true}
 :rate 5
 :checker
 #object[jepsen.checker$compose$reify__11881
         "0x686279e0"
         "jepsen.checker$compose$reify__11881@686279e0"]
 :argv
 ("test"
  "-w"
  "echo"
  "--bin"
  "/Users/aca123321/go/bin/maelstrom-echo"
  "--node-count"
  "2"
  "--time-limit"
  "10")
 :nemesis
 (jepsen.nemesis.ReflCompose
  {:fm {:start-partition 0,
        :stop-partition 0,
        :kill 1,
        :start 1,
        :pause 1,
        :resume 1},
   :nemeses [#unprintable "jepsen.nemesis.combined$partition_nemesis$reify__16416@6b28d4e4"
             #unprintable "jepsen.nemesis.combined$db_nemesis$reify__16397@41cfcbb5"]})
 :nodes ["n0" "n1"]
 :test-count 1
 :latency {:mean 0, :dist :constant}
 :bin "/Users/aca123321/go/bin/maelstrom-echo"
 :generator
 (jepsen.generator.TimeLimit
  {:limit 10000000000,
   :cutoff nil,
   :gen (jepsen.generator.Any
         {:gens [(jepsen.generator.OnThreads
                  {:f #{:nemesis},
                   :context-filter #object[jepsen.generator.context$make_thread_filter$lazy_filter__9167
                                           "0x27aa700"
                                           "jepsen.generator.context$make_thread_filter$lazy_filter__9167@27aa700"],
                   :gen nil})
                 (jepsen.generator.OnThreads
                  {:f #jepsen.generator.context.AllBut{:element :nemesis},
                   :context-filter #object[jepsen.generator.context$make_thread_filter$lazy_filter__9167
                                           "0xd15f98a"
                                           "jepsen.generator.context$make_thread_filter$lazy_filter__9167@d15f98a"],
                   :gen (jepsen.generator.Stagger
                         {:dt 400000000,
                          :next-time nil,
                          :gen (jepsen.generator.EachThread
                                {:fresh-gen #object[maelstrom.workload.echo$workload$fn__16882
                                                    "0x704c3ca2"
                                                    "maelstrom.workload.echo$workload$fn__16882@704c3ca2"],
                                 :context-filters #object[clojure.core$promise$reify__8591
                                                          "0x7d3a9061"
                                                          {:status :pending,
                                                           :val nil}],
                                 :gens {}})})})]})})
 :log-net-recv false
 :os
 #object[maelstrom.net$jepsen_os$reify__15254
         "0x2a2f7a61"
         "maelstrom.net$jepsen_os$reify__15254@2a2f7a61"]
 :time-limit 10
 :workload :echo
 :consistency-models [:strict-serializable]
 :topology :grid}

2024-02-25 20:17:44,688{GMT}	INFO	[jepsen node n0] maelstrom.net: Starting Maelstrom network
2024-02-25 20:17:44,690{GMT}	INFO	[jepsen test runner] jepsen.db: Tearing down DB
2024-02-25 20:17:44,691{GMT}	INFO	[jepsen test runner] jepsen.db: Setting up DB
2024-02-25 20:17:44,692{GMT}	INFO	[jepsen node n1] maelstrom.db: Setting up n1
2024-02-25 20:17:44,692{GMT}	INFO	[jepsen node n1] maelstrom.process: launching /Users/aca123321/go/bin/maelstrom-echo []
2024-02-25 20:17:44,694{GMT}	INFO	[jepsen node n0] maelstrom.service: Starting services: (lin-kv lin-tso lww-kv seq-kv)
2024-02-25 20:17:44,696{GMT}	INFO	[jepsen node n0] maelstrom.db: Setting up n0
2024-02-25 20:17:44,697{GMT}	INFO	[jepsen node n0] maelstrom.process: launching /Users/aca123321/go/bin/maelstrom-echo []
2024-02-25 20:17:45,162{GMT}	INFO	[jepsen test runner] jepsen.core: Relative time begins now
2024-02-25 20:17:45,178{GMT}	INFO	[jepsen worker 1] jepsen.util: 1	:invoke	:echo	"Please echo 19"
2024-02-25 20:17:45,185{GMT}	INFO	[jepsen worker 1] jepsen.util: 1	:ok	:echo	{:echo "Please echo 19", :in_reply_to 1, :msg_id 1, :type "echo_ok"}
2024-02-25 20:17:45,452{GMT}	INFO	[jepsen worker 0] jepsen.util: 0	:invoke	:echo	"Please echo 58"
2024-02-25 20:17:45,454{GMT}	INFO	[jepsen worker 0] jepsen.util: 0	:ok	:echo	{:echo "Please echo 58", :in_reply_to 1, :msg_id 1, :type "echo_ok"}
2024-02-25 20:17:45,463{GMT}	INFO	[jepsen worker 1] jepsen.util: 1	:invoke	:echo	"Please echo 36"
2024-02-25 20:17:45,465{GMT}	INFO	[jepsen worker 1] jepsen.util: 1	:ok	:echo	{:echo "Please echo 36", :in_reply_to 2, :msg_id 2, :type "echo_ok"}
2024-02-25 20:17:45,834{GMT}	INFO	[jepsen worker 1] jepsen.util: 1	:invoke	:echo	"Please echo 124"
2024-02-25 20:17:45,835{GMT}	INFO	[jepsen worker 1] jepsen.util: 1	:ok	:echo	{:echo "Please echo 124", :in_reply_to 3, :msg_id 3, :type "echo_ok"}
2024-02-25 20:17:45,952{GMT}	INFO	[jepsen worker 1] jepsen.util: 1	:invoke	:echo	"Please echo 35"
2024-02-25 20:17:45,954{GMT}	INFO	[jepsen worker 1] jepsen.util: 1	:ok	:echo	{:echo "Please echo 35", :in_reply_to 4, :msg_id 4, :type "echo_ok"}
2024-02-25 20:17:46,216{GMT}	INFO	[jepsen worker 0] jepsen.util: 0	:invoke	:echo	"Please echo 76"
2024-02-25 20:17:46,217{GMT}	INFO	[jepsen worker 0] jepsen.util: 0	:ok	:echo	{:echo "Please echo 76", :in_reply_to 2, :msg_id 2, :type "echo_ok"}
2024-02-25 20:17:46,599{GMT}	INFO	[jepsen worker 1] jepsen.util: 1	:invoke	:echo	"Please echo 30"
2024-02-25 20:17:46,601{GMT}	INFO	[jepsen worker 1] jepsen.util: 1	:ok	:echo	{:echo "Please echo 30", :in_reply_to 5, :msg_id 5, :type "echo_ok"}
2024-02-25 20:17:46,634{GMT}	INFO	[jepsen worker 1] jepsen.util: 1	:invoke	:echo	"Please echo 106"
2024-02-25 20:17:46,636{GMT}	INFO	[jepsen worker 1] jepsen.util: 1	:ok	:echo	{:echo "Please echo 106", :in_reply_to 6, :msg_id 6, :type "echo_ok"}
2024-02-25 20:17:46,699{GMT}	INFO	[jepsen worker 0] jepsen.util: 0	:invoke	:echo	"Please echo 86"
2024-02-25 20:17:46,701{GMT}	INFO	[jepsen worker 0] jepsen.util: 0	:ok	:echo	{:echo "Please echo 86", :in_reply_to 3, :msg_id 3, :type "echo_ok"}
2024-02-25 20:17:46,966{GMT}	INFO	[jepsen worker 1] jepsen.util: 1	:invoke	:echo	"Please echo 106"
2024-02-25 20:17:46,968{GMT}	INFO	[jepsen worker 1] jepsen.util: 1	:ok	:echo	{:echo "Please echo 106", :in_reply_to 7, :msg_id 7, :type "echo_ok"}
2024-02-25 20:17:47,156{GMT}	INFO	[jepsen worker 0] jepsen.util: 0	:invoke	:echo	"Please echo 38"
2024-02-25 20:17:47,157{GMT}	INFO	[jepsen worker 0] jepsen.util: 0	:ok	:echo	{:echo "Please echo 38", :in_reply_to 4, :msg_id 4, :type "echo_ok"}
2024-02-25 20:17:47,336{GMT}	INFO	[jepsen worker 0] jepsen.util: 0	:invoke	:echo	"Please echo 8"
2024-02-25 20:17:47,337{GMT}	INFO	[jepsen worker 0] jepsen.util: 0	:ok	:echo	{:echo "Please echo 8", :in_reply_to 5, :msg_id 5, :type "echo_ok"}
2024-02-25 20:17:47,540{GMT}	INFO	[jepsen worker 1] jepsen.util: 1	:invoke	:echo	"Please echo 97"
2024-02-25 20:17:47,542{GMT}	INFO	[jepsen worker 1] jepsen.util: 1	:ok	:echo	{:echo "Please echo 97", :in_reply_to 8, :msg_id 8, :type "echo_ok"}
2024-02-25 20:17:47,670{GMT}	INFO	[jepsen worker 1] jepsen.util: 1	:invoke	:echo	"Please echo 9"
2024-02-25 20:17:47,672{GMT}	INFO	[jepsen worker 1] jepsen.util: 1	:ok	:echo	{:echo "Please echo 9", :in_reply_to 9, :msg_id 9, :type "echo_ok"}
2024-02-25 20:17:47,806{GMT}	INFO	[jepsen worker 1] jepsen.util: 1	:invoke	:echo	"Please echo 110"
2024-02-25 20:17:47,808{GMT}	INFO	[jepsen worker 1] jepsen.util: 1	:ok	:echo	{:echo "Please echo 110", :in_reply_to 10, :msg_id 10, :type "echo_ok"}
2024-02-25 20:17:48,073{GMT}	INFO	[jepsen worker 1] jepsen.util: 1	:invoke	:echo	"Please echo 24"
2024-02-25 20:17:48,074{GMT}	INFO	[jepsen worker 0] jepsen.util: 0	:invoke	:echo	"Please echo 114"
2024-02-25 20:17:48,075{GMT}	INFO	[jepsen worker 1] jepsen.util: 1	:ok	:echo	{:echo "Please echo 24", :in_reply_to 11, :msg_id 11, :type "echo_ok"}
2024-02-25 20:17:48,076{GMT}	INFO	[jepsen worker 0] jepsen.util: 0	:ok	:echo	{:echo "Please echo 114", :in_reply_to 6, :msg_id 6, :type "echo_ok"}
2024-02-25 20:17:48,263{GMT}	INFO	[jepsen worker 1] jepsen.util: 1	:invoke	:echo	"Please echo 90"
2024-02-25 20:17:48,264{GMT}	INFO	[jepsen worker 1] jepsen.util: 1	:ok	:echo	{:echo "Please echo 90", :in_reply_to 12, :msg_id 12, :type "echo_ok"}
2024-02-25 20:17:48,290{GMT}	INFO	[jepsen worker 1] jepsen.util: 1	:invoke	:echo	"Please echo 29"
2024-02-25 20:17:48,291{GMT}	INFO	[jepsen worker 1] jepsen.util: 1	:ok	:echo	{:echo "Please echo 29", :in_reply_to 13, :msg_id 13, :type "echo_ok"}
2024-02-25 20:17:48,403{GMT}	INFO	[jepsen worker 1] jepsen.util: 1	:invoke	:echo	"Please echo 13"
2024-02-25 20:17:48,404{GMT}	INFO	[jepsen worker 0] jepsen.util: 0	:invoke	:echo	"Please echo 34"
2024-02-25 20:17:48,405{GMT}	INFO	[jepsen worker 1] jepsen.util: 1	:ok	:echo	{:echo "Please echo 13", :in_reply_to 14, :msg_id 14, :type "echo_ok"}
2024-02-25 20:17:48,405{GMT}	INFO	[jepsen worker 0] jepsen.util: 0	:ok	:echo	{:echo "Please echo 34", :in_reply_to 7, :msg_id 7, :type "echo_ok"}
2024-02-25 20:17:48,767{GMT}	INFO	[jepsen worker 0] jepsen.util: 0	:invoke	:echo	"Please echo 44"
2024-02-25 20:17:48,769{GMT}	INFO	[jepsen worker 0] jepsen.util: 0	:ok	:echo	{:echo "Please echo 44", :in_reply_to 8, :msg_id 8, :type "echo_ok"}
2024-02-25 20:17:48,806{GMT}	INFO	[jepsen worker 0] jepsen.util: 0	:invoke	:echo	"Please echo 72"
2024-02-25 20:17:48,807{GMT}	INFO	[jepsen worker 0] jepsen.util: 0	:ok	:echo	{:echo "Please echo 72", :in_reply_to 9, :msg_id 9, :type "echo_ok"}
2024-02-25 20:17:48,844{GMT}	INFO	[jepsen worker 1] jepsen.util: 1	:invoke	:echo	"Please echo 104"
2024-02-25 20:17:48,846{GMT}	INFO	[jepsen worker 1] jepsen.util: 1	:ok	:echo	{:echo "Please echo 104", :in_reply_to 15, :msg_id 15, :type "echo_ok"}
2024-02-25 20:17:49,002{GMT}	INFO	[jepsen worker 1] jepsen.util: 1	:invoke	:echo	"Please echo 112"
2024-02-25 20:17:49,003{GMT}	INFO	[jepsen worker 1] jepsen.util: 1	:ok	:echo	{:echo "Please echo 112", :in_reply_to 16, :msg_id 16, :type "echo_ok"}
2024-02-25 20:17:49,213{GMT}	INFO	[jepsen worker 0] jepsen.util: 0	:invoke	:echo	"Please echo 32"
2024-02-25 20:17:49,214{GMT}	INFO	[jepsen worker 0] jepsen.util: 0	:ok	:echo	{:echo "Please echo 32", :in_reply_to 10, :msg_id 10, :type "echo_ok"}
2024-02-25 20:17:49,363{GMT}	INFO	[jepsen worker 1] jepsen.util: 1	:invoke	:echo	"Please echo 14"
2024-02-25 20:17:49,365{GMT}	INFO	[jepsen worker 1] jepsen.util: 1	:ok	:echo	{:echo "Please echo 14", :in_reply_to 17, :msg_id 17, :type "echo_ok"}
2024-02-25 20:17:49,540{GMT}	INFO	[jepsen worker 0] jepsen.util: 0	:invoke	:echo	"Please echo 42"
2024-02-25 20:17:49,542{GMT}	INFO	[jepsen worker 0] jepsen.util: 0	:ok	:echo	{:echo "Please echo 42", :in_reply_to 11, :msg_id 11, :type "echo_ok"}
2024-02-25 20:17:49,634{GMT}	INFO	[jepsen worker 1] jepsen.util: 1	:invoke	:echo	"Please echo 56"
2024-02-25 20:17:49,636{GMT}	INFO	[jepsen worker 1] jepsen.util: 1	:ok	:echo	{:echo "Please echo 56", :in_reply_to 18, :msg_id 18, :type "echo_ok"}
2024-02-25 20:17:49,877{GMT}	INFO	[jepsen worker 0] jepsen.util: 0	:invoke	:echo	"Please echo 117"
2024-02-25 20:17:49,879{GMT}	INFO	[jepsen worker 0] jepsen.util: 0	:ok	:echo	{:echo "Please echo 117", :in_reply_to 12, :msg_id 12, :type "echo_ok"}
2024-02-25 20:17:50,044{GMT}	INFO	[jepsen worker 0] jepsen.util: 0	:invoke	:echo	"Please echo 92"
2024-02-25 20:17:50,046{GMT}	INFO	[jepsen worker 0] jepsen.util: 0	:ok	:echo	{:echo "Please echo 92", :in_reply_to 13, :msg_id 13, :type "echo_ok"}
2024-02-25 20:17:50,342{GMT}	INFO	[jepsen worker 1] jepsen.util: 1	:invoke	:echo	"Please echo 106"
2024-02-25 20:17:50,343{GMT}	INFO	[jepsen worker 1] jepsen.util: 1	:ok	:echo	{:echo "Please echo 106", :in_reply_to 19, :msg_id 19, :type "echo_ok"}
2024-02-25 20:17:50,568{GMT}	INFO	[jepsen worker 0] jepsen.util: 0	:invoke	:echo	"Please echo 49"
2024-02-25 20:17:50,569{GMT}	INFO	[jepsen worker 0] jepsen.util: 0	:ok	:echo	{:echo "Please echo 49", :in_reply_to 14, :msg_id 14, :type "echo_ok"}
2024-02-25 20:17:50,856{GMT}	INFO	[jepsen worker 1] jepsen.util: 1	:invoke	:echo	"Please echo 95"
2024-02-25 20:17:50,857{GMT}	INFO	[jepsen worker 1] jepsen.util: 1	:ok	:echo	{:echo "Please echo 95", :in_reply_to 20, :msg_id 20, :type "echo_ok"}
2024-02-25 20:17:50,969{GMT}	INFO	[jepsen worker 1] jepsen.util: 1	:invoke	:echo	"Please echo 18"
2024-02-25 20:17:50,971{GMT}	INFO	[jepsen worker 1] jepsen.util: 1	:ok	:echo	{:echo "Please echo 18", :in_reply_to 21, :msg_id 21, :type "echo_ok"}
2024-02-25 20:17:51,259{GMT}	INFO	[jepsen worker 1] jepsen.util: 1	:invoke	:echo	"Please echo 20"
2024-02-25 20:17:51,260{GMT}	INFO	[jepsen worker 1] jepsen.util: 1	:ok	:echo	{:echo "Please echo 20", :in_reply_to 22, :msg_id 22, :type "echo_ok"}
2024-02-25 20:17:51,653{GMT}	INFO	[jepsen worker 0] jepsen.util: 0	:invoke	:echo	"Please echo 89"
2024-02-25 20:17:51,654{GMT}	INFO	[jepsen worker 0] jepsen.util: 0	:ok	:echo	{:echo "Please echo 89", :in_reply_to 15, :msg_id 15, :type "echo_ok"}
2024-02-25 20:17:51,786{GMT}	INFO	[jepsen worker 0] jepsen.util: 0	:invoke	:echo	"Please echo 106"
2024-02-25 20:17:51,787{GMT}	INFO	[jepsen worker 0] jepsen.util: 0	:ok	:echo	{:echo "Please echo 106", :in_reply_to 16, :msg_id 16, :type "echo_ok"}
2024-02-25 20:17:51,866{GMT}	INFO	[jepsen worker 0] jepsen.util: 0	:invoke	:echo	"Please echo 114"
2024-02-25 20:17:51,867{GMT}	INFO	[jepsen worker 0] jepsen.util: 0	:ok	:echo	{:echo "Please echo 114", :in_reply_to 17, :msg_id 17, :type "echo_ok"}
2024-02-25 20:17:52,154{GMT}	INFO	[jepsen worker 1] jepsen.util: 1	:invoke	:echo	"Please echo 72"
2024-02-25 20:17:52,156{GMT}	INFO	[jepsen worker 1] jepsen.util: 1	:ok	:echo	{:echo "Please echo 72", :in_reply_to 23, :msg_id 23, :type "echo_ok"}
2024-02-25 20:17:52,350{GMT}	INFO	[jepsen worker 0] jepsen.util: 0	:invoke	:echo	"Please echo 120"
2024-02-25 20:17:52,352{GMT}	INFO	[jepsen worker 0] jepsen.util: 0	:ok	:echo	{:echo "Please echo 120", :in_reply_to 18, :msg_id 18, :type "echo_ok"}
2024-02-25 20:17:52,431{GMT}	INFO	[jepsen worker 1] jepsen.util: 1	:invoke	:echo	"Please echo 23"
2024-02-25 20:17:52,433{GMT}	INFO	[jepsen worker 1] jepsen.util: 1	:ok	:echo	{:echo "Please echo 23", :in_reply_to 24, :msg_id 24, :type "echo_ok"}
2024-02-25 20:17:52,604{GMT}	INFO	[jepsen worker 1] jepsen.util: 1	:invoke	:echo	"Please echo 61"
2024-02-25 20:17:52,606{GMT}	INFO	[jepsen worker 1] jepsen.util: 1	:ok	:echo	{:echo "Please echo 61", :in_reply_to 25, :msg_id 25, :type "echo_ok"}
2024-02-25 20:17:52,627{GMT}	INFO	[jepsen worker 0] jepsen.util: 0	:invoke	:echo	"Please echo 87"
2024-02-25 20:17:52,629{GMT}	INFO	[jepsen worker 0] jepsen.util: 0	:ok	:echo	{:echo "Please echo 87", :in_reply_to 19, :msg_id 19, :type "echo_ok"}
2024-02-25 20:17:52,854{GMT}	INFO	[jepsen worker 1] jepsen.util: 1	:invoke	:echo	"Please echo 56"
2024-02-25 20:17:52,856{GMT}	INFO	[jepsen worker 1] jepsen.util: 1	:ok	:echo	{:echo "Please echo 56", :in_reply_to 26, :msg_id 26, :type "echo_ok"}
2024-02-25 20:17:52,966{GMT}	INFO	[jepsen worker 0] jepsen.util: 0	:invoke	:echo	"Please echo 7"
2024-02-25 20:17:52,967{GMT}	INFO	[jepsen worker 0] jepsen.util: 0	:ok	:echo	{:echo "Please echo 7", :in_reply_to 20, :msg_id 20, :type "echo_ok"}
2024-02-25 20:17:53,116{GMT}	INFO	[jepsen worker 1] jepsen.util: 1	:invoke	:echo	"Please echo 120"
2024-02-25 20:17:53,118{GMT}	INFO	[jepsen worker 1] jepsen.util: 1	:ok	:echo	{:echo "Please echo 120", :in_reply_to 27, :msg_id 27, :type "echo_ok"}
2024-02-25 20:17:53,323{GMT}	INFO	[jepsen worker 0] jepsen.util: 0	:invoke	:echo	"Please echo 76"
2024-02-25 20:17:53,326{GMT}	INFO	[jepsen worker 0] jepsen.util: 0	:ok	:echo	{:echo "Please echo 76", :in_reply_to 21, :msg_id 21, :type "echo_ok"}
2024-02-25 20:17:53,422{GMT}	INFO	[jepsen worker 0] jepsen.util: 0	:invoke	:echo	"Please echo 38"
2024-02-25 20:17:53,423{GMT}	INFO	[jepsen worker 0] jepsen.util: 0	:ok	:echo	{:echo "Please echo 38", :in_reply_to 22, :msg_id 22, :type "echo_ok"}
2024-02-25 20:17:53,673{GMT}	INFO	[jepsen worker 0] jepsen.util: 0	:invoke	:echo	"Please echo 109"
2024-02-25 20:17:53,674{GMT}	INFO	[jepsen worker 0] jepsen.util: 0	:ok	:echo	{:echo "Please echo 109", :in_reply_to 23, :msg_id 23, :type "echo_ok"}
2024-02-25 20:17:53,880{GMT}	INFO	[jepsen worker 1] jepsen.util: 1	:invoke	:echo	"Please echo 107"
2024-02-25 20:17:53,881{GMT}	INFO	[jepsen worker 1] jepsen.util: 1	:ok	:echo	{:echo "Please echo 107", :in_reply_to 28, :msg_id 28, :type "echo_ok"}
2024-02-25 20:17:54,063{GMT}	INFO	[jepsen worker 1] jepsen.util: 1	:invoke	:echo	"Please echo 91"
2024-02-25 20:17:54,065{GMT}	INFO	[jepsen worker 1] jepsen.util: 1	:ok	:echo	{:echo "Please echo 91", :in_reply_to 29, :msg_id 29, :type "echo_ok"}
2024-02-25 20:17:54,343{GMT}	INFO	[jepsen worker 1] jepsen.util: 1	:invoke	:echo	"Please echo 4"
2024-02-25 20:17:54,344{GMT}	INFO	[jepsen worker 1] jepsen.util: 1	:ok	:echo	{:echo "Please echo 4", :in_reply_to 30, :msg_id 30, :type "echo_ok"}
2024-02-25 20:17:54,619{GMT}	INFO	[jepsen worker 1] jepsen.util: 1	:invoke	:echo	"Please echo 55"
2024-02-25 20:17:54,621{GMT}	INFO	[jepsen worker 1] jepsen.util: 1	:ok	:echo	{:echo "Please echo 55", :in_reply_to 31, :msg_id 31, :type "echo_ok"}
2024-02-25 20:17:54,851{GMT}	INFO	[jepsen worker 1] jepsen.util: 1	:invoke	:echo	"Please echo 31"
2024-02-25 20:17:54,853{GMT}	INFO	[jepsen worker 1] jepsen.util: 1	:ok	:echo	{:echo "Please echo 31", :in_reply_to 32, :msg_id 32, :type "echo_ok"}
2024-02-25 20:17:54,895{GMT}	INFO	[jepsen worker 1] jepsen.util: 1	:invoke	:echo	"Please echo 64"
2024-02-25 20:17:54,896{GMT}	INFO	[jepsen worker 1] jepsen.util: 1	:ok	:echo	{:echo "Please echo 64", :in_reply_to 33, :msg_id 33, :type "echo_ok"}
2024-02-25 20:17:54,927{GMT}	INFO	[jepsen test runner] jepsen.core: Run complete, writing
2024-02-25 20:17:54,980{GMT}	INFO	[jepsen node n1] maelstrom.db: Tearing down n1
2024-02-25 20:17:54,980{GMT}	INFO	[jepsen node n0] maelstrom.db: Tearing down n0
2024-02-25 20:17:55,901{GMT}	INFO	[jepsen node n0] maelstrom.net: Shutting down Maelstrom network
2024-02-25 20:17:55,902{GMT}	INFO	[jepsen test runner] jepsen.core: Analyzing...
2024-02-25 20:17:56,252{GMT}	INFO	[jepsen test runner] jepsen.core: Analysis complete
2024-02-25 20:17:56,274{GMT}	INFO	[jepsen results] jepsen.store: Wrote /Users/aca123321/Desktop/Personal/Fly io distriibuted systems challenges/maelstrom/store/echo/20240225T201742.142+0530/results.edn
2024-02-25 20:17:56,437{GMT}	INFO	[jepsen test runner] jepsen.core: {:perf {:latency-graph {:valid? true},
        :rate-graph {:valid? true},
        :valid? true},
 :timeline {:valid? true},
 :exceptions {:valid? true},
 :stats {:valid? true,
         :count 56,
         :ok-count 56,
         :fail-count 0,
         :info-count 0,
         :by-f {:echo {:valid? true,
                       :count 56,
                       :ok-count 56,
                       :fail-count 0,
                       :info-count 0}}},
 :availability {:valid? true, :ok-fraction 1.0},
 :net {:all {:send-count 116,
             :recv-count 116,
             :msg-count 116,
             :msgs-per-op 2.0714285},
       :clients {:send-count 116, :recv-count 116, :msg-count 116},
       :servers {:send-count 0,
                 :recv-count 0,
                 :msg-count 0,
                 :msgs-per-op 0.0},
       :valid? true},
 :workload {:valid? true, :errors ()},
 :valid? true}


Everything looks good! ヽ(‘ー`)ノ
