2024-02-25 20:26:35,206{GMT}	INFO	[jepsen test runner] jepsen.core: Command line:
lein run test -w echo --bin /Users/aca123321/go/bin/maelstrom-echo --node-count 2 --time-limit 10
2024-02-25 20:26:35,277{GMT}	INFO	[jepsen test runner] jepsen.core: Running test:
{:args []
 :remote
 #jepsen.control.retry.Remote{:remote #jepsen.control.scp.Remote{:cmd-remote #jepsen.control.sshj.SSHJRemote{:concurrency-limit 6,
                                                                                                             :conn-spec nil,
                                                                                                             :client nil,
                                                                                                             :semaphore nil},
                                                                 :conn-spec nil},
                              :conn nil}
 :log-net-send false
 :node-count 2
 :availability nil
 :max-txn-length 4
 :concurrency 2
 :db
 #object[maelstrom.db$db$reify__16142
         "0x1d628a88"
         "maelstrom.db$db$reify__16142@1d628a88"]
 :max-writes-per-key 16
 :leave-db-running? false
 :name "echo"
 :logging-json? false
 :start-time
 #object[org.joda.time.DateTime "0x36573ec5" "2024-02-25T20:26:35.160+05:30"]
 :nemesis-interval 10
 :net
 #object[maelstrom.net$jepsen_net$reify__15251
         "0x10c26161"
         "maelstrom.net$jepsen_net$reify__15251@10c26161"]
 :client
 #object[maelstrom.workload.echo$client$reify__16863
         "0x1ef6977b"
         "maelstrom.workload.echo$client$reify__16863@1ef6977b"]
 :barrier
 #object[java.util.concurrent.CyclicBarrier
         "0x674cd2da"
         "java.util.concurrent.CyclicBarrier@674cd2da"]
 :log-stderr false
 :pure-generators true
 :ssh {:dummy? true}
 :rate 5
 :checker
 #object[jepsen.checker$compose$reify__11881
         "0x686279e0"
         "jepsen.checker$compose$reify__11881@686279e0"]
 :argv
 ("test"
  "-w"
  "echo"
  "--bin"
  "/Users/aca123321/go/bin/maelstrom-echo"
  "--node-count"
  "2"
  "--time-limit"
  "10")
 :nemesis
 (jepsen.nemesis.ReflCompose
  {:fm {:start-partition 0,
        :stop-partition 0,
        :kill 1,
        :start 1,
        :pause 1,
        :resume 1},
   :nemeses [#unprintable "jepsen.nemesis.combined$partition_nemesis$reify__16416@6b28d4e4"
             #unprintable "jepsen.nemesis.combined$db_nemesis$reify__16397@41cfcbb5"]})
 :nodes ["n0" "n1"]
 :test-count 1
 :latency {:mean 0, :dist :constant}
 :bin "/Users/aca123321/go/bin/maelstrom-echo"
 :generator
 (jepsen.generator.TimeLimit
  {:limit 10000000000,
   :cutoff nil,
   :gen (jepsen.generator.Any
         {:gens [(jepsen.generator.OnThreads
                  {:f #{:nemesis},
                   :context-filter #object[jepsen.generator.context$make_thread_filter$lazy_filter__9167
                                           "0x27aa700"
                                           "jepsen.generator.context$make_thread_filter$lazy_filter__9167@27aa700"],
                   :gen nil})
                 (jepsen.generator.OnThreads
                  {:f #jepsen.generator.context.AllBut{:element :nemesis},
                   :context-filter #object[jepsen.generator.context$make_thread_filter$lazy_filter__9167
                                           "0xd15f98a"
                                           "jepsen.generator.context$make_thread_filter$lazy_filter__9167@d15f98a"],
                   :gen (jepsen.generator.Stagger
                         {:dt 400000000,
                          :next-time nil,
                          :gen (jepsen.generator.EachThread
                                {:fresh-gen #object[maelstrom.workload.echo$workload$fn__16882
                                                    "0x704c3ca2"
                                                    "maelstrom.workload.echo$workload$fn__16882@704c3ca2"],
                                 :context-filters #object[clojure.core$promise$reify__8591
                                                          "0x7d3a9061"
                                                          {:status :pending,
                                                           :val nil}],
                                 :gens {}})})})]})})
 :log-net-recv false
 :os
 #object[maelstrom.net$jepsen_os$reify__15254
         "0x2a2f7a61"
         "maelstrom.net$jepsen_os$reify__15254@2a2f7a61"]
 :time-limit 10
 :workload :echo
 :consistency-models [:strict-serializable]
 :topology :grid}

2024-02-25 20:26:37,706{GMT}	INFO	[jepsen node n0] maelstrom.net: Starting Maelstrom network
2024-02-25 20:26:37,707{GMT}	INFO	[jepsen test runner] jepsen.db: Tearing down DB
2024-02-25 20:26:37,709{GMT}	INFO	[jepsen test runner] jepsen.db: Setting up DB
2024-02-25 20:26:37,710{GMT}	INFO	[jepsen node n1] maelstrom.db: Setting up n1
2024-02-25 20:26:37,711{GMT}	INFO	[jepsen node n1] maelstrom.process: launching /Users/aca123321/go/bin/maelstrom-echo []
2024-02-25 20:26:37,712{GMT}	INFO	[jepsen node n0] maelstrom.service: Starting services: (lin-kv lin-tso lww-kv seq-kv)
2024-02-25 20:26:37,714{GMT}	INFO	[jepsen node n0] maelstrom.db: Setting up n0
2024-02-25 20:26:37,715{GMT}	INFO	[jepsen node n0] maelstrom.process: launching /Users/aca123321/go/bin/maelstrom-echo []
2024-02-25 20:26:38,078{GMT}	INFO	[jepsen test runner] jepsen.core: Relative time begins now
2024-02-25 20:26:38,096{GMT}	INFO	[jepsen worker 1] jepsen.util: 1	:invoke	:echo	"Please echo 36"
2024-02-25 20:26:38,102{GMT}	INFO	[jepsen worker 1] jepsen.util: 1	:ok	:echo	{:echo "Please echo 36", :in_reply_to 1, :msg_id 1, :type "echo_ok"}
2024-02-25 20:26:38,218{GMT}	INFO	[jepsen worker 0] jepsen.util: 0	:invoke	:echo	"Please echo 37"
2024-02-25 20:26:38,220{GMT}	INFO	[jepsen worker 0] jepsen.util: 0	:ok	:echo	{:echo "Please echo 37", :in_reply_to 1, :msg_id 1, :type "echo_ok"}
2024-02-25 20:26:38,502{GMT}	INFO	[jepsen worker 1] jepsen.util: 1	:invoke	:echo	"Please echo 38"
2024-02-25 20:26:38,504{GMT}	INFO	[jepsen worker 1] jepsen.util: 1	:ok	:echo	{:echo "Please echo 38", :in_reply_to 2, :msg_id 2, :type "echo_ok"}
2024-02-25 20:26:38,523{GMT}	INFO	[jepsen worker 0] jepsen.util: 0	:invoke	:echo	"Please echo 34"
2024-02-25 20:26:38,525{GMT}	INFO	[jepsen worker 0] jepsen.util: 0	:ok	:echo	{:echo "Please echo 34", :in_reply_to 2, :msg_id 2, :type "echo_ok"}
2024-02-25 20:26:38,791{GMT}	INFO	[jepsen worker 0] jepsen.util: 0	:invoke	:echo	"Please echo 103"
2024-02-25 20:26:38,793{GMT}	INFO	[jepsen worker 0] jepsen.util: 0	:ok	:echo	{:echo "Please echo 103", :in_reply_to 3, :msg_id 3, :type "echo_ok"}
2024-02-25 20:26:38,998{GMT}	INFO	[jepsen worker 0] jepsen.util: 0	:invoke	:echo	"Please echo 68"
2024-02-25 20:26:38,999{GMT}	INFO	[jepsen worker 0] jepsen.util: 0	:ok	:echo	{:echo "Please echo 68", :in_reply_to 4, :msg_id 4, :type "echo_ok"}
2024-02-25 20:26:39,219{GMT}	INFO	[jepsen worker 1] jepsen.util: 1	:invoke	:echo	"Please echo 20"
2024-02-25 20:26:39,221{GMT}	INFO	[jepsen worker 1] jepsen.util: 1	:ok	:echo	{:echo "Please echo 20", :in_reply_to 3, :msg_id 3, :type "echo_ok"}
2024-02-25 20:26:39,317{GMT}	INFO	[jepsen worker 0] jepsen.util: 0	:invoke	:echo	"Please echo 23"
2024-02-25 20:26:39,319{GMT}	INFO	[jepsen worker 0] jepsen.util: 0	:ok	:echo	{:echo "Please echo 23", :in_reply_to 5, :msg_id 5, :type "echo_ok"}
2024-02-25 20:26:39,623{GMT}	INFO	[jepsen worker 1] jepsen.util: 1	:invoke	:echo	"Please echo 26"
2024-02-25 20:26:39,625{GMT}	INFO	[jepsen worker 1] jepsen.util: 1	:ok	:echo	{:echo "Please echo 26", :in_reply_to 4, :msg_id 4, :type "echo_ok"}
2024-02-25 20:26:39,950{GMT}	INFO	[jepsen worker 1] jepsen.util: 1	:invoke	:echo	"Please echo 39"
2024-02-25 20:26:39,952{GMT}	INFO	[jepsen worker 1] jepsen.util: 1	:ok	:echo	{:echo "Please echo 39", :in_reply_to 5, :msg_id 5, :type "echo_ok"}
2024-02-25 20:26:40,116{GMT}	INFO	[jepsen worker 1] jepsen.util: 1	:invoke	:echo	"Please echo 10"
2024-02-25 20:26:40,118{GMT}	INFO	[jepsen worker 1] jepsen.util: 1	:ok	:echo	{:echo "Please echo 10", :in_reply_to 6, :msg_id 6, :type "echo_ok"}
2024-02-25 20:26:40,411{GMT}	INFO	[jepsen worker 1] jepsen.util: 1	:invoke	:echo	"Please echo 127"
2024-02-25 20:26:40,413{GMT}	INFO	[jepsen worker 1] jepsen.util: 1	:ok	:echo	{:echo "Please echo 127", :in_reply_to 7, :msg_id 7, :type "echo_ok"}
2024-02-25 20:26:40,569{GMT}	INFO	[jepsen worker 1] jepsen.util: 1	:invoke	:echo	"Please echo 85"
2024-02-25 20:26:40,570{GMT}	INFO	[jepsen worker 1] jepsen.util: 1	:ok	:echo	{:echo "Please echo 85", :in_reply_to 8, :msg_id 8, :type "echo_ok"}
2024-02-25 20:26:40,923{GMT}	INFO	[jepsen worker 1] jepsen.util: 1	:invoke	:echo	"Please echo 97"
2024-02-25 20:26:40,925{GMT}	INFO	[jepsen worker 1] jepsen.util: 1	:ok	:echo	{:echo "Please echo 97", :in_reply_to 9, :msg_id 9, :type "echo_ok"}
2024-02-25 20:26:40,950{GMT}	INFO	[jepsen worker 1] jepsen.util: 1	:invoke	:echo	"Please echo 69"
2024-02-25 20:26:40,952{GMT}	INFO	[jepsen worker 1] jepsen.util: 1	:ok	:echo	{:echo "Please echo 69", :in_reply_to 10, :msg_id 10, :type "echo_ok"}
2024-02-25 20:26:41,030{GMT}	INFO	[jepsen worker 1] jepsen.util: 1	:invoke	:echo	"Please echo 59"
2024-02-25 20:26:41,031{GMT}	INFO	[jepsen worker 1] jepsen.util: 1	:ok	:echo	{:echo "Please echo 59", :in_reply_to 11, :msg_id 11, :type "echo_ok"}
2024-02-25 20:26:41,240{GMT}	INFO	[jepsen worker 1] jepsen.util: 1	:invoke	:echo	"Please echo 29"
2024-02-25 20:26:41,242{GMT}	INFO	[jepsen worker 1] jepsen.util: 1	:ok	:echo	{:echo "Please echo 29", :in_reply_to 12, :msg_id 12, :type "echo_ok"}
2024-02-25 20:26:41,600{GMT}	INFO	[jepsen worker 0] jepsen.util: 0	:invoke	:echo	"Please echo 43"
2024-02-25 20:26:41,602{GMT}	INFO	[jepsen worker 0] jepsen.util: 0	:ok	:echo	{:echo "Please echo 43", :in_reply_to 6, :msg_id 6, :type "echo_ok"}
2024-02-25 20:26:41,973{GMT}	INFO	[jepsen worker 1] jepsen.util: 1	:invoke	:echo	"Please echo 120"
2024-02-25 20:26:41,975{GMT}	INFO	[jepsen worker 1] jepsen.util: 1	:ok	:echo	{:echo "Please echo 120", :in_reply_to 13, :msg_id 13, :type "echo_ok"}
2024-02-25 20:26:42,250{GMT}	INFO	[jepsen worker 1] jepsen.util: 1	:invoke	:echo	"Please echo 85"
2024-02-25 20:26:42,252{GMT}	INFO	[jepsen worker 1] jepsen.util: 1	:ok	:echo	{:echo "Please echo 85", :in_reply_to 14, :msg_id 14, :type "echo_ok"}
2024-02-25 20:26:42,323{GMT}	INFO	[jepsen worker 0] jepsen.util: 0	:invoke	:echo	"Please echo 52"
2024-02-25 20:26:42,325{GMT}	INFO	[jepsen worker 0] jepsen.util: 0	:ok	:echo	{:echo "Please echo 52", :in_reply_to 7, :msg_id 7, :type "echo_ok"}
2024-02-25 20:26:42,508{GMT}	INFO	[jepsen worker 1] jepsen.util: 1	:invoke	:echo	"Please echo 43"
2024-02-25 20:26:42,510{GMT}	INFO	[jepsen worker 1] jepsen.util: 1	:ok	:echo	{:echo "Please echo 43", :in_reply_to 15, :msg_id 15, :type "echo_ok"}
2024-02-25 20:26:42,876{GMT}	INFO	[jepsen worker 1] jepsen.util: 1	:invoke	:echo	"Please echo 121"
2024-02-25 20:26:42,877{GMT}	INFO	[jepsen worker 1] jepsen.util: 1	:ok	:echo	{:echo "Please echo 121", :in_reply_to 16, :msg_id 16, :type "echo_ok"}
2024-02-25 20:26:43,118{GMT}	INFO	[jepsen worker 0] jepsen.util: 0	:invoke	:echo	"Please echo 35"
2024-02-25 20:26:43,120{GMT}	INFO	[jepsen worker 0] jepsen.util: 0	:ok	:echo	{:echo "Please echo 35", :in_reply_to 8, :msg_id 8, :type "echo_ok"}
2024-02-25 20:26:43,480{GMT}	INFO	[jepsen worker 0] jepsen.util: 0	:invoke	:echo	"Please echo 99"
2024-02-25 20:26:43,481{GMT}	INFO	[jepsen worker 0] jepsen.util: 0	:ok	:echo	{:echo "Please echo 99", :in_reply_to 9, :msg_id 9, :type "echo_ok"}
2024-02-25 20:26:43,856{GMT}	INFO	[jepsen worker 1] jepsen.util: 1	:invoke	:echo	"Please echo 37"
2024-02-25 20:26:43,857{GMT}	INFO	[jepsen worker 1] jepsen.util: 1	:ok	:echo	{:echo "Please echo 37", :in_reply_to 17, :msg_id 17, :type "echo_ok"}
2024-02-25 20:26:44,217{GMT}	INFO	[jepsen worker 0] jepsen.util: 0	:invoke	:echo	"Please echo 1"
2024-02-25 20:26:44,219{GMT}	INFO	[jepsen worker 0] jepsen.util: 0	:ok	:echo	{:echo "Please echo 1", :in_reply_to 10, :msg_id 10, :type "echo_ok"}
2024-02-25 20:26:44,535{GMT}	INFO	[jepsen worker 0] jepsen.util: 0	:invoke	:echo	"Please echo 95"
2024-02-25 20:26:44,537{GMT}	INFO	[jepsen worker 0] jepsen.util: 0	:ok	:echo	{:echo "Please echo 95", :in_reply_to 11, :msg_id 11, :type "echo_ok"}
2024-02-25 20:26:44,873{GMT}	INFO	[jepsen worker 1] jepsen.util: 1	:invoke	:echo	"Please echo 66"
2024-02-25 20:26:44,875{GMT}	INFO	[jepsen worker 1] jepsen.util: 1	:ok	:echo	{:echo "Please echo 66", :in_reply_to 18, :msg_id 18, :type "echo_ok"}
2024-02-25 20:26:45,198{GMT}	INFO	[jepsen worker 1] jepsen.util: 1	:invoke	:echo	"Please echo 22"
2024-02-25 20:26:45,200{GMT}	INFO	[jepsen worker 1] jepsen.util: 1	:ok	:echo	{:echo "Please echo 22", :in_reply_to 19, :msg_id 19, :type "echo_ok"}
2024-02-25 20:26:45,502{GMT}	INFO	[jepsen worker 0] jepsen.util: 0	:invoke	:echo	"Please echo 13"
2024-02-25 20:26:45,504{GMT}	INFO	[jepsen worker 0] jepsen.util: 0	:ok	:echo	{:echo "Please echo 13", :in_reply_to 12, :msg_id 12, :type "echo_ok"}
2024-02-25 20:26:45,682{GMT}	INFO	[jepsen worker 1] jepsen.util: 1	:invoke	:echo	"Please echo 89"
2024-02-25 20:26:45,684{GMT}	INFO	[jepsen worker 1] jepsen.util: 1	:ok	:echo	{:echo "Please echo 89", :in_reply_to 20, :msg_id 20, :type "echo_ok"}
2024-02-25 20:26:46,037{GMT}	INFO	[jepsen worker 1] jepsen.util: 1	:invoke	:echo	"Please echo 107"
2024-02-25 20:26:46,039{GMT}	INFO	[jepsen worker 1] jepsen.util: 1	:ok	:echo	{:echo "Please echo 107", :in_reply_to 21, :msg_id 21, :type "echo_ok"}
2024-02-25 20:26:46,187{GMT}	INFO	[jepsen worker 0] jepsen.util: 0	:invoke	:echo	"Please echo 122"
2024-02-25 20:26:46,189{GMT}	INFO	[jepsen worker 0] jepsen.util: 0	:ok	:echo	{:echo "Please echo 122", :in_reply_to 13, :msg_id 13, :type "echo_ok"}
2024-02-25 20:26:46,564{GMT}	INFO	[jepsen worker 0] jepsen.util: 0	:invoke	:echo	"Please echo 39"
2024-02-25 20:26:46,565{GMT}	INFO	[jepsen worker 0] jepsen.util: 0	:ok	:echo	{:echo "Please echo 39", :in_reply_to 14, :msg_id 14, :type "echo_ok"}
2024-02-25 20:26:46,595{GMT}	INFO	[jepsen worker 1] jepsen.util: 1	:invoke	:echo	"Please echo 85"
2024-02-25 20:26:46,596{GMT}	INFO	[jepsen worker 1] jepsen.util: 1	:ok	:echo	{:echo "Please echo 85", :in_reply_to 22, :msg_id 22, :type "echo_ok"}
2024-02-25 20:26:46,714{GMT}	INFO	[jepsen worker 0] jepsen.util: 0	:invoke	:echo	"Please echo 35"
2024-02-25 20:26:46,716{GMT}	INFO	[jepsen worker 0] jepsen.util: 0	:ok	:echo	{:echo "Please echo 35", :in_reply_to 15, :msg_id 15, :type "echo_ok"}
2024-02-25 20:26:46,910{GMT}	INFO	[jepsen worker 1] jepsen.util: 1	:invoke	:echo	"Please echo 30"
2024-02-25 20:26:46,912{GMT}	INFO	[jepsen worker 1] jepsen.util: 1	:ok	:echo	{:echo "Please echo 30", :in_reply_to 23, :msg_id 23, :type "echo_ok"}
2024-02-25 20:26:47,178{GMT}	INFO	[jepsen worker 1] jepsen.util: 1	:invoke	:echo	"Please echo 17"
2024-02-25 20:26:47,179{GMT}	INFO	[jepsen worker 1] jepsen.util: 1	:ok	:echo	{:echo "Please echo 17", :in_reply_to 24, :msg_id 24, :type "echo_ok"}
2024-02-25 20:26:47,307{GMT}	INFO	[jepsen worker 1] jepsen.util: 1	:invoke	:echo	"Please echo 118"
2024-02-25 20:26:47,308{GMT}	INFO	[jepsen worker 1] jepsen.util: 1	:ok	:echo	{:echo "Please echo 118", :in_reply_to 25, :msg_id 25, :type "echo_ok"}
2024-02-25 20:26:47,526{GMT}	INFO	[jepsen worker 1] jepsen.util: 1	:invoke	:echo	"Please echo 48"
2024-02-25 20:26:47,528{GMT}	INFO	[jepsen worker 1] jepsen.util: 1	:ok	:echo	{:echo "Please echo 48", :in_reply_to 26, :msg_id 26, :type "echo_ok"}
2024-02-25 20:26:47,794{GMT}	INFO	[jepsen worker 0] jepsen.util: 0	:invoke	:echo	"Please echo 7"
2024-02-25 20:26:47,796{GMT}	INFO	[jepsen worker 0] jepsen.util: 0	:ok	:echo	{:echo "Please echo 7", :in_reply_to 16, :msg_id 16, :type "echo_ok"}
2024-02-25 20:26:48,046{GMT}	INFO	[jepsen worker 1] jepsen.util: 1	:invoke	:echo	"Please echo 58"
2024-02-25 20:26:48,048{GMT}	INFO	[jepsen worker 1] jepsen.util: 1	:ok	:echo	{:echo "Please echo 58", :in_reply_to 27, :msg_id 27, :type "echo_ok"}
2024-02-25 20:26:48,081{GMT}	INFO	[jepsen test runner] jepsen.core: Run complete, writing
2024-02-25 20:26:48,153{GMT}	INFO	[jepsen node n0] maelstrom.db: Tearing down n0
2024-02-25 20:26:48,153{GMT}	INFO	[jepsen node n1] maelstrom.db: Tearing down n1
2024-02-25 20:26:49,752{GMT}	INFO	[jepsen node n0] maelstrom.net: Shutting down Maelstrom network
2024-02-25 20:26:49,753{GMT}	INFO	[jepsen test runner] jepsen.core: Analyzing...
2024-02-25 20:26:50,075{GMT}	INFO	[jepsen test runner] jepsen.core: Analysis complete
2024-02-25 20:26:50,098{GMT}	INFO	[jepsen results] jepsen.store: Wrote /Users/aca123321/Desktop/Personal/Fly io distriibuted systems challenges/maelstrom/store/echo/20240225T202635.160+0530/results.edn
2024-02-25 20:26:50,188{GMT}	INFO	[jepsen test runner] jepsen.core: {:perf {:latency-graph {:valid? true},
        :rate-graph {:valid? true},
        :valid? true},
 :timeline {:valid? true},
 :exceptions {:valid? true},
 :stats {:valid? true,
         :count 43,
         :ok-count 43,
         :fail-count 0,
         :info-count 0,
         :by-f {:echo {:valid? true,
                       :count 43,
                       :ok-count 43,
                       :fail-count 0,
                       :info-count 0}}},
 :availability {:valid? true, :ok-fraction 1.0},
 :net {:all {:send-count 90,
             :recv-count 90,
             :msg-count 90,
             :msgs-per-op 2.0930233},
       :clients {:send-count 90, :recv-count 90, :msg-count 90},
       :servers {:send-count 0,
                 :recv-count 0,
                 :msg-count 0,
                 :msgs-per-op 0.0},
       :valid? true},
 :workload {:valid? true, :errors ()},
 :valid? true}


Everything looks good! ヽ(‘ー`)ノ
