2024-02-26 00:04:51,936{GMT}	INFO	[jepsen test runner] jepsen.core: Command line:
lein run test -w unique-ids --bin /Users/aca123321/go/bin/unique-id-generation --time-limit 30 --rate 1000 --node-count 3 --availability total --nemesis partition
2024-02-26 00:04:52,012{GMT}	INFO	[jepsen test runner] jepsen.core: Running test:
{:args []
 :remote
 #jepsen.control.retry.Remote{:remote #jepsen.control.scp.Remote{:cmd-remote #jepsen.control.sshj.SSHJRemote{:concurrency-limit 6,
                                                                                                             :conn-spec nil,
                                                                                                             :client nil,
                                                                                                             :semaphore nil},
                                                                 :conn-spec nil},
                              :conn nil}
 :log-net-send false
 :node-count 3
 :availability :total
 :max-txn-length 4
 :concurrency 3
 :db
 #object[maelstrom.db$db$reify__16142
         "0x5e05064b"
         "maelstrom.db$db$reify__16142@5e05064b"]
 :max-writes-per-key 16
 :leave-db-running? false
 :name "unique-ids"
 :logging-json? false
 :start-time
 #object[org.joda.time.DateTime "0x1d628a88" "2024-02-26T00:04:51.891+05:30"]
 :nemesis-interval 10
 :net
 #object[maelstrom.net$jepsen_net$reify__15251
         "0x3c634a04"
         "maelstrom.net$jepsen_net$reify__15251@3c634a04"]
 :client
 #object[maelstrom.workload.unique_ids$client$reify__20074
         "0x4b48be5c"
         "maelstrom.workload.unique_ids$client$reify__20074@4b48be5c"]
 :barrier
 #object[java.util.concurrent.CyclicBarrier
         "0x3fe8d57a"
         "java.util.concurrent.CyclicBarrier@3fe8d57a"]
 :log-stderr false
 :pure-generators true
 :ssh {:dummy? true}
 :rate 1000.0
 :checker
 #object[jepsen.checker$compose$reify__11881
         "0x36573ec5"
         "jepsen.checker$compose$reify__11881@36573ec5"]
 :argv
 ("test"
  "-w"
  "unique-ids"
  "--bin"
  "/Users/aca123321/go/bin/unique-id-generation"
  "--time-limit"
  "30"
  "--rate"
  "1000"
  "--node-count"
  "3"
  "--availability"
  "total"
  "--nemesis"
  "partition")
 :nemesis
 (jepsen.nemesis.ReflCompose
  {:fm {:start-partition 0,
        :stop-partition 0,
        :kill 1,
        :start 1,
        :pause 1,
        :resume 1},
   :nemeses [#unprintable "jepsen.nemesis.combined$partition_nemesis$reify__16416@10c26161"
             #unprintable "jepsen.nemesis.combined$db_nemesis$reify__16397@1ef6977b"]})
 :nodes ["n0" "n1" "n2"]
 :test-count 1
 :latency {:mean 0, :dist :constant}
 :bin "/Users/aca123321/go/bin/unique-id-generation"
 :generator
 (jepsen.generator.TimeLimit
  {:limit 30000000000,
   :cutoff nil,
   :gen (jepsen.generator.Any
         {:gens [(jepsen.generator.OnThreads
                  {:f #{:nemesis},
                   :context-filter #object[jepsen.generator.context$make_thread_filter$lazy_filter__9167
                                           "0x771c4015"
                                           "jepsen.generator.context$make_thread_filter$lazy_filter__9167@771c4015"],
                   :gen (jepsen.generator.Stagger
                         {:dt 20000000000,
                          :next-time nil,
                          :gen (jepsen.generator.FlipFlop
                                {:gens [#object[jepsen.nemesis.combined$partition_package$start__16420
                                                "0x34d776eb"
                                                "jepsen.nemesis.combined$partition_package$start__16420@34d776eb"]
                                        ({:type :info,
                                          :f :stop-partition,
                                          :value nil}
                                         {:type :info,
                                          :f :stop-partition,
                                          :value nil}
                                         {:type :info,
                                          :f :stop-partition,
                                          :value nil}
                                         {:type :info,
                                          :f :stop-partition,
                                          :value nil}
                                         {:type :info,
                                          :f :stop-partition,
                                          :value nil}
                                         {:type :info,
                                          :f :stop-partition,
                                          :value nil}
                                         {:type :info,
                                          :f :stop-partition,
                                          :value nil}
                                         {:type :info,
                                          :f :stop-partition,
                                          :value nil}
                                         ...)],
                                 :i 0})})})
                 (jepsen.generator.OnThreads
                  {:f #jepsen.generator.context.AllBut{:element :nemesis},
                   :context-filter #object[jepsen.generator.context$make_thread_filter$lazy_filter__9167
                                           "0x17734113"
                                           "jepsen.generator.context$make_thread_filter$lazy_filter__9167@17734113"],
                   :gen (jepsen.generator.Stagger
                         {:dt 2000000,
                          :next-time nil,
                          :gen (jepsen.generator.Repeat
                                {:remaining -1, :gen {:f :generate}})})})]})})
 :log-net-recv false
 :os
 #object[maelstrom.net$jepsen_os$reify__15254
         "0x27aa700"
         "maelstrom.net$jepsen_os$reify__15254@27aa700"]
 :time-limit 30
 :workload :unique-ids
 :consistency-models [:strict-serializable]
 :topology :grid}

2024-02-26 00:04:54,544{GMT}	INFO	[jepsen node n0] maelstrom.net: Starting Maelstrom network
2024-02-26 00:04:54,545{GMT}	INFO	[jepsen test runner] jepsen.db: Tearing down DB
2024-02-26 00:04:54,547{GMT}	INFO	[jepsen test runner] jepsen.db: Setting up DB
2024-02-26 00:04:54,548{GMT}	INFO	[jepsen node n1] maelstrom.db: Setting up n1
2024-02-26 00:04:54,548{GMT}	INFO	[jepsen node n2] maelstrom.db: Setting up n2
2024-02-26 00:04:54,549{GMT}	INFO	[jepsen node n1] maelstrom.process: launching /Users/aca123321/go/bin/unique-id-generation []
2024-02-26 00:04:54,549{GMT}	INFO	[jepsen node n2] maelstrom.process: launching /Users/aca123321/go/bin/unique-id-generation []
2024-02-26 00:04:54,550{GMT}	INFO	[jepsen node n0] maelstrom.service: Starting services: (lin-kv lin-tso lww-kv seq-kv)
2024-02-26 00:04:54,554{GMT}	INFO	[jepsen node n0] maelstrom.db: Setting up n0
2024-02-26 00:04:54,554{GMT}	INFO	[jepsen node n0] maelstrom.process: launching /Users/aca123321/go/bin/unique-id-generation []
2024-02-26 00:04:54,585{GMT}	INFO	[jepsen test runner] jepsen.core: Relative time begins now
2024-02-26 00:04:54,601{GMT}	INFO	[jepsen worker nemesis] jepsen.util: :nemesis	:info	:start-partition	:majorities-ring
2024-02-26 00:04:54,601{GMT}	INFO	[jepsen worker 0] jepsen.util: 0	:invoke	:generate	nil
2024-02-26 00:04:54,601{GMT}	INFO	[jepsen worker 2] jepsen.util: 2	:invoke	:generate	nil
2024-02-26 00:04:54,603{GMT}	INFO	[jepsen worker 1] jepsen.util: 1	:invoke	:generate	nil
2024-02-26 00:04:54,607{GMT}	INFO	[jepsen worker nemesis] jepsen.util: :nemesis	:info	:start-partition	[:isolated {"n1" #{"n2"}, "n2" #{"n0"}, "n0" #{"n1"}}]
2024-02-26 00:04:59,604{GMT}	INFO	[jepsen worker 0] jepsen.util: 0	:info	:generate	nil	:net-timeout
2024-02-26 00:04:59,605{GMT}	INFO	[jepsen worker 0] jepsen.util: 3	:invoke	:generate	nil
2024-02-26 00:04:59,604{GMT}	INFO	[jepsen worker 2] jepsen.util: 2	:info	:generate	nil	:net-timeout
2024-02-26 00:04:59,606{GMT}	INFO	[jepsen worker 1] jepsen.util: 1	:info	:generate	nil	:net-timeout
2024-02-26 00:04:59,606{GMT}	INFO	[jepsen worker 2] jepsen.util: 5	:invoke	:generate	nil
2024-02-26 00:04:59,607{GMT}	INFO	[jepsen worker 1] jepsen.util: 4	:invoke	:generate	nil
2024-02-26 00:05:03,251{GMT}	INFO	[jepsen worker nemesis] jepsen.util: :nemesis	:info	:stop-partition	nil
2024-02-26 00:05:03,252{GMT}	INFO	[jepsen worker nemesis] jepsen.util: :nemesis	:info	:stop-partition	:network-healed
2024-02-26 00:05:04,605{GMT}	INFO	[jepsen worker 0] jepsen.util: 3	:info	:generate	nil	:net-timeout
2024-02-26 00:05:04,606{GMT}	INFO	[jepsen worker 0] jepsen.util: 6	:invoke	:generate	nil
2024-02-26 00:05:04,611{GMT}	INFO	[jepsen worker 2] jepsen.util: 5	:info	:generate	nil	:net-timeout
2024-02-26 00:05:04,611{GMT}	INFO	[jepsen worker 1] jepsen.util: 4	:info	:generate	nil	:net-timeout
2024-02-26 00:05:04,612{GMT}	INFO	[jepsen worker 2] jepsen.util: 8	:invoke	:generate	nil
2024-02-26 00:05:04,614{GMT}	INFO	[jepsen worker 1] jepsen.util: 7	:invoke	:generate	nil
2024-02-26 00:05:06,247{GMT}	INFO	[Jepsen shutdown hook] jepsen.core: Downloading DB logs before JVM shutdown...
