2024/02/25 19:57:33 Received {c1 n0 {"type":"init","node_id":"n0","node_ids":["n0","n1"],"msg_id":1}}
2024/02/25 19:57:33 Node n0 initialized
2024/02/25 19:57:33 Sent {"src":"n0","dest":"c1","body":{"in_reply_to":1,"type":"init_ok"}}
2024/02/25 19:57:34 Received {c5 n0 {"echo":"Please echo 90","type":"echo","msg_id":1}}
2024/02/25 19:57:34 Sent {"src":"n0","dest":"c5","body":{"echo":"Please echo 90","in_reply_to":1,"msg_id":1,"type":"echo_ok"}}
2024/02/25 19:57:34 Received {c5 n0 {"echo":"Please echo 85","type":"echo","msg_id":2}}
2024/02/25 19:57:34 Sent {"src":"n0","dest":"c5","body":{"echo":"Please echo 85","in_reply_to":2,"msg_id":2,"type":"echo_ok"}}
2024/02/25 19:57:35 Received {c5 n0 {"echo":"Please echo 106","type":"echo","msg_id":3}}
2024/02/25 19:57:35 Sent {"src":"n0","dest":"c5","body":{"echo":"Please echo 106","in_reply_to":3,"msg_id":3,"type":"echo_ok"}}
2024/02/25 19:57:35 Received {c5 n0 {"echo":"Please echo 6","type":"echo","msg_id":4}}
2024/02/25 19:57:35 Sent {"src":"n0","dest":"c5","body":{"echo":"Please echo 6","in_reply_to":4,"msg_id":4,"type":"echo_ok"}}
2024/02/25 19:57:36 Received {c5 n0 {"echo":"Please echo 78","type":"echo","msg_id":5}}
2024/02/25 19:57:36 Sent {"src":"n0","dest":"c5","body":{"echo":"Please echo 78","in_reply_to":5,"msg_id":5,"type":"echo_ok"}}
2024/02/25 19:57:36 Received {c5 n0 {"echo":"Please echo 63","type":"echo","msg_id":6}}
2024/02/25 19:57:36 Sent {"src":"n0","dest":"c5","body":{"echo":"Please echo 63","in_reply_to":6,"msg_id":6,"type":"echo_ok"}}
2024/02/25 19:57:36 Received {c5 n0 {"echo":"Please echo 54","type":"echo","msg_id":7}}
2024/02/25 19:57:36 Sent {"src":"n0","dest":"c5","body":{"echo":"Please echo 54","in_reply_to":7,"msg_id":7,"type":"echo_ok"}}
2024/02/25 19:57:37 Received {c5 n0 {"echo":"Please echo 114","type":"echo","msg_id":8}}
2024/02/25 19:57:37 Sent {"src":"n0","dest":"c5","body":{"echo":"Please echo 114","in_reply_to":8,"msg_id":8,"type":"echo_ok"}}
2024/02/25 19:57:37 Received {c5 n0 {"echo":"Please echo 87","type":"echo","msg_id":9}}
2024/02/25 19:57:37 Sent {"src":"n0","dest":"c5","body":{"echo":"Please echo 87","in_reply_to":9,"msg_id":9,"type":"echo_ok"}}
2024/02/25 19:57:38 Received {c5 n0 {"echo":"Please echo 30","type":"echo","msg_id":10}}
2024/02/25 19:57:38 Sent {"src":"n0","dest":"c5","body":{"echo":"Please echo 30","in_reply_to":10,"msg_id":10,"type":"echo_ok"}}
2024/02/25 19:57:38 Received {c5 n0 {"echo":"Please echo 106","type":"echo","msg_id":11}}
2024/02/25 19:57:38 Sent {"src":"n0","dest":"c5","body":{"echo":"Please echo 106","in_reply_to":11,"msg_id":11,"type":"echo_ok"}}
2024/02/25 19:57:38 Received {c5 n0 {"echo":"Please echo 32","type":"echo","msg_id":12}}
2024/02/25 19:57:38 Sent {"src":"n0","dest":"c5","body":{"echo":"Please echo 32","in_reply_to":12,"msg_id":12,"type":"echo_ok"}}
2024/02/25 19:57:38 Received {c5 n0 {"echo":"Please echo 77","type":"echo","msg_id":13}}
2024/02/25 19:57:38 Sent {"src":"n0","dest":"c5","body":{"echo":"Please echo 77","in_reply_to":13,"msg_id":13,"type":"echo_ok"}}
2024/02/25 19:57:39 Received {c5 n0 {"echo":"Please echo 127","type":"echo","msg_id":14}}
2024/02/25 19:57:39 Sent {"src":"n0","dest":"c5","body":{"echo":"Please echo 127","in_reply_to":14,"msg_id":14,"type":"echo_ok"}}
2024/02/25 19:57:40 Received {c5 n0 {"echo":"Please echo 67","type":"echo","msg_id":15}}
2024/02/25 19:57:40 Sent {"src":"n0","dest":"c5","body":{"echo":"Please echo 67","in_reply_to":15,"msg_id":15,"type":"echo_ok"}}
2024/02/25 19:57:40 Received {c5 n0 {"echo":"Please echo 52","type":"echo","msg_id":16}}
2024/02/25 19:57:40 Sent {"src":"n0","dest":"c5","body":{"echo":"Please echo 52","in_reply_to":16,"msg_id":16,"type":"echo_ok"}}
2024/02/25 19:57:41 Received {c5 n0 {"echo":"Please echo 90","type":"echo","msg_id":17}}
2024/02/25 19:57:41 Sent {"src":"n0","dest":"c5","body":{"echo":"Please echo 90","in_reply_to":17,"msg_id":17,"type":"echo_ok"}}
2024/02/25 19:57:41 Received {c5 n0 {"echo":"Please echo 106","type":"echo","msg_id":18}}
2024/02/25 19:57:41 Sent {"src":"n0","dest":"c5","body":{"echo":"Please echo 106","in_reply_to":18,"msg_id":18,"type":"echo_ok"}}
2024/02/25 19:57:41 Received {c5 n0 {"echo":"Please echo 125","type":"echo","msg_id":19}}
2024/02/25 19:57:41 Sent {"src":"n0","dest":"c5","body":{"echo":"Please echo 125","in_reply_to":19,"msg_id":19,"type":"echo_ok"}}
2024/02/25 19:57:41 Received {c5 n0 {"echo":"Please echo 70","type":"echo","msg_id":20}}
2024/02/25 19:57:41 Sent {"src":"n0","dest":"c5","body":{"echo":"Please echo 70","in_reply_to":20,"msg_id":20,"type":"echo_ok"}}
2024/02/25 19:57:42 Received {c5 n0 {"echo":"Please echo 124","type":"echo","msg_id":21}}
2024/02/25 19:57:42 Sent {"src":"n0","dest":"c5","body":{"echo":"Please echo 124","in_reply_to":21,"msg_id":21,"type":"echo_ok"}}
2024/02/25 19:57:42 Received {c5 n0 {"echo":"Please echo 123","type":"echo","msg_id":22}}
2024/02/25 19:57:42 Sent {"src":"n0","dest":"c5","body":{"echo":"Please echo 123","in_reply_to":22,"msg_id":22,"type":"echo_ok"}}
2024/02/25 19:57:43 Received {c5 n0 {"echo":"Please echo 58","type":"echo","msg_id":23}}
2024/02/25 19:57:43 Sent {"src":"n0","dest":"c5","body":{"echo":"Please echo 58","in_reply_to":23,"msg_id":23,"type":"echo_ok"}}
