2024/02/25 19:57:33 Received {c0 n1 {"type":"init","node_id":"n1","node_ids":["n0","n1"],"msg_id":1}}
2024/02/25 19:57:33 Node n1 initialized
2024/02/25 19:57:33 Sent {"src":"n1","dest":"c0","body":{"in_reply_to":1,"type":"init_ok"}}
2024/02/25 19:57:33 Received {c4 n1 {"echo":"Please echo 3","type":"echo","msg_id":1}}
2024/02/25 19:57:33 Sent {"src":"n1","dest":"c4","body":{"echo":"Please echo 3","in_reply_to":1,"msg_id":1,"type":"echo_ok"}}
2024/02/25 19:57:34 Received {c4 n1 {"echo":"Please echo 25","type":"echo","msg_id":2}}
2024/02/25 19:57:34 Sent {"src":"n1","dest":"c4","body":{"echo":"Please echo 25","in_reply_to":2,"msg_id":2,"type":"echo_ok"}}
2024/02/25 19:57:34 Received {c4 n1 {"echo":"Please echo 26","type":"echo","msg_id":3}}
2024/02/25 19:57:34 Sent {"src":"n1","dest":"c4","body":{"echo":"Please echo 26","in_reply_to":3,"msg_id":3,"type":"echo_ok"}}
2024/02/25 19:57:34 Received {c4 n1 {"echo":"Please echo 50","type":"echo","msg_id":4}}
2024/02/25 19:57:34 Sent {"src":"n1","dest":"c4","body":{"echo":"Please echo 50","in_reply_to":4,"msg_id":4,"type":"echo_ok"}}
2024/02/25 19:57:34 Received {c4 n1 {"echo":"Please echo 80","type":"echo","msg_id":5}}
2024/02/25 19:57:34 Sent {"src":"n1","dest":"c4","body":{"echo":"Please echo 80","in_reply_to":5,"msg_id":5,"type":"echo_ok"}}
2024/02/25 19:57:35 Received {c4 n1 {"echo":"Please echo 90","type":"echo","msg_id":6}}
2024/02/25 19:57:35 Sent {"src":"n1","dest":"c4","body":{"echo":"Please echo 90","in_reply_to":6,"msg_id":6,"type":"echo_ok"}}
2024/02/25 19:57:35 Received {c4 n1 {"echo":"Please echo 121","type":"echo","msg_id":7}}
2024/02/25 19:57:35 Sent {"src":"n1","dest":"c4","body":{"echo":"Please echo 121","in_reply_to":7,"msg_id":7,"type":"echo_ok"}}
2024/02/25 19:57:36 Received {c4 n1 {"echo":"Please echo 24","type":"echo","msg_id":8}}
2024/02/25 19:57:36 Sent {"src":"n1","dest":"c4","body":{"echo":"Please echo 24","in_reply_to":8,"msg_id":8,"type":"echo_ok"}}
2024/02/25 19:57:37 Received {c4 n1 {"echo":"Please echo 90","type":"echo","msg_id":9}}
2024/02/25 19:57:37 Sent {"src":"n1","dest":"c4","body":{"echo":"Please echo 90","in_reply_to":9,"msg_id":9,"type":"echo_ok"}}
2024/02/25 19:57:38 Received {c4 n1 {"echo":"Please echo 68","type":"echo","msg_id":10}}
2024/02/25 19:57:38 Sent {"src":"n1","dest":"c4","body":{"echo":"Please echo 68","in_reply_to":10,"msg_id":10,"type":"echo_ok"}}
2024/02/25 19:57:38 Received {c4 n1 {"echo":"Please echo 116","type":"echo","msg_id":11}}
2024/02/25 19:57:38 Sent {"src":"n1","dest":"c4","body":{"echo":"Please echo 116","in_reply_to":11,"msg_id":11,"type":"echo_ok"}}
2024/02/25 19:57:39 Received {c4 n1 {"echo":"Please echo 61","type":"echo","msg_id":12}}
2024/02/25 19:57:39 Sent {"src":"n1","dest":"c4","body":{"echo":"Please echo 61","in_reply_to":12,"msg_id":12,"type":"echo_ok"}}
2024/02/25 19:57:39 Received {c4 n1 {"echo":"Please echo 42","type":"echo","msg_id":13}}
2024/02/25 19:57:39 Sent {"src":"n1","dest":"c4","body":{"echo":"Please echo 42","in_reply_to":13,"msg_id":13,"type":"echo_ok"}}
2024/02/25 19:57:39 Received {c4 n1 {"echo":"Please echo 121","type":"echo","msg_id":14}}
2024/02/25 19:57:39 Sent {"src":"n1","dest":"c4","body":{"echo":"Please echo 121","in_reply_to":14,"msg_id":14,"type":"echo_ok"}}
2024/02/25 19:57:39 Received {c4 n1 {"echo":"Please echo 13","type":"echo","msg_id":15}}
2024/02/25 19:57:39 Sent {"src":"n1","dest":"c4","body":{"echo":"Please echo 13","in_reply_to":15,"msg_id":15,"type":"echo_ok"}}
2024/02/25 19:57:39 Received {c4 n1 {"echo":"Please echo 42","type":"echo","msg_id":16}}
2024/02/25 19:57:39 Sent {"src":"n1","dest":"c4","body":{"echo":"Please echo 42","in_reply_to":16,"msg_id":16,"type":"echo_ok"}}
2024/02/25 19:57:40 Received {c4 n1 {"echo":"Please echo 17","type":"echo","msg_id":17}}
2024/02/25 19:57:40 Sent {"src":"n1","dest":"c4","body":{"echo":"Please echo 17","in_reply_to":17,"msg_id":17,"type":"echo_ok"}}
2024/02/25 19:57:41 Received {c4 n1 {"echo":"Please echo 72","type":"echo","msg_id":18}}
2024/02/25 19:57:41 Sent {"src":"n1","dest":"c4","body":{"echo":"Please echo 72","in_reply_to":18,"msg_id":18,"type":"echo_ok"}}
2024/02/25 19:57:41 Received {c4 n1 {"echo":"Please echo 92","type":"echo","msg_id":19}}
2024/02/25 19:57:41 Sent {"src":"n1","dest":"c4","body":{"echo":"Please echo 92","in_reply_to":19,"msg_id":19,"type":"echo_ok"}}
2024/02/25 19:57:41 Received {c4 n1 {"echo":"Please echo 30","type":"echo","msg_id":20}}
2024/02/25 19:57:41 Sent {"src":"n1","dest":"c4","body":{"echo":"Please echo 30","in_reply_to":20,"msg_id":20,"type":"echo_ok"}}
2024/02/25 19:57:42 Received {c4 n1 {"echo":"Please echo 17","type":"echo","msg_id":21}}
2024/02/25 19:57:42 Sent {"src":"n1","dest":"c4","body":{"echo":"Please echo 17","in_reply_to":21,"msg_id":21,"type":"echo_ok"}}
2024/02/25 19:57:42 Received {c4 n1 {"echo":"Please echo 33","type":"echo","msg_id":22}}
2024/02/25 19:57:42 Sent {"src":"n1","dest":"c4","body":{"echo":"Please echo 33","in_reply_to":22,"msg_id":22,"type":"echo_ok"}}
2024/02/25 19:57:43 Received {c4 n1 {"echo":"Please echo 101","type":"echo","msg_id":23}}
2024/02/25 19:57:43 Sent {"src":"n1","dest":"c4","body":{"echo":"Please echo 101","in_reply_to":23,"msg_id":23,"type":"echo_ok"}}
2024/02/25 19:57:43 Received {c4 n1 {"echo":"Please echo 116","type":"echo","msg_id":24}}
2024/02/25 19:57:43 Sent {"src":"n1","dest":"c4","body":{"echo":"Please echo 116","in_reply_to":24,"msg_id":24,"type":"echo_ok"}}
