2024-02-25 20:00:04,189{GMT}	INFO	[jepsen test runner] jepsen.core: Command line:
lein run test -w echo --bin /Users/aca123321/go/bin/maelstrom-echo --node-count 2 --time-limit 10
2024-02-25 20:00:04,252{GMT}	INFO	[jepsen test runner] jepsen.core: Running test:
{:args []
 :remote
 #jepsen.control.retry.Remote{:remote #jepsen.control.scp.Remote{:cmd-remote #jepsen.control.sshj.SSHJRemote{:concurrency-limit 6,
                                                                                                             :conn-spec nil,
                                                                                                             :client nil,
                                                                                                             :semaphore nil},
                                                                 :conn-spec nil},
                              :conn nil}
 :log-net-send false
 :node-count 2
 :availability nil
 :max-txn-length 4
 :concurrency 2
 :db
 #object[maelstrom.db$db$reify__16142
         "0x1d628a88"
         "maelstrom.db$db$reify__16142@1d628a88"]
 :max-writes-per-key 16
 :leave-db-running? false
 :name "echo"
 :logging-json? false
 :start-time
 #object[org.joda.time.DateTime "0x36573ec5" "2024-02-25T20:00:04.145+05:30"]
 :nemesis-interval 10
 :net
 #object[maelstrom.net$jepsen_net$reify__15251
         "0x10c26161"
         "maelstrom.net$jepsen_net$reify__15251@10c26161"]
 :client
 #object[maelstrom.workload.echo$client$reify__16863
         "0x1ef6977b"
         "maelstrom.workload.echo$client$reify__16863@1ef6977b"]
 :barrier
 #object[java.util.concurrent.CyclicBarrier
         "0x674cd2da"
         "java.util.concurrent.CyclicBarrier@674cd2da"]
 :log-stderr false
 :pure-generators true
 :ssh {:dummy? true}
 :rate 5
 :checker
 #object[jepsen.checker$compose$reify__11881
         "0x686279e0"
         "jepsen.checker$compose$reify__11881@686279e0"]
 :argv
 ("test"
  "-w"
  "echo"
  "--bin"
  "/Users/aca123321/go/bin/maelstrom-echo"
  "--node-count"
  "2"
  "--time-limit"
  "10")
 :nemesis
 (jepsen.nemesis.ReflCompose
  {:fm {:start-partition 0,
        :stop-partition 0,
        :kill 1,
        :start 1,
        :pause 1,
        :resume 1},
   :nemeses [#unprintable "jepsen.nemesis.combined$partition_nemesis$reify__16416@6b28d4e4"
             #unprintable "jepsen.nemesis.combined$db_nemesis$reify__16397@41cfcbb5"]})
 :nodes ["n0" "n1"]
 :test-count 1
 :latency {:mean 0, :dist :constant}
 :bin "/Users/aca123321/go/bin/maelstrom-echo"
 :generator
 (jepsen.generator.TimeLimit
  {:limit 10000000000,
   :cutoff nil,
   :gen (jepsen.generator.Any
         {:gens [(jepsen.generator.OnThreads
                  {:f #{:nemesis},
                   :context-filter #object[jepsen.generator.context$make_thread_filter$lazy_filter__9167
                                           "0x27aa700"
                                           "jepsen.generator.context$make_thread_filter$lazy_filter__9167@27aa700"],
                   :gen nil})
                 (jepsen.generator.OnThreads
                  {:f #jepsen.generator.context.AllBut{:element :nemesis},
                   :context-filter #object[jepsen.generator.context$make_thread_filter$lazy_filter__9167
                                           "0xd15f98a"
                                           "jepsen.generator.context$make_thread_filter$lazy_filter__9167@d15f98a"],
                   :gen (jepsen.generator.Stagger
                         {:dt 400000000,
                          :next-time nil,
                          :gen (jepsen.generator.EachThread
                                {:fresh-gen #object[maelstrom.workload.echo$workload$fn__16882
                                                    "0x704c3ca2"
                                                    "maelstrom.workload.echo$workload$fn__16882@704c3ca2"],
                                 :context-filters #object[clojure.core$promise$reify__8591
                                                          "0x7d3a9061"
                                                          {:status :pending,
                                                           :val nil}],
                                 :gens {}})})})]})})
 :log-net-recv false
 :os
 #object[maelstrom.net$jepsen_os$reify__15254
         "0x2a2f7a61"
         "maelstrom.net$jepsen_os$reify__15254@2a2f7a61"]
 :time-limit 10
 :workload :echo
 :consistency-models [:strict-serializable]
 :topology :grid}

2024-02-25 20:00:06,754{GMT}	INFO	[jepsen node n0] maelstrom.net: Starting Maelstrom network
2024-02-25 20:00:06,755{GMT}	INFO	[jepsen test runner] jepsen.db: Tearing down DB
2024-02-25 20:00:06,757{GMT}	INFO	[jepsen test runner] jepsen.db: Setting up DB
2024-02-25 20:00:06,758{GMT}	INFO	[jepsen node n1] maelstrom.db: Setting up n1
2024-02-25 20:00:06,758{GMT}	INFO	[jepsen node n1] maelstrom.process: launching /Users/aca123321/go/bin/maelstrom-echo []
2024-02-25 20:00:06,760{GMT}	INFO	[jepsen node n0] maelstrom.service: Starting services: (lin-kv lin-tso lww-kv seq-kv)
2024-02-25 20:00:06,761{GMT}	INFO	[jepsen node n0] maelstrom.db: Setting up n0
2024-02-25 20:00:06,762{GMT}	INFO	[jepsen node n0] maelstrom.process: launching /Users/aca123321/go/bin/maelstrom-echo []
2024-02-25 20:00:07,233{GMT}	INFO	[jepsen test runner] jepsen.core: Relative time begins now
2024-02-25 20:00:07,251{GMT}	INFO	[jepsen worker 1] jepsen.util: 1	:invoke	:echo	"Please echo 115"
2024-02-25 20:00:07,258{GMT}	INFO	[jepsen worker 1] jepsen.util: 1	:ok	:echo	{:echo "Please echo 115", :in_reply_to 1, :msg_id 1, :type "echo_ok"}
2024-02-25 20:00:07,333{GMT}	INFO	[jepsen worker 0] jepsen.util: 0	:invoke	:echo	"Please echo 121"
2024-02-25 20:00:07,335{GMT}	INFO	[jepsen worker 0] jepsen.util: 0	:ok	:echo	{:echo "Please echo 121", :in_reply_to 1, :msg_id 1, :type "echo_ok"}
2024-02-25 20:00:07,679{GMT}	INFO	[jepsen worker 0] jepsen.util: 0	:invoke	:echo	"Please echo 47"
2024-02-25 20:00:07,681{GMT}	INFO	[jepsen worker 0] jepsen.util: 0	:ok	:echo	{:echo "Please echo 47", :in_reply_to 2, :msg_id 2, :type "echo_ok"}
2024-02-25 20:00:07,695{GMT}	INFO	[jepsen worker 0] jepsen.util: 0	:invoke	:echo	"Please echo 60"
2024-02-25 20:00:07,697{GMT}	INFO	[jepsen worker 0] jepsen.util: 0	:ok	:echo	{:echo "Please echo 60", :in_reply_to 3, :msg_id 3, :type "echo_ok"}
2024-02-25 20:00:07,886{GMT}	INFO	[jepsen worker 0] jepsen.util: 0	:invoke	:echo	"Please echo 104"
2024-02-25 20:00:07,888{GMT}	INFO	[jepsen worker 0] jepsen.util: 0	:ok	:echo	{:echo "Please echo 104", :in_reply_to 4, :msg_id 4, :type "echo_ok"}
2024-02-25 20:00:08,107{GMT}	INFO	[jepsen worker 0] jepsen.util: 0	:invoke	:echo	"Please echo 67"
2024-02-25 20:00:08,109{GMT}	INFO	[jepsen worker 0] jepsen.util: 0	:ok	:echo	{:echo "Please echo 67", :in_reply_to 5, :msg_id 5, :type "echo_ok"}
2024-02-25 20:00:08,118{GMT}	INFO	[jepsen worker 0] jepsen.util: 0	:invoke	:echo	"Please echo 125"
2024-02-25 20:00:08,120{GMT}	INFO	[jepsen worker 0] jepsen.util: 0	:ok	:echo	{:echo "Please echo 125", :in_reply_to 6, :msg_id 6, :type "echo_ok"}
2024-02-25 20:00:08,508{GMT}	INFO	[jepsen worker 1] jepsen.util: 1	:invoke	:echo	"Please echo 86"
2024-02-25 20:00:08,509{GMT}	INFO	[jepsen worker 1] jepsen.util: 1	:ok	:echo	{:echo "Please echo 86", :in_reply_to 2, :msg_id 2, :type "echo_ok"}
2024-02-25 20:00:08,662{GMT}	INFO	[jepsen worker 1] jepsen.util: 1	:invoke	:echo	"Please echo 87"
2024-02-25 20:00:08,664{GMT}	INFO	[jepsen worker 1] jepsen.util: 1	:ok	:echo	{:echo "Please echo 87", :in_reply_to 3, :msg_id 3, :type "echo_ok"}
2024-02-25 20:00:08,810{GMT}	INFO	[jepsen worker 0] jepsen.util: 0	:invoke	:echo	"Please echo 26"
2024-02-25 20:00:08,812{GMT}	INFO	[jepsen worker 0] jepsen.util: 0	:ok	:echo	{:echo "Please echo 26", :in_reply_to 7, :msg_id 7, :type "echo_ok"}
2024-02-25 20:00:08,886{GMT}	INFO	[jepsen worker 0] jepsen.util: 0	:invoke	:echo	"Please echo 96"
2024-02-25 20:00:08,888{GMT}	INFO	[jepsen worker 0] jepsen.util: 0	:ok	:echo	{:echo "Please echo 96", :in_reply_to 8, :msg_id 8, :type "echo_ok"}
2024-02-25 20:00:09,083{GMT}	INFO	[jepsen worker 1] jepsen.util: 1	:invoke	:echo	"Please echo 10"
2024-02-25 20:00:09,085{GMT}	INFO	[jepsen worker 1] jepsen.util: 1	:ok	:echo	{:echo "Please echo 10", :in_reply_to 4, :msg_id 4, :type "echo_ok"}
2024-02-25 20:00:09,123{GMT}	INFO	[jepsen worker 1] jepsen.util: 1	:invoke	:echo	"Please echo 28"
2024-02-25 20:00:09,125{GMT}	INFO	[jepsen worker 1] jepsen.util: 1	:ok	:echo	{:echo "Please echo 28", :in_reply_to 5, :msg_id 5, :type "echo_ok"}
2024-02-25 20:00:09,420{GMT}	INFO	[jepsen worker 1] jepsen.util: 1	:invoke	:echo	"Please echo 113"
2024-02-25 20:00:09,421{GMT}	INFO	[jepsen worker 1] jepsen.util: 1	:ok	:echo	{:echo "Please echo 113", :in_reply_to 6, :msg_id 6, :type "echo_ok"}
2024-02-25 20:00:09,814{GMT}	INFO	[jepsen worker 1] jepsen.util: 1	:invoke	:echo	"Please echo 65"
2024-02-25 20:00:09,816{GMT}	INFO	[jepsen worker 1] jepsen.util: 1	:ok	:echo	{:echo "Please echo 65", :in_reply_to 7, :msg_id 7, :type "echo_ok"}
2024-02-25 20:00:10,148{GMT}	INFO	[jepsen worker 1] jepsen.util: 1	:invoke	:echo	"Please echo 125"
2024-02-25 20:00:10,149{GMT}	INFO	[jepsen worker 1] jepsen.util: 1	:ok	:echo	{:echo "Please echo 125", :in_reply_to 8, :msg_id 8, :type "echo_ok"}
2024-02-25 20:00:10,159{GMT}	INFO	[jepsen worker 1] jepsen.util: 1	:invoke	:echo	"Please echo 90"
2024-02-25 20:00:10,160{GMT}	INFO	[jepsen worker 1] jepsen.util: 1	:ok	:echo	{:echo "Please echo 90", :in_reply_to 9, :msg_id 9, :type "echo_ok"}
2024-02-25 20:00:10,293{GMT}	INFO	[jepsen worker 0] jepsen.util: 0	:invoke	:echo	"Please echo 2"
2024-02-25 20:00:10,294{GMT}	INFO	[jepsen worker 0] jepsen.util: 0	:ok	:echo	{:echo "Please echo 2", :in_reply_to 9, :msg_id 9, :type "echo_ok"}
2024-02-25 20:00:10,554{GMT}	INFO	[jepsen worker 0] jepsen.util: 0	:invoke	:echo	"Please echo 35"
2024-02-25 20:00:10,556{GMT}	INFO	[jepsen worker 0] jepsen.util: 0	:ok	:echo	{:echo "Please echo 35", :in_reply_to 10, :msg_id 10, :type "echo_ok"}
2024-02-25 20:00:10,898{GMT}	INFO	[jepsen worker 0] jepsen.util: 0	:invoke	:echo	"Please echo 51"
2024-02-25 20:00:10,899{GMT}	INFO	[jepsen worker 0] jepsen.util: 0	:ok	:echo	{:echo "Please echo 51", :in_reply_to 11, :msg_id 11, :type "echo_ok"}
2024-02-25 20:00:11,214{GMT}	INFO	[jepsen worker 1] jepsen.util: 1	:invoke	:echo	"Please echo 102"
2024-02-25 20:00:11,216{GMT}	INFO	[jepsen worker 1] jepsen.util: 1	:ok	:echo	{:echo "Please echo 102", :in_reply_to 10, :msg_id 10, :type "echo_ok"}
2024-02-25 20:00:11,610{GMT}	INFO	[jepsen worker 1] jepsen.util: 1	:invoke	:echo	"Please echo 29"
2024-02-25 20:00:11,612{GMT}	INFO	[jepsen worker 1] jepsen.util: 1	:ok	:echo	{:echo "Please echo 29", :in_reply_to 11, :msg_id 11, :type "echo_ok"}
2024-02-25 20:00:12,006{GMT}	INFO	[jepsen worker 0] jepsen.util: 0	:invoke	:echo	"Please echo 77"
2024-02-25 20:00:12,008{GMT}	INFO	[jepsen worker 0] jepsen.util: 0	:ok	:echo	{:echo "Please echo 77", :in_reply_to 12, :msg_id 12, :type "echo_ok"}
2024-02-25 20:00:12,043{GMT}	INFO	[jepsen worker 1] jepsen.util: 1	:invoke	:echo	"Please echo 3"
2024-02-25 20:00:12,045{GMT}	INFO	[jepsen worker 1] jepsen.util: 1	:ok	:echo	{:echo "Please echo 3", :in_reply_to 12, :msg_id 12, :type "echo_ok"}
2024-02-25 20:00:12,109{GMT}	INFO	[jepsen worker 1] jepsen.util: 1	:invoke	:echo	"Please echo 69"
2024-02-25 20:00:12,122{GMT}	INFO	[jepsen worker 1] jepsen.util: 1	:ok	:echo	{:echo "Please echo 69", :in_reply_to 13, :msg_id 13, :type "echo_ok"}
2024-02-25 20:00:12,233{GMT}	INFO	[jepsen worker 0] jepsen.util: 0	:invoke	:echo	"Please echo 65"
2024-02-25 20:00:12,235{GMT}	INFO	[jepsen worker 0] jepsen.util: 0	:ok	:echo	{:echo "Please echo 65", :in_reply_to 13, :msg_id 13, :type "echo_ok"}
2024-02-25 20:00:12,334{GMT}	INFO	[jepsen worker 0] jepsen.util: 0	:invoke	:echo	"Please echo 77"
2024-02-25 20:00:12,336{GMT}	INFO	[jepsen worker 0] jepsen.util: 0	:ok	:echo	{:echo "Please echo 77", :in_reply_to 14, :msg_id 14, :type "echo_ok"}
2024-02-25 20:00:12,646{GMT}	INFO	[jepsen worker 0] jepsen.util: 0	:invoke	:echo	"Please echo 80"
2024-02-25 20:00:12,648{GMT}	INFO	[jepsen worker 0] jepsen.util: 0	:ok	:echo	{:echo "Please echo 80", :in_reply_to 15, :msg_id 15, :type "echo_ok"}
2024-02-25 20:00:12,985{GMT}	INFO	[jepsen worker 0] jepsen.util: 0	:invoke	:echo	"Please echo 106"
2024-02-25 20:00:12,988{GMT}	INFO	[jepsen worker 0] jepsen.util: 0	:ok	:echo	{:echo "Please echo 106", :in_reply_to 16, :msg_id 16, :type "echo_ok"}
2024-02-25 20:00:13,304{GMT}	INFO	[jepsen worker 1] jepsen.util: 1	:invoke	:echo	"Please echo 38"
2024-02-25 20:00:13,306{GMT}	INFO	[jepsen worker 1] jepsen.util: 1	:ok	:echo	{:echo "Please echo 38", :in_reply_to 14, :msg_id 14, :type "echo_ok"}
2024-02-25 20:00:13,548{GMT}	INFO	[jepsen worker 0] jepsen.util: 0	:invoke	:echo	"Please echo 25"
2024-02-25 20:00:13,550{GMT}	INFO	[jepsen worker 0] jepsen.util: 0	:ok	:echo	{:echo "Please echo 25", :in_reply_to 17, :msg_id 17, :type "echo_ok"}
2024-02-25 20:00:13,604{GMT}	INFO	[jepsen worker 0] jepsen.util: 0	:invoke	:echo	"Please echo 94"
2024-02-25 20:00:13,606{GMT}	INFO	[jepsen worker 0] jepsen.util: 0	:ok	:echo	{:echo "Please echo 94", :in_reply_to 18, :msg_id 18, :type "echo_ok"}
2024-02-25 20:00:13,727{GMT}	INFO	[jepsen worker 1] jepsen.util: 1	:invoke	:echo	"Please echo 122"
2024-02-25 20:00:13,729{GMT}	INFO	[jepsen worker 1] jepsen.util: 1	:ok	:echo	{:echo "Please echo 122", :in_reply_to 15, :msg_id 15, :type "echo_ok"}
2024-02-25 20:00:13,804{GMT}	INFO	[jepsen worker 0] jepsen.util: 0	:invoke	:echo	"Please echo 110"
2024-02-25 20:00:13,806{GMT}	INFO	[jepsen worker 0] jepsen.util: 0	:ok	:echo	{:echo "Please echo 110", :in_reply_to 19, :msg_id 19, :type "echo_ok"}
2024-02-25 20:00:13,959{GMT}	INFO	[jepsen worker 0] jepsen.util: 0	:invoke	:echo	"Please echo 40"
2024-02-25 20:00:13,961{GMT}	INFO	[jepsen worker 0] jepsen.util: 0	:ok	:echo	{:echo "Please echo 40", :in_reply_to 20, :msg_id 20, :type "echo_ok"}
2024-02-25 20:00:14,139{GMT}	INFO	[jepsen worker 1] jepsen.util: 1	:invoke	:echo	"Please echo 14"
2024-02-25 20:00:14,141{GMT}	INFO	[jepsen worker 1] jepsen.util: 1	:ok	:echo	{:echo "Please echo 14", :in_reply_to 16, :msg_id 16, :type "echo_ok"}
2024-02-25 20:00:14,351{GMT}	INFO	[jepsen worker 1] jepsen.util: 1	:invoke	:echo	"Please echo 22"
2024-02-25 20:00:14,353{GMT}	INFO	[jepsen worker 1] jepsen.util: 1	:ok	:echo	{:echo "Please echo 22", :in_reply_to 17, :msg_id 17, :type "echo_ok"}
2024-02-25 20:00:14,476{GMT}	INFO	[jepsen worker 0] jepsen.util: 0	:invoke	:echo	"Please echo 35"
2024-02-25 20:00:14,478{GMT}	INFO	[jepsen worker 0] jepsen.util: 0	:ok	:echo	{:echo "Please echo 35", :in_reply_to 21, :msg_id 21, :type "echo_ok"}
2024-02-25 20:00:14,846{GMT}	INFO	[jepsen worker 1] jepsen.util: 1	:invoke	:echo	"Please echo 121"
2024-02-25 20:00:14,847{GMT}	INFO	[jepsen worker 1] jepsen.util: 1	:ok	:echo	{:echo "Please echo 121", :in_reply_to 18, :msg_id 18, :type "echo_ok"}
2024-02-25 20:00:15,077{GMT}	INFO	[jepsen worker 1] jepsen.util: 1	:invoke	:echo	"Please echo 88"
2024-02-25 20:00:15,079{GMT}	INFO	[jepsen worker 1] jepsen.util: 1	:ok	:echo	{:echo "Please echo 88", :in_reply_to 19, :msg_id 19, :type "echo_ok"}
2024-02-25 20:00:15,371{GMT}	INFO	[jepsen worker 1] jepsen.util: 1	:invoke	:echo	"Please echo 3"
2024-02-25 20:00:15,373{GMT}	INFO	[jepsen worker 1] jepsen.util: 1	:ok	:echo	{:echo "Please echo 3", :in_reply_to 20, :msg_id 20, :type "echo_ok"}
2024-02-25 20:00:15,741{GMT}	INFO	[jepsen worker 0] jepsen.util: 0	:invoke	:echo	"Please echo 48"
2024-02-25 20:00:15,742{GMT}	INFO	[jepsen worker 0] jepsen.util: 0	:ok	:echo	{:echo "Please echo 48", :in_reply_to 22, :msg_id 22, :type "echo_ok"}
2024-02-25 20:00:15,863{GMT}	INFO	[jepsen worker 1] jepsen.util: 1	:invoke	:echo	"Please echo 29"
2024-02-25 20:00:15,864{GMT}	INFO	[jepsen worker 1] jepsen.util: 1	:ok	:echo	{:echo "Please echo 29", :in_reply_to 21, :msg_id 21, :type "echo_ok"}
2024-02-25 20:00:15,946{GMT}	INFO	[jepsen worker 1] jepsen.util: 1	:invoke	:echo	"Please echo 117"
2024-02-25 20:00:15,948{GMT}	INFO	[jepsen worker 1] jepsen.util: 1	:ok	:echo	{:echo "Please echo 117", :in_reply_to 22, :msg_id 22, :type "echo_ok"}
2024-02-25 20:00:16,343{GMT}	INFO	[jepsen worker 0] jepsen.util: 0	:invoke	:echo	"Please echo 4"
2024-02-25 20:00:16,344{GMT}	INFO	[jepsen worker 0] jepsen.util: 0	:ok	:echo	{:echo "Please echo 4", :in_reply_to 23, :msg_id 23, :type "echo_ok"}
2024-02-25 20:00:16,490{GMT}	INFO	[jepsen worker 0] jepsen.util: 0	:invoke	:echo	"Please echo 6"
2024-02-25 20:00:16,491{GMT}	INFO	[jepsen worker 0] jepsen.util: 0	:ok	:echo	{:echo "Please echo 6", :in_reply_to 24, :msg_id 24, :type "echo_ok"}
2024-02-25 20:00:16,724{GMT}	INFO	[jepsen worker 1] jepsen.util: 1	:invoke	:echo	"Please echo 3"
2024-02-25 20:00:16,727{GMT}	INFO	[jepsen worker 1] jepsen.util: 1	:ok	:echo	{:echo "Please echo 3", :in_reply_to 23, :msg_id 23, :type "echo_ok"}
2024-02-25 20:00:16,924{GMT}	INFO	[jepsen worker 1] jepsen.util: 1	:invoke	:echo	"Please echo 65"
2024-02-25 20:00:16,925{GMT}	INFO	[jepsen worker 1] jepsen.util: 1	:ok	:echo	{:echo "Please echo 65", :in_reply_to 24, :msg_id 24, :type "echo_ok"}
2024-02-25 20:00:16,940{GMT}	INFO	[jepsen test runner] jepsen.core: Run complete, writing
2024-02-25 20:00:17,012{GMT}	INFO	[jepsen node n1] maelstrom.db: Tearing down n1
2024-02-25 20:00:17,012{GMT}	INFO	[jepsen node n0] maelstrom.db: Tearing down n0
2024-02-25 20:00:17,930{GMT}	INFO	[jepsen node n0] maelstrom.net: Shutting down Maelstrom network
2024-02-25 20:00:17,931{GMT}	INFO	[jepsen test runner] jepsen.core: Analyzing...
2024-02-25 20:00:18,255{GMT}	INFO	[jepsen test runner] jepsen.core: Analysis complete
2024-02-25 20:00:18,278{GMT}	INFO	[jepsen results] jepsen.store: Wrote /Users/aca123321/Desktop/Personal/Fly io distriibuted systems challenges/maelstrom/store/echo/20240225T200004.145+0530/results.edn
2024-02-25 20:00:18,389{GMT}	INFO	[jepsen test runner] jepsen.core: {:perf {:latency-graph {:valid? true},
        :rate-graph {:valid? true},
        :valid? true},
 :timeline {:valid? true},
 :exceptions {:valid? true},
 :stats {:valid? true,
         :count 48,
         :ok-count 48,
         :fail-count 0,
         :info-count 0,
         :by-f {:echo {:valid? true,
                       :count 48,
                       :ok-count 48,
                       :fail-count 0,
                       :info-count 0}}},
 :availability {:valid? true, :ok-fraction 1.0},
 :net {:all {:send-count 100,
             :recv-count 100,
             :msg-count 100,
             :msgs-per-op 2.0833333},
       :clients {:send-count 100, :recv-count 100, :msg-count 100},
       :servers {:send-count 0,
                 :recv-count 0,
                 :msg-count 0,
                 :msgs-per-op 0.0},
       :valid? true},
 :workload {:valid? true, :errors ()},
 :valid? true}


Everything looks good! ヽ(‘ー`)ノ
