2024/02/25 19:54:31 Received {c0 n0 {"type":"init","node_id":"n0","node_ids":["n0"],"msg_id":1}}
2024/02/25 19:54:31 Node n0 initialized
2024/02/25 19:54:31 Sent {"src":"n0","dest":"c0","body":{"in_reply_to":1,"type":"init_ok"}}
2024/02/25 19:54:31 Received {c2 n0 {"echo":"Please echo 94","type":"echo","msg_id":1}}
2024/02/25 19:54:31 Sent {"src":"n0","dest":"c2","body":{"echo":"Please echo 94","in_reply_to":1,"msg_id":1,"type":"echo_ok"}}
2024/02/25 19:54:31 Received {c2 n0 {"echo":"Please echo 6","type":"echo","msg_id":2}}
2024/02/25 19:54:31 Sent {"src":"n0","dest":"c2","body":{"echo":"Please echo 6","in_reply_to":2,"msg_id":2,"type":"echo_ok"}}
2024/02/25 19:54:31 Received {c2 n0 {"echo":"Please echo 22","type":"echo","msg_id":3}}
2024/02/25 19:54:31 Sent {"src":"n0","dest":"c2","body":{"echo":"Please echo 22","in_reply_to":3,"msg_id":3,"type":"echo_ok"}}
2024/02/25 19:54:31 Received {c2 n0 {"echo":"Please echo 38","type":"echo","msg_id":4}}
2024/02/25 19:54:31 Sent {"src":"n0","dest":"c2","body":{"echo":"Please echo 38","in_reply_to":4,"msg_id":4,"type":"echo_ok"}}
2024/02/25 19:54:32 Received {c2 n0 {"echo":"Please echo 95","type":"echo","msg_id":5}}
2024/02/25 19:54:32 Sent {"src":"n0","dest":"c2","body":{"echo":"Please echo 95","in_reply_to":5,"msg_id":5,"type":"echo_ok"}}
2024/02/25 19:54:32 Received {c2 n0 {"echo":"Please echo 74","type":"echo","msg_id":6}}
2024/02/25 19:54:32 Sent {"src":"n0","dest":"c2","body":{"echo":"Please echo 74","in_reply_to":6,"msg_id":6,"type":"echo_ok"}}
2024/02/25 19:54:32 Received {c2 n0 {"echo":"Please echo 55","type":"echo","msg_id":7}}
2024/02/25 19:54:32 Sent {"src":"n0","dest":"c2","body":{"echo":"Please echo 55","in_reply_to":7,"msg_id":7,"type":"echo_ok"}}
2024/02/25 19:54:32 Received {c2 n0 {"echo":"Please echo 90","type":"echo","msg_id":8}}
2024/02/25 19:54:32 Sent {"src":"n0","dest":"c2","body":{"echo":"Please echo 90","in_reply_to":8,"msg_id":8,"type":"echo_ok"}}
2024/02/25 19:54:33 Received {c2 n0 {"echo":"Please echo 54","type":"echo","msg_id":9}}
2024/02/25 19:54:33 Sent {"src":"n0","dest":"c2","body":{"echo":"Please echo 54","in_reply_to":9,"msg_id":9,"type":"echo_ok"}}
2024/02/25 19:54:33 Received {c2 n0 {"echo":"Please echo 80","type":"echo","msg_id":10}}
2024/02/25 19:54:33 Sent {"src":"n0","dest":"c2","body":{"echo":"Please echo 80","in_reply_to":10,"msg_id":10,"type":"echo_ok"}}
2024/02/25 19:54:33 Received {c2 n0 {"echo":"Please echo 119","type":"echo","msg_id":11}}
2024/02/25 19:54:33 Sent {"src":"n0","dest":"c2","body":{"echo":"Please echo 119","in_reply_to":11,"msg_id":11,"type":"echo_ok"}}
2024/02/25 19:54:34 Received {c2 n0 {"echo":"Please echo 114","type":"echo","msg_id":12}}
2024/02/25 19:54:34 Sent {"src":"n0","dest":"c2","body":{"echo":"Please echo 114","in_reply_to":12,"msg_id":12,"type":"echo_ok"}}
2024/02/25 19:54:34 Received {c2 n0 {"echo":"Please echo 124","type":"echo","msg_id":13}}
2024/02/25 19:54:34 Sent {"src":"n0","dest":"c2","body":{"echo":"Please echo 124","in_reply_to":13,"msg_id":13,"type":"echo_ok"}}
2024/02/25 19:54:34 Received {c2 n0 {"echo":"Please echo 85","type":"echo","msg_id":14}}
2024/02/25 19:54:34 Sent {"src":"n0","dest":"c2","body":{"echo":"Please echo 85","in_reply_to":14,"msg_id":14,"type":"echo_ok"}}
2024/02/25 19:54:34 Received {c2 n0 {"echo":"Please echo 38","type":"echo","msg_id":15}}
2024/02/25 19:54:34 Sent {"src":"n0","dest":"c2","body":{"echo":"Please echo 38","in_reply_to":15,"msg_id":15,"type":"echo_ok"}}
2024/02/25 19:54:35 Received {c2 n0 {"echo":"Please echo 113","type":"echo","msg_id":16}}
2024/02/25 19:54:35 Sent {"src":"n0","dest":"c2","body":{"echo":"Please echo 113","in_reply_to":16,"msg_id":16,"type":"echo_ok"}}
2024/02/25 19:54:35 Received {c2 n0 {"echo":"Please echo 37","type":"echo","msg_id":17}}
2024/02/25 19:54:35 Sent {"src":"n0","dest":"c2","body":{"echo":"Please echo 37","in_reply_to":17,"msg_id":17,"type":"echo_ok"}}
2024/02/25 19:54:35 Received {c2 n0 {"echo":"Please echo 60","type":"echo","msg_id":18}}
2024/02/25 19:54:35 Sent {"src":"n0","dest":"c2","body":{"echo":"Please echo 60","in_reply_to":18,"msg_id":18,"type":"echo_ok"}}
2024/02/25 19:54:35 Received {c2 n0 {"echo":"Please echo 89","type":"echo","msg_id":19}}
2024/02/25 19:54:35 Sent {"src":"n0","dest":"c2","body":{"echo":"Please echo 89","in_reply_to":19,"msg_id":19,"type":"echo_ok"}}
2024/02/25 19:54:36 Received {c2 n0 {"echo":"Please echo 39","type":"echo","msg_id":20}}
2024/02/25 19:54:36 Sent {"src":"n0","dest":"c2","body":{"echo":"Please echo 39","in_reply_to":20,"msg_id":20,"type":"echo_ok"}}
2024/02/25 19:54:36 Received {c2 n0 {"echo":"Please echo 116","type":"echo","msg_id":21}}
2024/02/25 19:54:36 Sent {"src":"n0","dest":"c2","body":{"echo":"Please echo 116","in_reply_to":21,"msg_id":21,"type":"echo_ok"}}
2024/02/25 19:54:36 Received {c2 n0 {"echo":"Please echo 4","type":"echo","msg_id":22}}
2024/02/25 19:54:36 Sent {"src":"n0","dest":"c2","body":{"echo":"Please echo 4","in_reply_to":22,"msg_id":22,"type":"echo_ok"}}
2024/02/25 19:54:36 Received {c2 n0 {"echo":"Please echo 57","type":"echo","msg_id":23}}
2024/02/25 19:54:36 Sent {"src":"n0","dest":"c2","body":{"echo":"Please echo 57","in_reply_to":23,"msg_id":23,"type":"echo_ok"}}
2024/02/25 19:54:36 Received {c2 n0 {"echo":"Please echo 75","type":"echo","msg_id":24}}
2024/02/25 19:54:36 Sent {"src":"n0","dest":"c2","body":{"echo":"Please echo 75","in_reply_to":24,"msg_id":24,"type":"echo_ok"}}
2024/02/25 19:54:37 Received {c2 n0 {"echo":"Please echo 85","type":"echo","msg_id":25}}
2024/02/25 19:54:37 Sent {"src":"n0","dest":"c2","body":{"echo":"Please echo 85","in_reply_to":25,"msg_id":25,"type":"echo_ok"}}
2024/02/25 19:54:37 Received {c2 n0 {"echo":"Please echo 12","type":"echo","msg_id":26}}
2024/02/25 19:54:37 Sent {"src":"n0","dest":"c2","body":{"echo":"Please echo 12","in_reply_to":26,"msg_id":26,"type":"echo_ok"}}
2024/02/25 19:54:37 Received {c2 n0 {"echo":"Please echo 98","type":"echo","msg_id":27}}
2024/02/25 19:54:37 Sent {"src":"n0","dest":"c2","body":{"echo":"Please echo 98","in_reply_to":27,"msg_id":27,"type":"echo_ok"}}
2024/02/25 19:54:37 Received {c2 n0 {"echo":"Please echo 103","type":"echo","msg_id":28}}
2024/02/25 19:54:37 Sent {"src":"n0","dest":"c2","body":{"echo":"Please echo 103","in_reply_to":28,"msg_id":28,"type":"echo_ok"}}
2024/02/25 19:54:38 Received {c2 n0 {"echo":"Please echo 58","type":"echo","msg_id":29}}
2024/02/25 19:54:38 Sent {"src":"n0","dest":"c2","body":{"echo":"Please echo 58","in_reply_to":29,"msg_id":29,"type":"echo_ok"}}
2024/02/25 19:54:38 Received {c2 n0 {"echo":"Please echo 67","type":"echo","msg_id":30}}
2024/02/25 19:54:38 Sent {"src":"n0","dest":"c2","body":{"echo":"Please echo 67","in_reply_to":30,"msg_id":30,"type":"echo_ok"}}
2024/02/25 19:54:38 Received {c2 n0 {"echo":"Please echo 32","type":"echo","msg_id":31}}
2024/02/25 19:54:38 Sent {"src":"n0","dest":"c2","body":{"echo":"Please echo 32","in_reply_to":31,"msg_id":31,"type":"echo_ok"}}
2024/02/25 19:54:38 Received {c2 n0 {"echo":"Please echo 46","type":"echo","msg_id":32}}
2024/02/25 19:54:38 Sent {"src":"n0","dest":"c2","body":{"echo":"Please echo 46","in_reply_to":32,"msg_id":32,"type":"echo_ok"}}
2024/02/25 19:54:38 Received {c2 n0 {"echo":"Please echo 97","type":"echo","msg_id":33}}
2024/02/25 19:54:38 Sent {"src":"n0","dest":"c2","body":{"echo":"Please echo 97","in_reply_to":33,"msg_id":33,"type":"echo_ok"}}
2024/02/25 19:54:39 Received {c2 n0 {"echo":"Please echo 51","type":"echo","msg_id":34}}
2024/02/25 19:54:39 Sent {"src":"n0","dest":"c2","body":{"echo":"Please echo 51","in_reply_to":34,"msg_id":34,"type":"echo_ok"}}
2024/02/25 19:54:39 Received {c2 n0 {"echo":"Please echo 94","type":"echo","msg_id":35}}
2024/02/25 19:54:39 Sent {"src":"n0","dest":"c2","body":{"echo":"Please echo 94","in_reply_to":35,"msg_id":35,"type":"echo_ok"}}
2024/02/25 19:54:39 Received {c2 n0 {"echo":"Please echo 88","type":"echo","msg_id":36}}
2024/02/25 19:54:39 Sent {"src":"n0","dest":"c2","body":{"echo":"Please echo 88","in_reply_to":36,"msg_id":36,"type":"echo_ok"}}
2024/02/25 19:54:39 Received {c2 n0 {"echo":"Please echo 117","type":"echo","msg_id":37}}
2024/02/25 19:54:39 Sent {"src":"n0","dest":"c2","body":{"echo":"Please echo 117","in_reply_to":37,"msg_id":37,"type":"echo_ok"}}
2024/02/25 19:54:40 Received {c2 n0 {"echo":"Please echo 97","type":"echo","msg_id":38}}
2024/02/25 19:54:40 Sent {"src":"n0","dest":"c2","body":{"echo":"Please echo 97","in_reply_to":38,"msg_id":38,"type":"echo_ok"}}
2024/02/25 19:54:40 Received {c2 n0 {"echo":"Please echo 88","type":"echo","msg_id":39}}
2024/02/25 19:54:40 Sent {"src":"n0","dest":"c2","body":{"echo":"Please echo 88","in_reply_to":39,"msg_id":39,"type":"echo_ok"}}
2024/02/25 19:54:40 Received {c2 n0 {"echo":"Please echo 113","type":"echo","msg_id":40}}
2024/02/25 19:54:40 Sent {"src":"n0","dest":"c2","body":{"echo":"Please echo 113","in_reply_to":40,"msg_id":40,"type":"echo_ok"}}
2024/02/25 19:54:40 Received {c2 n0 {"echo":"Please echo 32","type":"echo","msg_id":41}}
2024/02/25 19:54:40 Sent {"src":"n0","dest":"c2","body":{"echo":"Please echo 32","in_reply_to":41,"msg_id":41,"type":"echo_ok"}}
2024/02/25 19:54:41 Received {c2 n0 {"echo":"Please echo 34","type":"echo","msg_id":42}}
2024/02/25 19:54:41 Sent {"src":"n0","dest":"c2","body":{"echo":"Please echo 34","in_reply_to":42,"msg_id":42,"type":"echo_ok"}}
2024/02/25 19:54:41 Received {c2 n0 {"echo":"Please echo 53","type":"echo","msg_id":43}}
2024/02/25 19:54:41 Sent {"src":"n0","dest":"c2","body":{"echo":"Please echo 53","in_reply_to":43,"msg_id":43,"type":"echo_ok"}}
