2024/02/25 19:58:43 Received {c1 n0 {"type":"init","node_id":"n0","node_ids":["n0","n1"],"msg_id":1}}
2024/02/25 19:58:43 Node n0 initialized
2024/02/25 19:58:43 Sent {"src":"n0","dest":"c1","body":{"in_reply_to":1,"type":"init_ok"}}
2024/02/25 19:58:43 Received {c5 n0 {"echo":"Please echo 66","type":"echo","msg_id":1}}
2024/02/25 19:58:43 Sent {"src":"n0","dest":"c5","body":{"echo":"Please echo 66","in_reply_to":1,"msg_id":1,"type":"echo_ok"}}
2024/02/25 19:58:44 Received {c5 n0 {"echo":"Please echo 87","type":"echo","msg_id":2}}
2024/02/25 19:58:44 Sent {"src":"n0","dest":"c5","body":{"echo":"Please echo 87","in_reply_to":2,"msg_id":2,"type":"echo_ok"}}
2024/02/25 19:58:44 Received {c5 n0 {"echo":"Please echo 63","type":"echo","msg_id":3}}
2024/02/25 19:58:44 Sent {"src":"n0","dest":"c5","body":{"echo":"Please echo 63","in_reply_to":3,"msg_id":3,"type":"echo_ok"}}
2024/02/25 19:58:44 Received {c5 n0 {"echo":"Please echo 20","type":"echo","msg_id":4}}
2024/02/25 19:58:44 Sent {"src":"n0","dest":"c5","body":{"echo":"Please echo 20","in_reply_to":4,"msg_id":4,"type":"echo_ok"}}
2024/02/25 19:58:45 Received {c5 n0 {"echo":"Please echo 109","type":"echo","msg_id":5}}
2024/02/25 19:58:45 Sent {"src":"n0","dest":"c5","body":{"echo":"Please echo 109","in_reply_to":5,"msg_id":5,"type":"echo_ok"}}
2024/02/25 19:58:45 Received {c5 n0 {"echo":"Please echo 81","type":"echo","msg_id":6}}
2024/02/25 19:58:45 Sent {"src":"n0","dest":"c5","body":{"echo":"Please echo 81","in_reply_to":6,"msg_id":6,"type":"echo_ok"}}
2024/02/25 19:58:45 Received {c5 n0 {"echo":"Please echo 36","type":"echo","msg_id":7}}
2024/02/25 19:58:45 Sent {"src":"n0","dest":"c5","body":{"echo":"Please echo 36","in_reply_to":7,"msg_id":7,"type":"echo_ok"}}
2024/02/25 19:58:46 Received {c5 n0 {"echo":"Please echo 87","type":"echo","msg_id":8}}
2024/02/25 19:58:46 Sent {"src":"n0","dest":"c5","body":{"echo":"Please echo 87","in_reply_to":8,"msg_id":8,"type":"echo_ok"}}
2024/02/25 19:58:46 Received {c5 n0 {"echo":"Please echo 113","type":"echo","msg_id":9}}
2024/02/25 19:58:46 Sent {"src":"n0","dest":"c5","body":{"echo":"Please echo 113","in_reply_to":9,"msg_id":9,"type":"echo_ok"}}
2024/02/25 19:58:47 Received {c5 n0 {"echo":"Please echo 125","type":"echo","msg_id":10}}
2024/02/25 19:58:47 Sent {"src":"n0","dest":"c5","body":{"echo":"Please echo 125","in_reply_to":10,"msg_id":10,"type":"echo_ok"}}
2024/02/25 19:58:48 Received {c5 n0 {"echo":"Please echo 84","type":"echo","msg_id":11}}
2024/02/25 19:58:48 Sent {"src":"n0","dest":"c5","body":{"echo":"Please echo 84","in_reply_to":11,"msg_id":11,"type":"echo_ok"}}
2024/02/25 19:58:49 Received {c5 n0 {"echo":"Please echo 1","type":"echo","msg_id":12}}
2024/02/25 19:58:49 Sent {"src":"n0","dest":"c5","body":{"echo":"Please echo 1","in_reply_to":12,"msg_id":12,"type":"echo_ok"}}
2024/02/25 19:58:49 Received {c5 n0 {"echo":"Please echo 89","type":"echo","msg_id":13}}
2024/02/25 19:58:49 Sent {"src":"n0","dest":"c5","body":{"echo":"Please echo 89","in_reply_to":13,"msg_id":13,"type":"echo_ok"}}
2024/02/25 19:58:49 Received {c5 n0 {"echo":"Please echo 108","type":"echo","msg_id":14}}
2024/02/25 19:58:49 Sent {"src":"n0","dest":"c5","body":{"echo":"Please echo 108","in_reply_to":14,"msg_id":14,"type":"echo_ok"}}
2024/02/25 19:58:51 Received {c5 n0 {"echo":"Please echo 37","type":"echo","msg_id":15}}
2024/02/25 19:58:51 Sent {"src":"n0","dest":"c5","body":{"echo":"Please echo 37","in_reply_to":15,"msg_id":15,"type":"echo_ok"}}
2024/02/25 19:58:51 Received {c5 n0 {"echo":"Please echo 23","type":"echo","msg_id":16}}
2024/02/25 19:58:51 Sent {"src":"n0","dest":"c5","body":{"echo":"Please echo 23","in_reply_to":16,"msg_id":16,"type":"echo_ok"}}
2024/02/25 19:58:51 Received {c5 n0 {"echo":"Please echo 124","type":"echo","msg_id":17}}
2024/02/25 19:58:51 Sent {"src":"n0","dest":"c5","body":{"echo":"Please echo 124","in_reply_to":17,"msg_id":17,"type":"echo_ok"}}
2024/02/25 19:58:51 Received {c5 n0 {"echo":"Please echo 13","type":"echo","msg_id":18}}
2024/02/25 19:58:51 Sent {"src":"n0","dest":"c5","body":{"echo":"Please echo 13","in_reply_to":18,"msg_id":18,"type":"echo_ok"}}
2024/02/25 19:58:52 Received {c5 n0 {"echo":"Please echo 64","type":"echo","msg_id":19}}
2024/02/25 19:58:52 Sent {"src":"n0","dest":"c5","body":{"echo":"Please echo 64","in_reply_to":19,"msg_id":19,"type":"echo_ok"}}
2024/02/25 19:58:52 Received {c5 n0 {"echo":"Please echo 110","type":"echo","msg_id":20}}
2024/02/25 19:58:52 Sent {"src":"n0","dest":"c5","body":{"echo":"Please echo 110","in_reply_to":20,"msg_id":20,"type":"echo_ok"}}
2024/02/25 19:58:52 Received {c5 n0 {"echo":"Please echo 115","type":"echo","msg_id":21}}
2024/02/25 19:58:52 Sent {"src":"n0","dest":"c5","body":{"echo":"Please echo 115","in_reply_to":21,"msg_id":21,"type":"echo_ok"}}
2024/02/25 19:58:53 Received {c5 n0 {"echo":"Please echo 59","type":"echo","msg_id":22}}
2024/02/25 19:58:53 Sent {"src":"n0","dest":"c5","body":{"echo":"Please echo 59","in_reply_to":22,"msg_id":22,"type":"echo_ok"}}
