2024/02/25 19:58:43 Received {c0 n1 {"type":"init","node_id":"n1","node_ids":["n0","n1"],"msg_id":1}}
2024/02/25 19:58:43 Node n1 initialized
2024/02/25 19:58:43 Sent {"src":"n1","dest":"c0","body":{"in_reply_to":1,"type":"init_ok"}}
2024/02/25 19:58:43 Received {c4 n1 {"echo":"Please echo 38","type":"echo","msg_id":1}}
2024/02/25 19:58:43 Sent {"src":"n1","dest":"c4","body":{"echo":"Please echo 38","in_reply_to":1,"msg_id":1,"type":"echo_ok"}}
2024/02/25 19:58:43 Received {c4 n1 {"echo":"Please echo 56","type":"echo","msg_id":2}}
2024/02/25 19:58:43 Sent {"src":"n1","dest":"c4","body":{"echo":"Please echo 56","in_reply_to":2,"msg_id":2,"type":"echo_ok"}}
2024/02/25 19:58:43 Received {c4 n1 {"echo":"Please echo 60","type":"echo","msg_id":3}}
2024/02/25 19:58:43 Sent {"src":"n1","dest":"c4","body":{"echo":"Please echo 60","in_reply_to":3,"msg_id":3,"type":"echo_ok"}}
2024/02/25 19:58:45 Received {c4 n1 {"echo":"Please echo 3","type":"echo","msg_id":4}}
2024/02/25 19:58:45 Sent {"src":"n1","dest":"c4","body":{"echo":"Please echo 3","in_reply_to":4,"msg_id":4,"type":"echo_ok"}}
2024/02/25 19:58:46 Received {c4 n1 {"echo":"Please echo 115","type":"echo","msg_id":5}}
2024/02/25 19:58:46 Sent {"src":"n1","dest":"c4","body":{"echo":"Please echo 115","in_reply_to":5,"msg_id":5,"type":"echo_ok"}}
2024/02/25 19:58:46 Received {c4 n1 {"echo":"Please echo 53","type":"echo","msg_id":6}}
2024/02/25 19:58:46 Sent {"src":"n1","dest":"c4","body":{"echo":"Please echo 53","in_reply_to":6,"msg_id":6,"type":"echo_ok"}}
2024/02/25 19:58:46 Received {c4 n1 {"echo":"Please echo 41","type":"echo","msg_id":7}}
2024/02/25 19:58:46 Sent {"src":"n1","dest":"c4","body":{"echo":"Please echo 41","in_reply_to":7,"msg_id":7,"type":"echo_ok"}}
2024/02/25 19:58:46 Received {c4 n1 {"echo":"Please echo 7","type":"echo","msg_id":8}}
2024/02/25 19:58:46 Sent {"src":"n1","dest":"c4","body":{"echo":"Please echo 7","in_reply_to":8,"msg_id":8,"type":"echo_ok"}}
2024/02/25 19:58:47 Received {c4 n1 {"echo":"Please echo 117","type":"echo","msg_id":9}}
2024/02/25 19:58:47 Sent {"src":"n1","dest":"c4","body":{"echo":"Please echo 117","in_reply_to":9,"msg_id":9,"type":"echo_ok"}}
2024/02/25 19:58:47 Received {c4 n1 {"echo":"Please echo 13","type":"echo","msg_id":10}}
2024/02/25 19:58:47 Sent {"src":"n1","dest":"c4","body":{"echo":"Please echo 13","in_reply_to":10,"msg_id":10,"type":"echo_ok"}}
2024/02/25 19:58:47 Received {c4 n1 {"echo":"Please echo 17","type":"echo","msg_id":11}}
2024/02/25 19:58:47 Sent {"src":"n1","dest":"c4","body":{"echo":"Please echo 17","in_reply_to":11,"msg_id":11,"type":"echo_ok"}}
2024/02/25 19:58:48 Received {c4 n1 {"echo":"Please echo 15","type":"echo","msg_id":12}}
2024/02/25 19:58:48 Sent {"src":"n1","dest":"c4","body":{"echo":"Please echo 15","in_reply_to":12,"msg_id":12,"type":"echo_ok"}}
2024/02/25 19:58:48 Received {c4 n1 {"echo":"Please echo 79","type":"echo","msg_id":13}}
2024/02/25 19:58:48 Sent {"src":"n1","dest":"c4","body":{"echo":"Please echo 79","in_reply_to":13,"msg_id":13,"type":"echo_ok"}}
2024/02/25 19:58:49 Received {c4 n1 {"echo":"Please echo 13","type":"echo","msg_id":14}}
2024/02/25 19:58:49 Sent {"src":"n1","dest":"c4","body":{"echo":"Please echo 13","in_reply_to":14,"msg_id":14,"type":"echo_ok"}}
2024/02/25 19:58:49 Received {c4 n1 {"echo":"Please echo 48","type":"echo","msg_id":15}}
2024/02/25 19:58:49 Sent {"src":"n1","dest":"c4","body":{"echo":"Please echo 48","in_reply_to":15,"msg_id":15,"type":"echo_ok"}}
2024/02/25 19:58:49 Received {c4 n1 {"echo":"Please echo 100","type":"echo","msg_id":16}}
2024/02/25 19:58:49 Sent {"src":"n1","dest":"c4","body":{"echo":"Please echo 100","in_reply_to":16,"msg_id":16,"type":"echo_ok"}}
2024/02/25 19:58:49 Received {c4 n1 {"echo":"Please echo 104","type":"echo","msg_id":17}}
2024/02/25 19:58:49 Sent {"src":"n1","dest":"c4","body":{"echo":"Please echo 104","in_reply_to":17,"msg_id":17,"type":"echo_ok"}}
2024/02/25 19:58:50 Received {c4 n1 {"echo":"Please echo 123","type":"echo","msg_id":18}}
2024/02/25 19:58:50 Sent {"src":"n1","dest":"c4","body":{"echo":"Please echo 123","in_reply_to":18,"msg_id":18,"type":"echo_ok"}}
2024/02/25 19:58:50 Received {c4 n1 {"echo":"Please echo 10","type":"echo","msg_id":19}}
2024/02/25 19:58:50 Sent {"src":"n1","dest":"c4","body":{"echo":"Please echo 10","in_reply_to":19,"msg_id":19,"type":"echo_ok"}}
2024/02/25 19:58:50 Received {c4 n1 {"echo":"Please echo 21","type":"echo","msg_id":20}}
2024/02/25 19:58:50 Sent {"src":"n1","dest":"c4","body":{"echo":"Please echo 21","in_reply_to":20,"msg_id":20,"type":"echo_ok"}}
2024/02/25 19:58:50 Received {c4 n1 {"echo":"Please echo 103","type":"echo","msg_id":21}}
2024/02/25 19:58:50 Sent {"src":"n1","dest":"c4","body":{"echo":"Please echo 103","in_reply_to":21,"msg_id":21,"type":"echo_ok"}}
2024/02/25 19:58:50 Received {c4 n1 {"echo":"Please echo 36","type":"echo","msg_id":22}}
2024/02/25 19:58:50 Sent {"src":"n1","dest":"c4","body":{"echo":"Please echo 36","in_reply_to":22,"msg_id":22,"type":"echo_ok"}}
2024/02/25 19:58:50 Received {c4 n1 {"echo":"Please echo 85","type":"echo","msg_id":23}}
2024/02/25 19:58:50 Sent {"src":"n1","dest":"c4","body":{"echo":"Please echo 85","in_reply_to":23,"msg_id":23,"type":"echo_ok"}}
2024/02/25 19:58:50 Received {c4 n1 {"echo":"Please echo 2","type":"echo","msg_id":24}}
2024/02/25 19:58:50 Sent {"src":"n1","dest":"c4","body":{"echo":"Please echo 2","in_reply_to":24,"msg_id":24,"type":"echo_ok"}}
2024/02/25 19:58:50 Received {c4 n1 {"echo":"Please echo 127","type":"echo","msg_id":25}}
2024/02/25 19:58:50 Sent {"src":"n1","dest":"c4","body":{"echo":"Please echo 127","in_reply_to":25,"msg_id":25,"type":"echo_ok"}}
2024/02/25 19:58:51 Received {c4 n1 {"echo":"Please echo 78","type":"echo","msg_id":26}}
2024/02/25 19:58:51 Sent {"src":"n1","dest":"c4","body":{"echo":"Please echo 78","in_reply_to":26,"msg_id":26,"type":"echo_ok"}}
2024/02/25 19:58:52 Received {c4 n1 {"echo":"Please echo 117","type":"echo","msg_id":27}}
2024/02/25 19:58:52 Sent {"src":"n1","dest":"c4","body":{"echo":"Please echo 117","in_reply_to":27,"msg_id":27,"type":"echo_ok"}}
2024/02/25 19:58:52 Received {c4 n1 {"echo":"Please echo 99","type":"echo","msg_id":28}}
2024/02/25 19:58:52 Sent {"src":"n1","dest":"c4","body":{"echo":"Please echo 99","in_reply_to":28,"msg_id":28,"type":"echo_ok"}}
2024/02/25 19:58:52 Received {c4 n1 {"echo":"Please echo 76","type":"echo","msg_id":29}}
2024/02/25 19:58:52 Sent {"src":"n1","dest":"c4","body":{"echo":"Please echo 76","in_reply_to":29,"msg_id":29,"type":"echo_ok"}}
