2024-02-25 20:16:24,831{GMT}	INFO	[jepsen test runner] jepsen.core: Command line:
lein run test -w echo --bin /Users/aca123321/go/bin/maelstrom-echo --node-count 2 --time-limit 10
2024-02-25 20:16:24,893{GMT}	INFO	[jepsen test runner] jepsen.core: Running test:
{:args []
 :remote
 #jepsen.control.retry.Remote{:remote #jepsen.control.scp.Remote{:cmd-remote #jepsen.control.sshj.SSHJRemote{:concurrency-limit 6,
                                                                                                             :conn-spec nil,
                                                                                                             :client nil,
                                                                                                             :semaphore nil},
                                                                 :conn-spec nil},
                              :conn nil}
 :log-net-send false
 :node-count 2
 :availability nil
 :max-txn-length 4
 :concurrency 2
 :db
 #object[maelstrom.db$db$reify__16142
         "0x3c634a04"
         "maelstrom.db$db$reify__16142@3c634a04"]
 :max-writes-per-key 16
 :leave-db-running? false
 :name "echo"
 :logging-json? false
 :start-time
 #object[org.joda.time.DateTime "0x10c26161" "2024-02-25T20:16:24.782+05:30"]
 :nemesis-interval 10
 :net
 #object[maelstrom.net$jepsen_net$reify__15251
         "0x1ef6977b"
         "maelstrom.net$jepsen_net$reify__15251@1ef6977b"]
 :client
 #object[maelstrom.workload.echo$client$reify__16863
         "0x674cd2da"
         "maelstrom.workload.echo$client$reify__16863@674cd2da"]
 :barrier
 #object[java.util.concurrent.CyclicBarrier
         "0x686279e0"
         "java.util.concurrent.CyclicBarrier@686279e0"]
 :log-stderr false
 :pure-generators true
 :ssh {:dummy? true}
 :rate 5
 :checker
 #object[jepsen.checker$compose$reify__11881
         "0x6b28d4e4"
         "jepsen.checker$compose$reify__11881@6b28d4e4"]
 :argv
 ("test"
  "-w"
  "echo"
  "--bin"
  "/Users/aca123321/go/bin/maelstrom-echo"
  "--node-count"
  "2"
  "--time-limit"
  "10")
 :nemesis
 (jepsen.nemesis.ReflCompose
  {:fm {:start-partition 0,
        :stop-partition 0,
        :kill 1,
        :start 1,
        :pause 1,
        :resume 1},
   :nemeses [#unprintable "jepsen.nemesis.combined$partition_nemesis$reify__16416@41cfcbb5"
             #unprintable "jepsen.nemesis.combined$db_nemesis$reify__16397@40941b54"]})
 :nodes ["n0" "n1"]
 :test-count 1
 :latency {:mean 0, :dist :constant}
 :bin "/Users/aca123321/go/bin/maelstrom-echo"
 :generator
 (jepsen.generator.TimeLimit
  {:limit 10000000000,
   :cutoff nil,
   :gen (jepsen.generator.Any
         {:gens [(jepsen.generator.OnThreads
                  {:f #{:nemesis},
                   :context-filter #object[jepsen.generator.context$make_thread_filter$lazy_filter__9167
                                           "0xd15f98a"
                                           "jepsen.generator.context$make_thread_filter$lazy_filter__9167@d15f98a"],
                   :gen nil})
                 (jepsen.generator.OnThreads
                  {:f #jepsen.generator.context.AllBut{:element :nemesis},
                   :context-filter #object[jepsen.generator.context$make_thread_filter$lazy_filter__9167
                                           "0x704c3ca2"
                                           "jepsen.generator.context$make_thread_filter$lazy_filter__9167@704c3ca2"],
                   :gen (jepsen.generator.Stagger
                         {:dt 400000000,
                          :next-time nil,
                          :gen (jepsen.generator.EachThread
                                {:fresh-gen #object[maelstrom.workload.echo$workload$fn__16882
                                                    "0x7d3a9061"
                                                    "maelstrom.workload.echo$workload$fn__16882@7d3a9061"],
                                 :context-filters #object[clojure.core$promise$reify__8591
                                                          "0x2a2f7a61"
                                                          {:status :pending,
                                                           :val nil}],
                                 :gens {}})})})]})})
 :log-net-recv false
 :os
 #object[maelstrom.net$jepsen_os$reify__15254
         "0x8d40f07"
         "maelstrom.net$jepsen_os$reify__15254@8d40f07"]
 :time-limit 10
 :workload :echo
 :consistency-models [:strict-serializable]
 :topology :grid}

2024-02-25 20:16:27,449{GMT}	INFO	[jepsen node n0] maelstrom.net: Starting Maelstrom network
2024-02-25 20:16:27,450{GMT}	INFO	[jepsen test runner] jepsen.db: Tearing down DB
2024-02-25 20:16:27,451{GMT}	INFO	[jepsen test runner] jepsen.db: Setting up DB
2024-02-25 20:16:27,452{GMT}	INFO	[jepsen node n1] maelstrom.db: Setting up n1
2024-02-25 20:16:27,453{GMT}	INFO	[jepsen node n1] maelstrom.process: launching /Users/aca123321/go/bin/maelstrom-echo []
2024-02-25 20:16:27,454{GMT}	INFO	[jepsen node n0] maelstrom.service: Starting services: (lin-kv lin-tso lww-kv seq-kv)
2024-02-25 20:16:27,456{GMT}	INFO	[jepsen node n0] maelstrom.db: Setting up n0
2024-02-25 20:16:27,457{GMT}	INFO	[jepsen node n0] maelstrom.process: launching /Users/aca123321/go/bin/maelstrom-echo []
2024-02-25 20:16:27,851{GMT}	INFO	[jepsen test runner] jepsen.core: Relative time begins now
2024-02-25 20:16:27,869{GMT}	INFO	[jepsen worker 0] jepsen.util: 0	:invoke	:echo	"Please echo 63"
2024-02-25 20:16:27,877{GMT}	INFO	[jepsen worker 0] jepsen.util: 0	:ok	:echo	{:echo "Please echo 63", :in_reply_to 1, :msg_id 1, :type "echo_ok"}
2024-02-25 20:16:27,889{GMT}	INFO	[jepsen worker 0] jepsen.util: 0	:invoke	:echo	"Please echo 52"
2024-02-25 20:16:27,891{GMT}	INFO	[jepsen worker 0] jepsen.util: 0	:ok	:echo	{:echo "Please echo 52", :in_reply_to 2, :msg_id 2, :type "echo_ok"}
2024-02-25 20:16:28,212{GMT}	INFO	[jepsen worker 0] jepsen.util: 0	:invoke	:echo	"Please echo 55"
2024-02-25 20:16:28,214{GMT}	INFO	[jepsen worker 0] jepsen.util: 0	:ok	:echo	{:echo "Please echo 55", :in_reply_to 3, :msg_id 3, :type "echo_ok"}
2024-02-25 20:16:28,442{GMT}	INFO	[jepsen worker 1] jepsen.util: 1	:invoke	:echo	"Please echo 7"
2024-02-25 20:16:28,445{GMT}	INFO	[jepsen worker 1] jepsen.util: 1	:ok	:echo	{:echo "Please echo 7", :in_reply_to 1, :msg_id 1, :type "echo_ok"}
2024-02-25 20:16:28,594{GMT}	INFO	[jepsen worker 1] jepsen.util: 1	:invoke	:echo	"Please echo 125"
2024-02-25 20:16:28,596{GMT}	INFO	[jepsen worker 1] jepsen.util: 1	:ok	:echo	{:echo "Please echo 125", :in_reply_to 2, :msg_id 2, :type "echo_ok"}
2024-02-25 20:16:28,800{GMT}	INFO	[jepsen worker 0] jepsen.util: 0	:invoke	:echo	"Please echo 97"
2024-02-25 20:16:28,801{GMT}	INFO	[jepsen worker 0] jepsen.util: 0	:ok	:echo	{:echo "Please echo 97", :in_reply_to 4, :msg_id 4, :type "echo_ok"}
2024-02-25 20:16:29,103{GMT}	INFO	[jepsen worker 0] jepsen.util: 0	:invoke	:echo	"Please echo 10"
2024-02-25 20:16:29,105{GMT}	INFO	[jepsen worker 0] jepsen.util: 0	:ok	:echo	{:echo "Please echo 10", :in_reply_to 5, :msg_id 5, :type "echo_ok"}
2024-02-25 20:16:29,393{GMT}	INFO	[jepsen worker 0] jepsen.util: 0	:invoke	:echo	"Please echo 46"
2024-02-25 20:16:29,394{GMT}	INFO	[jepsen worker 0] jepsen.util: 0	:ok	:echo	{:echo "Please echo 46", :in_reply_to 6, :msg_id 6, :type "echo_ok"}
2024-02-25 20:16:29,584{GMT}	INFO	[jepsen worker 1] jepsen.util: 1	:invoke	:echo	"Please echo 80"
2024-02-25 20:16:29,586{GMT}	INFO	[jepsen worker 1] jepsen.util: 1	:ok	:echo	{:echo "Please echo 80", :in_reply_to 3, :msg_id 3, :type "echo_ok"}
2024-02-25 20:16:29,751{GMT}	INFO	[jepsen worker 0] jepsen.util: 0	:invoke	:echo	"Please echo 43"
2024-02-25 20:16:29,753{GMT}	INFO	[jepsen worker 0] jepsen.util: 0	:ok	:echo	{:echo "Please echo 43", :in_reply_to 7, :msg_id 7, :type "echo_ok"}
2024-02-25 20:16:29,916{GMT}	INFO	[jepsen worker 1] jepsen.util: 1	:invoke	:echo	"Please echo 19"
2024-02-25 20:16:29,918{GMT}	INFO	[jepsen worker 1] jepsen.util: 1	:ok	:echo	{:echo "Please echo 19", :in_reply_to 4, :msg_id 4, :type "echo_ok"}
2024-02-25 20:16:30,238{GMT}	INFO	[jepsen worker 0] jepsen.util: 0	:invoke	:echo	"Please echo 1"
2024-02-25 20:16:30,239{GMT}	INFO	[jepsen worker 0] jepsen.util: 0	:ok	:echo	{:echo "Please echo 1", :in_reply_to 8, :msg_id 8, :type "echo_ok"}
2024-02-25 20:16:30,561{GMT}	INFO	[jepsen worker 1] jepsen.util: 1	:invoke	:echo	"Please echo 36"
2024-02-25 20:16:30,563{GMT}	INFO	[jepsen worker 1] jepsen.util: 1	:ok	:echo	{:echo "Please echo 36", :in_reply_to 5, :msg_id 5, :type "echo_ok"}
2024-02-25 20:16:30,590{GMT}	INFO	[jepsen worker 1] jepsen.util: 1	:invoke	:echo	"Please echo 60"
2024-02-25 20:16:30,592{GMT}	INFO	[jepsen worker 1] jepsen.util: 1	:ok	:echo	{:echo "Please echo 60", :in_reply_to 6, :msg_id 6, :type "echo_ok"}
2024-02-25 20:16:30,785{GMT}	INFO	[jepsen worker 0] jepsen.util: 0	:invoke	:echo	"Please echo 35"
2024-02-25 20:16:30,787{GMT}	INFO	[jepsen worker 0] jepsen.util: 0	:ok	:echo	{:echo "Please echo 35", :in_reply_to 9, :msg_id 9, :type "echo_ok"}
2024-02-25 20:16:31,040{GMT}	INFO	[jepsen worker 0] jepsen.util: 0	:invoke	:echo	"Please echo 44"
2024-02-25 20:16:31,042{GMT}	INFO	[jepsen worker 0] jepsen.util: 0	:ok	:echo	{:echo "Please echo 44", :in_reply_to 10, :msg_id 10, :type "echo_ok"}
2024-02-25 20:16:31,135{GMT}	INFO	[jepsen worker 1] jepsen.util: 1	:invoke	:echo	"Please echo 112"
2024-02-25 20:16:31,136{GMT}	INFO	[jepsen worker 1] jepsen.util: 1	:ok	:echo	{:echo "Please echo 112", :in_reply_to 7, :msg_id 7, :type "echo_ok"}
2024-02-25 20:16:31,372{GMT}	INFO	[jepsen worker 0] jepsen.util: 0	:invoke	:echo	"Please echo 119"
2024-02-25 20:16:31,374{GMT}	INFO	[jepsen worker 0] jepsen.util: 0	:ok	:echo	{:echo "Please echo 119", :in_reply_to 11, :msg_id 11, :type "echo_ok"}
2024-02-25 20:16:31,767{GMT}	INFO	[jepsen worker 1] jepsen.util: 1	:invoke	:echo	"Please echo 19"
2024-02-25 20:16:31,768{GMT}	INFO	[jepsen worker 1] jepsen.util: 1	:ok	:echo	{:echo "Please echo 19", :in_reply_to 8, :msg_id 8, :type "echo_ok"}
2024-02-25 20:16:31,897{GMT}	INFO	[jepsen worker 0] jepsen.util: 0	:invoke	:echo	"Please echo 53"
2024-02-25 20:16:31,899{GMT}	INFO	[jepsen worker 0] jepsen.util: 0	:ok	:echo	{:echo "Please echo 53", :in_reply_to 12, :msg_id 12, :type "echo_ok"}
2024-02-25 20:16:32,278{GMT}	INFO	[jepsen worker 0] jepsen.util: 0	:invoke	:echo	"Please echo 97"
2024-02-25 20:16:32,280{GMT}	INFO	[jepsen worker 0] jepsen.util: 0	:ok	:echo	{:echo "Please echo 97", :in_reply_to 13, :msg_id 13, :type "echo_ok"}
2024-02-25 20:16:32,425{GMT}	INFO	[jepsen worker 0] jepsen.util: 0	:invoke	:echo	"Please echo 73"
2024-02-25 20:16:32,426{GMT}	INFO	[jepsen worker 0] jepsen.util: 0	:ok	:echo	{:echo "Please echo 73", :in_reply_to 14, :msg_id 14, :type "echo_ok"}
2024-02-25 20:16:32,823{GMT}	INFO	[jepsen worker 0] jepsen.util: 0	:invoke	:echo	"Please echo 37"
2024-02-25 20:16:32,825{GMT}	INFO	[jepsen worker 0] jepsen.util: 0	:ok	:echo	{:echo "Please echo 37", :in_reply_to 15, :msg_id 15, :type "echo_ok"}
2024-02-25 20:16:32,831{GMT}	INFO	[jepsen worker 0] jepsen.util: 0	:invoke	:echo	"Please echo 1"
2024-02-25 20:16:32,832{GMT}	INFO	[jepsen worker 0] jepsen.util: 0	:ok	:echo	{:echo "Please echo 1", :in_reply_to 16, :msg_id 16, :type "echo_ok"}
2024-02-25 20:16:33,180{GMT}	INFO	[jepsen worker 0] jepsen.util: 0	:invoke	:echo	"Please echo 119"
2024-02-25 20:16:33,181{GMT}	INFO	[jepsen worker 0] jepsen.util: 0	:ok	:echo	{:echo "Please echo 119", :in_reply_to 17, :msg_id 17, :type "echo_ok"}
2024-02-25 20:16:33,406{GMT}	INFO	[jepsen worker 1] jepsen.util: 1	:invoke	:echo	"Please echo 20"
2024-02-25 20:16:33,408{GMT}	INFO	[jepsen worker 1] jepsen.util: 1	:ok	:echo	{:echo "Please echo 20", :in_reply_to 9, :msg_id 9, :type "echo_ok"}
2024-02-25 20:16:33,797{GMT}	INFO	[jepsen worker 1] jepsen.util: 1	:invoke	:echo	"Please echo 0"
2024-02-25 20:16:33,799{GMT}	INFO	[jepsen worker 1] jepsen.util: 1	:ok	:echo	{:echo "Please echo 0", :in_reply_to 10, :msg_id 10, :type "echo_ok"}
2024-02-25 20:16:34,027{GMT}	INFO	[jepsen worker 1] jepsen.util: 1	:invoke	:echo	"Please echo 57"
2024-02-25 20:16:34,029{GMT}	INFO	[jepsen worker 1] jepsen.util: 1	:ok	:echo	{:echo "Please echo 57", :in_reply_to 11, :msg_id 11, :type "echo_ok"}
2024-02-25 20:16:34,080{GMT}	INFO	[jepsen worker 0] jepsen.util: 0	:invoke	:echo	"Please echo 96"
2024-02-25 20:16:34,081{GMT}	INFO	[jepsen worker 0] jepsen.util: 0	:ok	:echo	{:echo "Please echo 96", :in_reply_to 18, :msg_id 18, :type "echo_ok"}
2024-02-25 20:16:34,177{GMT}	INFO	[jepsen worker 1] jepsen.util: 1	:invoke	:echo	"Please echo 35"
2024-02-25 20:16:34,179{GMT}	INFO	[jepsen worker 1] jepsen.util: 1	:ok	:echo	{:echo "Please echo 35", :in_reply_to 12, :msg_id 12, :type "echo_ok"}
2024-02-25 20:16:34,550{GMT}	INFO	[jepsen worker 0] jepsen.util: 0	:invoke	:echo	"Please echo 54"
2024-02-25 20:16:34,552{GMT}	INFO	[jepsen worker 0] jepsen.util: 0	:ok	:echo	{:echo "Please echo 54", :in_reply_to 19, :msg_id 19, :type "echo_ok"}
2024-02-25 20:16:34,698{GMT}	INFO	[jepsen worker 0] jepsen.util: 0	:invoke	:echo	"Please echo 18"
2024-02-25 20:16:34,699{GMT}	INFO	[jepsen worker 0] jepsen.util: 0	:ok	:echo	{:echo "Please echo 18", :in_reply_to 20, :msg_id 20, :type "echo_ok"}
2024-02-25 20:16:34,822{GMT}	INFO	[jepsen worker 1] jepsen.util: 1	:invoke	:echo	"Please echo 51"
2024-02-25 20:16:34,823{GMT}	INFO	[jepsen worker 1] jepsen.util: 1	:ok	:echo	{:echo "Please echo 51", :in_reply_to 13, :msg_id 13, :type "echo_ok"}
2024-02-25 20:16:34,978{GMT}	INFO	[jepsen worker 1] jepsen.util: 1	:invoke	:echo	"Please echo 14"
2024-02-25 20:16:34,979{GMT}	INFO	[jepsen worker 1] jepsen.util: 1	:ok	:echo	{:echo "Please echo 14", :in_reply_to 14, :msg_id 14, :type "echo_ok"}
2024-02-25 20:16:35,361{GMT}	INFO	[jepsen worker 0] jepsen.util: 0	:invoke	:echo	"Please echo 119"
2024-02-25 20:16:35,363{GMT}	INFO	[jepsen worker 0] jepsen.util: 0	:ok	:echo	{:echo "Please echo 119", :in_reply_to 21, :msg_id 21, :type "echo_ok"}
2024-02-25 20:16:35,751{GMT}	INFO	[jepsen worker 0] jepsen.util: 0	:invoke	:echo	"Please echo 39"
2024-02-25 20:16:35,753{GMT}	INFO	[jepsen worker 0] jepsen.util: 0	:ok	:echo	{:echo "Please echo 39", :in_reply_to 22, :msg_id 22, :type "echo_ok"}
2024-02-25 20:16:36,062{GMT}	INFO	[jepsen worker 0] jepsen.util: 0	:invoke	:echo	"Please echo 91"
2024-02-25 20:16:36,064{GMT}	INFO	[jepsen worker 0] jepsen.util: 0	:ok	:echo	{:echo "Please echo 91", :in_reply_to 23, :msg_id 23, :type "echo_ok"}
2024-02-25 20:16:36,289{GMT}	INFO	[jepsen worker 0] jepsen.util: 0	:invoke	:echo	"Please echo 125"
2024-02-25 20:16:36,291{GMT}	INFO	[jepsen worker 0] jepsen.util: 0	:ok	:echo	{:echo "Please echo 125", :in_reply_to 24, :msg_id 24, :type "echo_ok"}
2024-02-25 20:16:36,595{GMT}	INFO	[jepsen worker 1] jepsen.util: 1	:invoke	:echo	"Please echo 27"
2024-02-25 20:16:36,597{GMT}	INFO	[jepsen worker 1] jepsen.util: 1	:ok	:echo	{:echo "Please echo 27", :in_reply_to 15, :msg_id 15, :type "echo_ok"}
2024-02-25 20:16:36,676{GMT}	INFO	[jepsen worker 0] jepsen.util: 0	:invoke	:echo	"Please echo 79"
2024-02-25 20:16:36,677{GMT}	INFO	[jepsen worker 0] jepsen.util: 0	:ok	:echo	{:echo "Please echo 79", :in_reply_to 25, :msg_id 25, :type "echo_ok"}
2024-02-25 20:16:36,950{GMT}	INFO	[jepsen worker 0] jepsen.util: 0	:invoke	:echo	"Please echo 34"
2024-02-25 20:16:36,951{GMT}	INFO	[jepsen worker 0] jepsen.util: 0	:ok	:echo	{:echo "Please echo 34", :in_reply_to 26, :msg_id 26, :type "echo_ok"}
2024-02-25 20:16:37,167{GMT}	INFO	[jepsen worker 0] jepsen.util: 0	:invoke	:echo	"Please echo 106"
2024-02-25 20:16:37,169{GMT}	INFO	[jepsen worker 0] jepsen.util: 0	:ok	:echo	{:echo "Please echo 106", :in_reply_to 27, :msg_id 27, :type "echo_ok"}
2024-02-25 20:16:37,405{GMT}	INFO	[jepsen worker 1] jepsen.util: 1	:invoke	:echo	"Please echo 107"
2024-02-25 20:16:37,407{GMT}	INFO	[jepsen worker 1] jepsen.util: 1	:ok	:echo	{:echo "Please echo 107", :in_reply_to 16, :msg_id 16, :type "echo_ok"}
2024-02-25 20:16:37,688{GMT}	INFO	[jepsen worker 0] jepsen.util: 0	:invoke	:echo	"Please echo 127"
2024-02-25 20:16:37,690{GMT}	INFO	[jepsen worker 0] jepsen.util: 0	:ok	:echo	{:echo "Please echo 127", :in_reply_to 28, :msg_id 28, :type "echo_ok"}
2024-02-25 20:16:37,732{GMT}	INFO	[jepsen worker 1] jepsen.util: 1	:invoke	:echo	"Please echo 43"
2024-02-25 20:16:37,734{GMT}	INFO	[jepsen worker 1] jepsen.util: 1	:ok	:echo	{:echo "Please echo 43", :in_reply_to 17, :msg_id 17, :type "echo_ok"}
2024-02-25 20:16:37,764{GMT}	INFO	[jepsen test runner] jepsen.core: Run complete, writing
2024-02-25 20:16:37,838{GMT}	INFO	[jepsen node n0] maelstrom.db: Tearing down n0
2024-02-25 20:16:37,838{GMT}	INFO	[jepsen node n1] maelstrom.db: Tearing down n1
2024-02-25 20:16:39,493{GMT}	INFO	[jepsen node n0] maelstrom.net: Shutting down Maelstrom network
2024-02-25 20:16:39,494{GMT}	INFO	[jepsen test runner] jepsen.core: Analyzing...
2024-02-25 20:16:39,817{GMT}	INFO	[jepsen test runner] jepsen.core: Analysis complete
2024-02-25 20:16:39,840{GMT}	INFO	[jepsen results] jepsen.store: Wrote /Users/aca123321/Desktop/Personal/Fly io distriibuted systems challenges/maelstrom/store/echo/20240225T201624.782+0530/results.edn
2024-02-25 20:16:39,931{GMT}	INFO	[jepsen test runner] jepsen.core: {:perf {:latency-graph {:valid? true},
        :rate-graph {:valid? true},
        :valid? true},
 :timeline {:valid? true},
 :exceptions {:valid? true},
 :stats {:valid? true,
         :count 45,
         :ok-count 45,
         :fail-count 0,
         :info-count 0,
         :by-f {:echo {:valid? true,
                       :count 45,
                       :ok-count 45,
                       :fail-count 0,
                       :info-count 0}}},
 :availability {:valid? true, :ok-fraction 1.0},
 :net {:all {:send-count 94,
             :recv-count 94,
             :msg-count 94,
             :msgs-per-op 2.088889},
       :clients {:send-count 94, :recv-count 94, :msg-count 94},
       :servers {:send-count 0,
                 :recv-count 0,
                 :msg-count 0,
                 :msgs-per-op 0.0},
       :valid? true},
 :workload {:valid? true, :errors ()},
 :valid? true}


Everything looks good! ヽ(‘ー`)ノ
