2024/02/25 20:16:27 Received {c1 n0 {"type":"init","node_id":"n0","node_ids":["n0","n1"],"msg_id":1}}
2024/02/25 20:16:27 Node n0 initialized
2024/02/25 20:16:27 Sent {"src":"n0","dest":"c1","body":{"in_reply_to":1,"type":"init_ok"}}
2024/02/25 20:16:27 Received {c4 n0 {"echo":"Please echo 63","type":"echo","msg_id":1}}
2024/02/25 20:16:27 REPLYING from node 1
2024/02/25 20:16:27 Sent {"src":"n0","dest":"c4","body":{"echo":"Please echo 63","in_reply_to":1,"msg_id":1,"type":"echo_ok"}}
2024/02/25 20:16:27 Received {c4 n0 {"echo":"Please echo 52","type":"echo","msg_id":2}}
2024/02/25 20:16:27 REPLYING from node 1
2024/02/25 20:16:27 Sent {"src":"n0","dest":"c4","body":{"echo":"Please echo 52","in_reply_to":2,"msg_id":2,"type":"echo_ok"}}
2024/02/25 20:16:28 Received {c4 n0 {"echo":"Please echo 55","type":"echo","msg_id":3}}
2024/02/25 20:16:28 REPLYING from node 1
2024/02/25 20:16:28 Sent {"src":"n0","dest":"c4","body":{"echo":"Please echo 55","in_reply_to":3,"msg_id":3,"type":"echo_ok"}}
2024/02/25 20:16:28 Received {c4 n0 {"echo":"Please echo 97","type":"echo","msg_id":4}}
2024/02/25 20:16:28 REPLYING from node 1
2024/02/25 20:16:28 Sent {"src":"n0","dest":"c4","body":{"echo":"Please echo 97","in_reply_to":4,"msg_id":4,"type":"echo_ok"}}
2024/02/25 20:16:29 Received {c4 n0 {"echo":"Please echo 10","type":"echo","msg_id":5}}
2024/02/25 20:16:29 REPLYING from node 1
2024/02/25 20:16:29 Sent {"src":"n0","dest":"c4","body":{"echo":"Please echo 10","in_reply_to":5,"msg_id":5,"type":"echo_ok"}}
2024/02/25 20:16:29 Received {c4 n0 {"echo":"Please echo 46","type":"echo","msg_id":6}}
2024/02/25 20:16:29 REPLYING from node 1
2024/02/25 20:16:29 Sent {"src":"n0","dest":"c4","body":{"echo":"Please echo 46","in_reply_to":6,"msg_id":6,"type":"echo_ok"}}
2024/02/25 20:16:29 Received {c4 n0 {"echo":"Please echo 43","type":"echo","msg_id":7}}
2024/02/25 20:16:29 REPLYING from node 1
2024/02/25 20:16:29 Sent {"src":"n0","dest":"c4","body":{"echo":"Please echo 43","in_reply_to":7,"msg_id":7,"type":"echo_ok"}}
2024/02/25 20:16:30 Received {c4 n0 {"echo":"Please echo 1","type":"echo","msg_id":8}}
2024/02/25 20:16:30 REPLYING from node 1
2024/02/25 20:16:30 Sent {"src":"n0","dest":"c4","body":{"echo":"Please echo 1","in_reply_to":8,"msg_id":8,"type":"echo_ok"}}
2024/02/25 20:16:30 Received {c4 n0 {"echo":"Please echo 35","type":"echo","msg_id":9}}
2024/02/25 20:16:30 REPLYING from node 1
2024/02/25 20:16:30 Sent {"src":"n0","dest":"c4","body":{"echo":"Please echo 35","in_reply_to":9,"msg_id":9,"type":"echo_ok"}}
2024/02/25 20:16:31 Received {c4 n0 {"echo":"Please echo 44","type":"echo","msg_id":10}}
2024/02/25 20:16:31 REPLYING from node 1
2024/02/25 20:16:31 Sent {"src":"n0","dest":"c4","body":{"echo":"Please echo 44","in_reply_to":10,"msg_id":10,"type":"echo_ok"}}
2024/02/25 20:16:31 Received {c4 n0 {"echo":"Please echo 119","type":"echo","msg_id":11}}
2024/02/25 20:16:31 REPLYING from node 1
2024/02/25 20:16:31 Sent {"src":"n0","dest":"c4","body":{"echo":"Please echo 119","in_reply_to":11,"msg_id":11,"type":"echo_ok"}}
2024/02/25 20:16:31 Received {c4 n0 {"echo":"Please echo 53","type":"echo","msg_id":12}}
2024/02/25 20:16:31 REPLYING from node 1
2024/02/25 20:16:31 Sent {"src":"n0","dest":"c4","body":{"echo":"Please echo 53","in_reply_to":12,"msg_id":12,"type":"echo_ok"}}
2024/02/25 20:16:32 Received {c4 n0 {"echo":"Please echo 97","type":"echo","msg_id":13}}
2024/02/25 20:16:32 REPLYING from node 1
2024/02/25 20:16:32 Sent {"src":"n0","dest":"c4","body":{"echo":"Please echo 97","in_reply_to":13,"msg_id":13,"type":"echo_ok"}}
2024/02/25 20:16:32 Received {c4 n0 {"echo":"Please echo 73","type":"echo","msg_id":14}}
2024/02/25 20:16:32 REPLYING from node 1
2024/02/25 20:16:32 Sent {"src":"n0","dest":"c4","body":{"echo":"Please echo 73","in_reply_to":14,"msg_id":14,"type":"echo_ok"}}
2024/02/25 20:16:32 Received {c4 n0 {"echo":"Please echo 37","type":"echo","msg_id":15}}
2024/02/25 20:16:32 REPLYING from node 1
2024/02/25 20:16:32 Sent {"src":"n0","dest":"c4","body":{"echo":"Please echo 37","in_reply_to":15,"msg_id":15,"type":"echo_ok"}}
2024/02/25 20:16:32 Received {c4 n0 {"echo":"Please echo 1","type":"echo","msg_id":16}}
2024/02/25 20:16:32 REPLYING from node 1
2024/02/25 20:16:32 Sent {"src":"n0","dest":"c4","body":{"echo":"Please echo 1","in_reply_to":16,"msg_id":16,"type":"echo_ok"}}
2024/02/25 20:16:33 Received {c4 n0 {"echo":"Please echo 119","type":"echo","msg_id":17}}
2024/02/25 20:16:33 REPLYING from node 1
2024/02/25 20:16:33 Sent {"src":"n0","dest":"c4","body":{"echo":"Please echo 119","in_reply_to":17,"msg_id":17,"type":"echo_ok"}}
2024/02/25 20:16:34 Received {c4 n0 {"echo":"Please echo 96","type":"echo","msg_id":18}}
2024/02/25 20:16:34 REPLYING from node 1
2024/02/25 20:16:34 Sent {"src":"n0","dest":"c4","body":{"echo":"Please echo 96","in_reply_to":18,"msg_id":18,"type":"echo_ok"}}
2024/02/25 20:16:34 Received {c4 n0 {"echo":"Please echo 54","type":"echo","msg_id":19}}
2024/02/25 20:16:34 REPLYING from node 1
2024/02/25 20:16:34 Sent {"src":"n0","dest":"c4","body":{"echo":"Please echo 54","in_reply_to":19,"msg_id":19,"type":"echo_ok"}}
2024/02/25 20:16:34 Received {c4 n0 {"echo":"Please echo 18","type":"echo","msg_id":20}}
2024/02/25 20:16:34 REPLYING from node 1
2024/02/25 20:16:34 Sent {"src":"n0","dest":"c4","body":{"echo":"Please echo 18","in_reply_to":20,"msg_id":20,"type":"echo_ok"}}
2024/02/25 20:16:35 Received {c4 n0 {"echo":"Please echo 119","type":"echo","msg_id":21}}
2024/02/25 20:16:35 REPLYING from node 1
2024/02/25 20:16:35 Sent {"src":"n0","dest":"c4","body":{"echo":"Please echo 119","in_reply_to":21,"msg_id":21,"type":"echo_ok"}}
2024/02/25 20:16:35 Received {c4 n0 {"echo":"Please echo 39","type":"echo","msg_id":22}}
2024/02/25 20:16:35 REPLYING from node 1
2024/02/25 20:16:35 Sent {"src":"n0","dest":"c4","body":{"echo":"Please echo 39","in_reply_to":22,"msg_id":22,"type":"echo_ok"}}
2024/02/25 20:16:36 Received {c4 n0 {"echo":"Please echo 91","type":"echo","msg_id":23}}
2024/02/25 20:16:36 REPLYING from node 1
2024/02/25 20:16:36 Sent {"src":"n0","dest":"c4","body":{"echo":"Please echo 91","in_reply_to":23,"msg_id":23,"type":"echo_ok"}}
2024/02/25 20:16:36 Received {c4 n0 {"echo":"Please echo 125","type":"echo","msg_id":24}}
2024/02/25 20:16:36 REPLYING from node 1
2024/02/25 20:16:36 Sent {"src":"n0","dest":"c4","body":{"echo":"Please echo 125","in_reply_to":24,"msg_id":24,"type":"echo_ok"}}
2024/02/25 20:16:36 Received {c4 n0 {"echo":"Please echo 79","type":"echo","msg_id":25}}
2024/02/25 20:16:36 REPLYING from node 1
2024/02/25 20:16:36 Sent {"src":"n0","dest":"c4","body":{"echo":"Please echo 79","in_reply_to":25,"msg_id":25,"type":"echo_ok"}}
2024/02/25 20:16:36 Received {c4 n0 {"echo":"Please echo 34","type":"echo","msg_id":26}}
2024/02/25 20:16:36 REPLYING from node 1
2024/02/25 20:16:36 Sent {"src":"n0","dest":"c4","body":{"echo":"Please echo 34","in_reply_to":26,"msg_id":26,"type":"echo_ok"}}
2024/02/25 20:16:37 Received {c4 n0 {"echo":"Please echo 106","type":"echo","msg_id":27}}
2024/02/25 20:16:37 REPLYING from node 1
2024/02/25 20:16:37 Sent {"src":"n0","dest":"c4","body":{"echo":"Please echo 106","in_reply_to":27,"msg_id":27,"type":"echo_ok"}}
2024/02/25 20:16:37 Received {c4 n0 {"echo":"Please echo 127","type":"echo","msg_id":28}}
2024/02/25 20:16:37 REPLYING from node 1
2024/02/25 20:16:37 Sent {"src":"n0","dest":"c4","body":{"echo":"Please echo 127","in_reply_to":28,"msg_id":28,"type":"echo_ok"}}
