2024/02/25 20:16:27 Received {c0 n1 {"type":"init","node_id":"n1","node_ids":["n0","n1"],"msg_id":1}}
2024/02/25 20:16:27 Node n1 initialized
2024/02/25 20:16:27 Sent {"src":"n1","dest":"c0","body":{"in_reply_to":1,"type":"init_ok"}}
2024/02/25 20:16:28 Received {c5 n1 {"echo":"Please echo 7","type":"echo","msg_id":1}}
2024/02/25 20:16:28 REPLYING from node 1
2024/02/25 20:16:28 Sent {"src":"n1","dest":"c5","body":{"echo":"Please echo 7","in_reply_to":1,"msg_id":1,"type":"echo_ok"}}
2024/02/25 20:16:28 Received {c5 n1 {"echo":"Please echo 125","type":"echo","msg_id":2}}
2024/02/25 20:16:28 REPLYING from node 1
2024/02/25 20:16:28 Sent {"src":"n1","dest":"c5","body":{"echo":"Please echo 125","in_reply_to":2,"msg_id":2,"type":"echo_ok"}}
2024/02/25 20:16:29 Received {c5 n1 {"echo":"Please echo 80","type":"echo","msg_id":3}}
2024/02/25 20:16:29 REPLYING from node 1
2024/02/25 20:16:29 Sent {"src":"n1","dest":"c5","body":{"echo":"Please echo 80","in_reply_to":3,"msg_id":3,"type":"echo_ok"}}
2024/02/25 20:16:29 Received {c5 n1 {"echo":"Please echo 19","type":"echo","msg_id":4}}
2024/02/25 20:16:29 REPLYING from node 1
2024/02/25 20:16:29 Sent {"src":"n1","dest":"c5","body":{"echo":"Please echo 19","in_reply_to":4,"msg_id":4,"type":"echo_ok"}}
2024/02/25 20:16:30 Received {c5 n1 {"echo":"Please echo 36","type":"echo","msg_id":5}}
2024/02/25 20:16:30 REPLYING from node 1
2024/02/25 20:16:30 Sent {"src":"n1","dest":"c5","body":{"echo":"Please echo 36","in_reply_to":5,"msg_id":5,"type":"echo_ok"}}
2024/02/25 20:16:30 Received {c5 n1 {"echo":"Please echo 60","type":"echo","msg_id":6}}
2024/02/25 20:16:30 REPLYING from node 1
2024/02/25 20:16:30 Sent {"src":"n1","dest":"c5","body":{"echo":"Please echo 60","in_reply_to":6,"msg_id":6,"type":"echo_ok"}}
2024/02/25 20:16:31 Received {c5 n1 {"echo":"Please echo 112","type":"echo","msg_id":7}}
2024/02/25 20:16:31 REPLYING from node 1
2024/02/25 20:16:31 Sent {"src":"n1","dest":"c5","body":{"echo":"Please echo 112","in_reply_to":7,"msg_id":7,"type":"echo_ok"}}
2024/02/25 20:16:31 Received {c5 n1 {"echo":"Please echo 19","type":"echo","msg_id":8}}
2024/02/25 20:16:31 REPLYING from node 1
2024/02/25 20:16:31 Sent {"src":"n1","dest":"c5","body":{"echo":"Please echo 19","in_reply_to":8,"msg_id":8,"type":"echo_ok"}}
2024/02/25 20:16:33 Received {c5 n1 {"echo":"Please echo 20","type":"echo","msg_id":9}}
2024/02/25 20:16:33 REPLYING from node 1
2024/02/25 20:16:33 Sent {"src":"n1","dest":"c5","body":{"echo":"Please echo 20","in_reply_to":9,"msg_id":9,"type":"echo_ok"}}
2024/02/25 20:16:33 Received {c5 n1 {"echo":"Please echo 0","type":"echo","msg_id":10}}
2024/02/25 20:16:33 REPLYING from node 1
2024/02/25 20:16:33 Sent {"src":"n1","dest":"c5","body":{"echo":"Please echo 0","in_reply_to":10,"msg_id":10,"type":"echo_ok"}}
2024/02/25 20:16:34 Received {c5 n1 {"echo":"Please echo 57","type":"echo","msg_id":11}}
2024/02/25 20:16:34 REPLYING from node 1
2024/02/25 20:16:34 Sent {"src":"n1","dest":"c5","body":{"echo":"Please echo 57","in_reply_to":11,"msg_id":11,"type":"echo_ok"}}
2024/02/25 20:16:34 Received {c5 n1 {"echo":"Please echo 35","type":"echo","msg_id":12}}
2024/02/25 20:16:34 REPLYING from node 1
2024/02/25 20:16:34 Sent {"src":"n1","dest":"c5","body":{"echo":"Please echo 35","in_reply_to":12,"msg_id":12,"type":"echo_ok"}}
2024/02/25 20:16:34 Received {c5 n1 {"echo":"Please echo 51","type":"echo","msg_id":13}}
2024/02/25 20:16:34 REPLYING from node 1
2024/02/25 20:16:34 Sent {"src":"n1","dest":"c5","body":{"echo":"Please echo 51","in_reply_to":13,"msg_id":13,"type":"echo_ok"}}
2024/02/25 20:16:34 Received {c5 n1 {"echo":"Please echo 14","type":"echo","msg_id":14}}
2024/02/25 20:16:34 REPLYING from node 1
2024/02/25 20:16:34 Sent {"src":"n1","dest":"c5","body":{"echo":"Please echo 14","in_reply_to":14,"msg_id":14,"type":"echo_ok"}}
2024/02/25 20:16:36 Received {c5 n1 {"echo":"Please echo 27","type":"echo","msg_id":15}}
2024/02/25 20:16:36 REPLYING from node 1
2024/02/25 20:16:36 Sent {"src":"n1","dest":"c5","body":{"echo":"Please echo 27","in_reply_to":15,"msg_id":15,"type":"echo_ok"}}
2024/02/25 20:16:37 Received {c5 n1 {"echo":"Please echo 107","type":"echo","msg_id":16}}
2024/02/25 20:16:37 REPLYING from node 1
2024/02/25 20:16:37 Sent {"src":"n1","dest":"c5","body":{"echo":"Please echo 107","in_reply_to":16,"msg_id":16,"type":"echo_ok"}}
2024/02/25 20:16:37 Received {c5 n1 {"echo":"Please echo 43","type":"echo","msg_id":17}}
2024/02/25 20:16:37 REPLYING from node 1
2024/02/25 20:16:37 Sent {"src":"n1","dest":"c5","body":{"echo":"Please echo 43","in_reply_to":17,"msg_id":17,"type":"echo_ok"}}
