2024-02-25 19:54:28,917{GMT}	INFO	[jepsen test runner] jepsen.core: Command line:
lein run test -w echo --bin /Users/aca123321/go/bin/maelstrom-echo --node-count 1 --time-limit 10
2024-02-25 19:54:28,985{GMT}	INFO	[jepsen test runner] jepsen.core: Running test:
{:args []
 :remote
 #jepsen.control.retry.Remote{:remote #jepsen.control.scp.Remote{:cmd-remote #jepsen.control.sshj.SSHJRemote{:concurrency-limit 6,
                                                                                                             :conn-spec nil,
                                                                                                             :client nil,
                                                                                                             :semaphore nil},
                                                                 :conn-spec nil},
                              :conn nil}
 :log-net-send false
 :node-count 1
 :availability nil
 :max-txn-length 4
 :concurrency 1
 :db
 #object[maelstrom.db$db$reify__16142
         "0x6ba3eee9"
         "maelstrom.db$db$reify__16142@6ba3eee9"]
 :max-writes-per-key 16
 :leave-db-running? false
 :name "echo"
 :logging-json? false
 :start-time
 #object[org.joda.time.DateTime "0x3fe8d57a" "2024-02-25T19:54:28.869+05:30"]
 :nemesis-interval 10
 :net
 #object[maelstrom.net$jepsen_net$reify__15251
         "0x36573ec5"
         "maelstrom.net$jepsen_net$reify__15251@36573ec5"]
 :client
 #object[maelstrom.workload.echo$client$reify__16863
         "0x10c26161"
         "maelstrom.workload.echo$client$reify__16863@10c26161"]
 :barrier
 #object[java.util.concurrent.CyclicBarrier
         "0x1ef6977b"
         "java.util.concurrent.CyclicBarrier@1ef6977b"]
 :log-stderr false
 :pure-generators true
 :ssh {:dummy? true}
 :rate 5
 :checker
 #object[jepsen.checker$compose$reify__11881
         "0x674cd2da"
         "jepsen.checker$compose$reify__11881@674cd2da"]
 :argv
 ("test"
  "-w"
  "echo"
  "--bin"
  "/Users/aca123321/go/bin/maelstrom-echo"
  "--node-count"
  "1"
  "--time-limit"
  "10")
 :nemesis
 (jepsen.nemesis.ReflCompose
  {:fm {:start-partition 0,
        :stop-partition 0,
        :kill 1,
        :start 1,
        :pause 1,
        :resume 1},
   :nemeses [#unprintable "jepsen.nemesis.combined$partition_nemesis$reify__16416@686279e0"
             #unprintable "jepsen.nemesis.combined$db_nemesis$reify__16397@6b28d4e4"]})
 :nodes ["n0"]
 :test-count 1
 :latency {:mean 0, :dist :constant}
 :bin "/Users/aca123321/go/bin/maelstrom-echo"
 :generator
 (jepsen.generator.TimeLimit
  {:limit 10000000000,
   :cutoff nil,
   :gen (jepsen.generator.Any
         {:gens [(jepsen.generator.OnThreads
                  {:f #{:nemesis},
                   :context-filter #object[jepsen.generator.context$make_thread_filter$lazy_filter__9167
                                           "0x17734113"
                                           "jepsen.generator.context$make_thread_filter$lazy_filter__9167@17734113"],
                   :gen nil})
                 (jepsen.generator.OnThreads
                  {:f #jepsen.generator.context.AllBut{:element :nemesis},
                   :context-filter #object[jepsen.generator.context$make_thread_filter$lazy_filter__9167
                                           "0x27aa700"
                                           "jepsen.generator.context$make_thread_filter$lazy_filter__9167@27aa700"],
                   :gen (jepsen.generator.Stagger
                         {:dt 400000000,
                          :next-time nil,
                          :gen (jepsen.generator.EachThread
                                {:fresh-gen #object[maelstrom.workload.echo$workload$fn__16882
                                                    "0xd15f98a"
                                                    "maelstrom.workload.echo$workload$fn__16882@d15f98a"],
                                 :context-filters #object[clojure.core$promise$reify__8591
                                                          "0x704c3ca2"
                                                          {:status :pending,
                                                           :val nil}],
                                 :gens {}})})})]})})
 :log-net-recv false
 :os
 #object[maelstrom.net$jepsen_os$reify__15254
         "0x7d3a9061"
         "maelstrom.net$jepsen_os$reify__15254@7d3a9061"]
 :time-limit 10
 :workload :echo
 :consistency-models [:strict-serializable]
 :topology :grid}

2024-02-25 19:54:31,453{GMT}	INFO	[jepsen node n0] maelstrom.net: Starting Maelstrom network
2024-02-25 19:54:31,454{GMT}	INFO	[jepsen test runner] jepsen.db: Tearing down DB
2024-02-25 19:54:31,455{GMT}	INFO	[jepsen test runner] jepsen.db: Setting up DB
2024-02-25 19:54:31,458{GMT}	INFO	[jepsen node n0] maelstrom.service: Starting services: (lin-kv lin-tso lww-kv seq-kv)
2024-02-25 19:54:31,460{GMT}	INFO	[jepsen node n0] maelstrom.db: Setting up n0
2024-02-25 19:54:31,461{GMT}	INFO	[jepsen node n0] maelstrom.process: launching /Users/aca123321/go/bin/maelstrom-echo []
2024-02-25 19:54:31,490{GMT}	INFO	[jepsen test runner] jepsen.core: Relative time begins now
2024-02-25 19:54:31,508{GMT}	INFO	[jepsen worker 0] jepsen.util: 0	:invoke	:echo	"Please echo 94"
2024-02-25 19:54:31,516{GMT}	INFO	[jepsen worker 0] jepsen.util: 0	:ok	:echo	{:echo "Please echo 94", :in_reply_to 1, :msg_id 1, :type "echo_ok"}
2024-02-25 19:54:31,564{GMT}	INFO	[jepsen worker 0] jepsen.util: 0	:invoke	:echo	"Please echo 6"
2024-02-25 19:54:31,566{GMT}	INFO	[jepsen worker 0] jepsen.util: 0	:ok	:echo	{:echo "Please echo 6", :in_reply_to 2, :msg_id 2, :type "echo_ok"}
2024-02-25 19:54:31,773{GMT}	INFO	[jepsen worker 0] jepsen.util: 0	:invoke	:echo	"Please echo 22"
2024-02-25 19:54:31,774{GMT}	INFO	[jepsen worker 0] jepsen.util: 0	:ok	:echo	{:echo "Please echo 22", :in_reply_to 3, :msg_id 3, :type "echo_ok"}
2024-02-25 19:54:31,985{GMT}	INFO	[jepsen worker 0] jepsen.util: 0	:invoke	:echo	"Please echo 38"
2024-02-25 19:54:31,987{GMT}	INFO	[jepsen worker 0] jepsen.util: 0	:ok	:echo	{:echo "Please echo 38", :in_reply_to 4, :msg_id 4, :type "echo_ok"}
2024-02-25 19:54:32,088{GMT}	INFO	[jepsen worker 0] jepsen.util: 0	:invoke	:echo	"Please echo 95"
2024-02-25 19:54:32,090{GMT}	INFO	[jepsen worker 0] jepsen.util: 0	:ok	:echo	{:echo "Please echo 95", :in_reply_to 5, :msg_id 5, :type "echo_ok"}
2024-02-25 19:54:32,345{GMT}	INFO	[jepsen worker 0] jepsen.util: 0	:invoke	:echo	"Please echo 74"
2024-02-25 19:54:32,347{GMT}	INFO	[jepsen worker 0] jepsen.util: 0	:ok	:echo	{:echo "Please echo 74", :in_reply_to 6, :msg_id 6, :type "echo_ok"}
2024-02-25 19:54:32,736{GMT}	INFO	[jepsen worker 0] jepsen.util: 0	:invoke	:echo	"Please echo 55"
2024-02-25 19:54:32,738{GMT}	INFO	[jepsen worker 0] jepsen.util: 0	:ok	:echo	{:echo "Please echo 55", :in_reply_to 7, :msg_id 7, :type "echo_ok"}
2024-02-25 19:54:32,986{GMT}	INFO	[jepsen worker 0] jepsen.util: 0	:invoke	:echo	"Please echo 90"
2024-02-25 19:54:32,988{GMT}	INFO	[jepsen worker 0] jepsen.util: 0	:ok	:echo	{:echo "Please echo 90", :in_reply_to 8, :msg_id 8, :type "echo_ok"}
2024-02-25 19:54:33,191{GMT}	INFO	[jepsen worker 0] jepsen.util: 0	:invoke	:echo	"Please echo 54"
2024-02-25 19:54:33,193{GMT}	INFO	[jepsen worker 0] jepsen.util: 0	:ok	:echo	{:echo "Please echo 54", :in_reply_to 9, :msg_id 9, :type "echo_ok"}
2024-02-25 19:54:33,590{GMT}	INFO	[jepsen worker 0] jepsen.util: 0	:invoke	:echo	"Please echo 80"
2024-02-25 19:54:33,592{GMT}	INFO	[jepsen worker 0] jepsen.util: 0	:ok	:echo	{:echo "Please echo 80", :in_reply_to 10, :msg_id 10, :type "echo_ok"}
2024-02-25 19:54:33,710{GMT}	INFO	[jepsen worker 0] jepsen.util: 0	:invoke	:echo	"Please echo 119"
2024-02-25 19:54:33,712{GMT}	INFO	[jepsen worker 0] jepsen.util: 0	:ok	:echo	{:echo "Please echo 119", :in_reply_to 11, :msg_id 11, :type "echo_ok"}
2024-02-25 19:54:34,108{GMT}	INFO	[jepsen worker 0] jepsen.util: 0	:invoke	:echo	"Please echo 114"
2024-02-25 19:54:34,110{GMT}	INFO	[jepsen worker 0] jepsen.util: 0	:ok	:echo	{:echo "Please echo 114", :in_reply_to 12, :msg_id 12, :type "echo_ok"}
2024-02-25 19:54:34,434{GMT}	INFO	[jepsen worker 0] jepsen.util: 0	:invoke	:echo	"Please echo 124"
2024-02-25 19:54:34,436{GMT}	INFO	[jepsen worker 0] jepsen.util: 0	:ok	:echo	{:echo "Please echo 124", :in_reply_to 13, :msg_id 13, :type "echo_ok"}
2024-02-25 19:54:34,621{GMT}	INFO	[jepsen worker 0] jepsen.util: 0	:invoke	:echo	"Please echo 85"
2024-02-25 19:54:34,623{GMT}	INFO	[jepsen worker 0] jepsen.util: 0	:ok	:echo	{:echo "Please echo 85", :in_reply_to 14, :msg_id 14, :type "echo_ok"}
2024-02-25 19:54:34,834{GMT}	INFO	[jepsen worker 0] jepsen.util: 0	:invoke	:echo	"Please echo 38"
2024-02-25 19:54:34,836{GMT}	INFO	[jepsen worker 0] jepsen.util: 0	:ok	:echo	{:echo "Please echo 38", :in_reply_to 15, :msg_id 15, :type "echo_ok"}
2024-02-25 19:54:35,142{GMT}	INFO	[jepsen worker 0] jepsen.util: 0	:invoke	:echo	"Please echo 113"
2024-02-25 19:54:35,144{GMT}	INFO	[jepsen worker 0] jepsen.util: 0	:ok	:echo	{:echo "Please echo 113", :in_reply_to 16, :msg_id 16, :type "echo_ok"}
2024-02-25 19:54:35,329{GMT}	INFO	[jepsen worker 0] jepsen.util: 0	:invoke	:echo	"Please echo 37"
2024-02-25 19:54:35,331{GMT}	INFO	[jepsen worker 0] jepsen.util: 0	:ok	:echo	{:echo "Please echo 37", :in_reply_to 17, :msg_id 17, :type "echo_ok"}
2024-02-25 19:54:35,421{GMT}	INFO	[jepsen worker 0] jepsen.util: 0	:invoke	:echo	"Please echo 60"
2024-02-25 19:54:35,423{GMT}	INFO	[jepsen worker 0] jepsen.util: 0	:ok	:echo	{:echo "Please echo 60", :in_reply_to 18, :msg_id 18, :type "echo_ok"}
2024-02-25 19:54:35,717{GMT}	INFO	[jepsen worker 0] jepsen.util: 0	:invoke	:echo	"Please echo 89"
2024-02-25 19:54:35,720{GMT}	INFO	[jepsen worker 0] jepsen.util: 0	:ok	:echo	{:echo "Please echo 89", :in_reply_to 19, :msg_id 19, :type "echo_ok"}
2024-02-25 19:54:36,060{GMT}	INFO	[jepsen worker 0] jepsen.util: 0	:invoke	:echo	"Please echo 39"
2024-02-25 19:54:36,062{GMT}	INFO	[jepsen worker 0] jepsen.util: 0	:ok	:echo	{:echo "Please echo 39", :in_reply_to 20, :msg_id 20, :type "echo_ok"}
2024-02-25 19:54:36,143{GMT}	INFO	[jepsen worker 0] jepsen.util: 0	:invoke	:echo	"Please echo 116"
2024-02-25 19:54:36,144{GMT}	INFO	[jepsen worker 0] jepsen.util: 0	:ok	:echo	{:echo "Please echo 116", :in_reply_to 21, :msg_id 21, :type "echo_ok"}
2024-02-25 19:54:36,393{GMT}	INFO	[jepsen worker 0] jepsen.util: 0	:invoke	:echo	"Please echo 4"
2024-02-25 19:54:36,394{GMT}	INFO	[jepsen worker 0] jepsen.util: 0	:ok	:echo	{:echo "Please echo 4", :in_reply_to 22, :msg_id 22, :type "echo_ok"}
2024-02-25 19:54:36,754{GMT}	INFO	[jepsen worker 0] jepsen.util: 0	:invoke	:echo	"Please echo 57"
2024-02-25 19:54:36,756{GMT}	INFO	[jepsen worker 0] jepsen.util: 0	:ok	:echo	{:echo "Please echo 57", :in_reply_to 23, :msg_id 23, :type "echo_ok"}
2024-02-25 19:54:36,986{GMT}	INFO	[jepsen worker 0] jepsen.util: 0	:invoke	:echo	"Please echo 75"
2024-02-25 19:54:36,997{GMT}	INFO	[jepsen worker 0] jepsen.util: 0	:ok	:echo	{:echo "Please echo 75", :in_reply_to 24, :msg_id 24, :type "echo_ok"}
2024-02-25 19:54:37,312{GMT}	INFO	[jepsen worker 0] jepsen.util: 0	:invoke	:echo	"Please echo 85"
2024-02-25 19:54:37,314{GMT}	INFO	[jepsen worker 0] jepsen.util: 0	:ok	:echo	{:echo "Please echo 85", :in_reply_to 25, :msg_id 25, :type "echo_ok"}
2024-02-25 19:54:37,523{GMT}	INFO	[jepsen worker 0] jepsen.util: 0	:invoke	:echo	"Please echo 12"
2024-02-25 19:54:37,525{GMT}	INFO	[jepsen worker 0] jepsen.util: 0	:ok	:echo	{:echo "Please echo 12", :in_reply_to 26, :msg_id 26, :type "echo_ok"}
2024-02-25 19:54:37,928{GMT}	INFO	[jepsen worker 0] jepsen.util: 0	:invoke	:echo	"Please echo 98"
2024-02-25 19:54:37,930{GMT}	INFO	[jepsen worker 0] jepsen.util: 0	:ok	:echo	{:echo "Please echo 98", :in_reply_to 27, :msg_id 27, :type "echo_ok"}
2024-02-25 19:54:37,995{GMT}	INFO	[jepsen worker 0] jepsen.util: 0	:invoke	:echo	"Please echo 103"
2024-02-25 19:54:37,996{GMT}	INFO	[jepsen worker 0] jepsen.util: 0	:ok	:echo	{:echo "Please echo 103", :in_reply_to 28, :msg_id 28, :type "echo_ok"}
2024-02-25 19:54:38,314{GMT}	INFO	[jepsen worker 0] jepsen.util: 0	:invoke	:echo	"Please echo 58"
2024-02-25 19:54:38,315{GMT}	INFO	[jepsen worker 0] jepsen.util: 0	:ok	:echo	{:echo "Please echo 58", :in_reply_to 29, :msg_id 29, :type "echo_ok"}
2024-02-25 19:54:38,503{GMT}	INFO	[jepsen worker 0] jepsen.util: 0	:invoke	:echo	"Please echo 67"
2024-02-25 19:54:38,505{GMT}	INFO	[jepsen worker 0] jepsen.util: 0	:ok	:echo	{:echo "Please echo 67", :in_reply_to 30, :msg_id 30, :type "echo_ok"}
2024-02-25 19:54:38,795{GMT}	INFO	[jepsen worker 0] jepsen.util: 0	:invoke	:echo	"Please echo 32"
2024-02-25 19:54:38,797{GMT}	INFO	[jepsen worker 0] jepsen.util: 0	:ok	:echo	{:echo "Please echo 32", :in_reply_to 31, :msg_id 31, :type "echo_ok"}
2024-02-25 19:54:38,829{GMT}	INFO	[jepsen worker 0] jepsen.util: 0	:invoke	:echo	"Please echo 46"
2024-02-25 19:54:38,831{GMT}	INFO	[jepsen worker 0] jepsen.util: 0	:ok	:echo	{:echo "Please echo 46", :in_reply_to 32, :msg_id 32, :type "echo_ok"}
2024-02-25 19:54:38,956{GMT}	INFO	[jepsen worker 0] jepsen.util: 0	:invoke	:echo	"Please echo 97"
2024-02-25 19:54:38,959{GMT}	INFO	[jepsen worker 0] jepsen.util: 0	:ok	:echo	{:echo "Please echo 97", :in_reply_to 33, :msg_id 33, :type "echo_ok"}
2024-02-25 19:54:39,279{GMT}	INFO	[jepsen worker 0] jepsen.util: 0	:invoke	:echo	"Please echo 51"
2024-02-25 19:54:39,281{GMT}	INFO	[jepsen worker 0] jepsen.util: 0	:ok	:echo	{:echo "Please echo 51", :in_reply_to 34, :msg_id 34, :type "echo_ok"}
2024-02-25 19:54:39,479{GMT}	INFO	[jepsen worker 0] jepsen.util: 0	:invoke	:echo	"Please echo 94"
2024-02-25 19:54:39,481{GMT}	INFO	[jepsen worker 0] jepsen.util: 0	:ok	:echo	{:echo "Please echo 94", :in_reply_to 35, :msg_id 35, :type "echo_ok"}
2024-02-25 19:54:39,722{GMT}	INFO	[jepsen worker 0] jepsen.util: 0	:invoke	:echo	"Please echo 88"
2024-02-25 19:54:39,724{GMT}	INFO	[jepsen worker 0] jepsen.util: 0	:ok	:echo	{:echo "Please echo 88", :in_reply_to 36, :msg_id 36, :type "echo_ok"}
2024-02-25 19:54:39,933{GMT}	INFO	[jepsen worker 0] jepsen.util: 0	:invoke	:echo	"Please echo 117"
2024-02-25 19:54:39,935{GMT}	INFO	[jepsen worker 0] jepsen.util: 0	:ok	:echo	{:echo "Please echo 117", :in_reply_to 37, :msg_id 37, :type "echo_ok"}
2024-02-25 19:54:40,055{GMT}	INFO	[jepsen worker 0] jepsen.util: 0	:invoke	:echo	"Please echo 97"
2024-02-25 19:54:40,056{GMT}	INFO	[jepsen worker 0] jepsen.util: 0	:ok	:echo	{:echo "Please echo 97", :in_reply_to 38, :msg_id 38, :type "echo_ok"}
2024-02-25 19:54:40,362{GMT}	INFO	[jepsen worker 0] jepsen.util: 0	:invoke	:echo	"Please echo 88"
2024-02-25 19:54:40,363{GMT}	INFO	[jepsen worker 0] jepsen.util: 0	:ok	:echo	{:echo "Please echo 88", :in_reply_to 39, :msg_id 39, :type "echo_ok"}
2024-02-25 19:54:40,759{GMT}	INFO	[jepsen worker 0] jepsen.util: 0	:invoke	:echo	"Please echo 113"
2024-02-25 19:54:40,760{GMT}	INFO	[jepsen worker 0] jepsen.util: 0	:ok	:echo	{:echo "Please echo 113", :in_reply_to 40, :msg_id 40, :type "echo_ok"}
2024-02-25 19:54:40,833{GMT}	INFO	[jepsen worker 0] jepsen.util: 0	:invoke	:echo	"Please echo 32"
2024-02-25 19:54:40,835{GMT}	INFO	[jepsen worker 0] jepsen.util: 0	:ok	:echo	{:echo "Please echo 32", :in_reply_to 41, :msg_id 41, :type "echo_ok"}
2024-02-25 19:54:41,076{GMT}	INFO	[jepsen worker 0] jepsen.util: 0	:invoke	:echo	"Please echo 34"
2024-02-25 19:54:41,077{GMT}	INFO	[jepsen worker 0] jepsen.util: 0	:ok	:echo	{:echo "Please echo 34", :in_reply_to 42, :msg_id 42, :type "echo_ok"}
2024-02-25 19:54:41,413{GMT}	INFO	[jepsen worker 0] jepsen.util: 0	:invoke	:echo	"Please echo 53"
2024-02-25 19:54:41,415{GMT}	INFO	[jepsen worker 0] jepsen.util: 0	:ok	:echo	{:echo "Please echo 53", :in_reply_to 43, :msg_id 43, :type "echo_ok"}
2024-02-25 19:54:41,538{GMT}	INFO	[jepsen test runner] jepsen.core: Run complete, writing
2024-02-25 19:54:41,609{GMT}	INFO	[jepsen node n0] maelstrom.db: Tearing down n0
2024-02-25 19:54:42,489{GMT}	INFO	[jepsen node n0] maelstrom.net: Shutting down Maelstrom network
2024-02-25 19:54:42,490{GMT}	INFO	[jepsen test runner] jepsen.core: Analyzing...
2024-02-25 19:54:42,964{GMT}	INFO	[jepsen test runner] jepsen.core: Analysis complete
2024-02-25 19:54:42,987{GMT}	INFO	[jepsen results] jepsen.store: Wrote /Users/aca123321/Desktop/Personal/Fly io distriibuted systems challenges/maelstrom/store/echo/20240225T195428.869+0530/results.edn
2024-02-25 19:54:43,074{GMT}	INFO	[jepsen test runner] jepsen.core: {:perf {:latency-graph {:valid? true},
        :rate-graph {:valid? true},
        :valid? true},
 :timeline {:valid? true},
 :exceptions {:valid? true},
 :stats {:valid? true,
         :count 43,
         :ok-count 43,
         :fail-count 0,
         :info-count 0,
         :by-f {:echo {:valid? true,
                       :count 43,
                       :ok-count 43,
                       :fail-count 0,
                       :info-count 0}}},
 :availability {:valid? true, :ok-fraction 1.0},
 :net {:all {:send-count 88,
             :recv-count 88,
             :msg-count 88,
             :msgs-per-op 2.0465117},
       :clients {:send-count 88, :recv-count 88, :msg-count 88},
       :servers {:send-count 0,
                 :recv-count 0,
                 :msg-count 0,
                 :msgs-per-op 0.0},
       :valid? true},
 :workload {:valid? true, :errors ()},
 :valid? true}


Everything looks good! ヽ(‘ー`)ノ
