2024/02/25 19:59:33 Received {c0 n1 {"type":"init","node_id":"n1","node_ids":["n0","n1"],"msg_id":1}}
2024/02/25 19:59:33 Node n1 initialized
2024/02/25 19:59:33 Sent {"src":"n1","dest":"c0","body":{"in_reply_to":1,"type":"init_ok"}}
2024/02/25 19:59:33 Received {c5 n1 {"echo":"Please echo 63","type":"echo","msg_id":1}}
2024/02/25 19:59:33 Sent {"src":"n1","dest":"c5","body":{"echo":"Please echo 63","in_reply_to":1,"msg_id":1,"type":"echo_ok"}}
2024/02/25 19:59:33 Received {c5 n1 {"echo":"Please echo 120","type":"echo","msg_id":2}}
2024/02/25 19:59:33 Sent {"src":"n1","dest":"c5","body":{"echo":"Please echo 120","in_reply_to":2,"msg_id":2,"type":"echo_ok"}}
2024/02/25 19:59:33 Received {c5 n1 {"echo":"Please echo 58","type":"echo","msg_id":3}}
2024/02/25 19:59:33 Sent {"src":"n1","dest":"c5","body":{"echo":"Please echo 58","in_reply_to":3,"msg_id":3,"type":"echo_ok"}}
2024/02/25 19:59:34 Received {c5 n1 {"echo":"Please echo 116","type":"echo","msg_id":4}}
2024/02/25 19:59:34 Sent {"src":"n1","dest":"c5","body":{"echo":"Please echo 116","in_reply_to":4,"msg_id":4,"type":"echo_ok"}}
2024/02/25 19:59:34 Received {c5 n1 {"echo":"Please echo 105","type":"echo","msg_id":5}}
2024/02/25 19:59:34 Sent {"src":"n1","dest":"c5","body":{"echo":"Please echo 105","in_reply_to":5,"msg_id":5,"type":"echo_ok"}}
2024/02/25 19:59:34 Received {c5 n1 {"echo":"Please echo 38","type":"echo","msg_id":6}}
2024/02/25 19:59:34 Sent {"src":"n1","dest":"c5","body":{"echo":"Please echo 38","in_reply_to":6,"msg_id":6,"type":"echo_ok"}}
2024/02/25 19:59:35 Received {c5 n1 {"echo":"Please echo 7","type":"echo","msg_id":7}}
2024/02/25 19:59:35 Sent {"src":"n1","dest":"c5","body":{"echo":"Please echo 7","in_reply_to":7,"msg_id":7,"type":"echo_ok"}}
2024/02/25 19:59:36 Received {c5 n1 {"echo":"Please echo 32","type":"echo","msg_id":8}}
2024/02/25 19:59:36 Sent {"src":"n1","dest":"c5","body":{"echo":"Please echo 32","in_reply_to":8,"msg_id":8,"type":"echo_ok"}}
2024/02/25 19:59:37 Received {c5 n1 {"echo":"Please echo 19","type":"echo","msg_id":9}}
2024/02/25 19:59:37 Sent {"src":"n1","dest":"c5","body":{"echo":"Please echo 19","in_reply_to":9,"msg_id":9,"type":"echo_ok"}}
2024/02/25 19:59:37 Received {c5 n1 {"echo":"Please echo 65","type":"echo","msg_id":10}}
2024/02/25 19:59:37 Sent {"src":"n1","dest":"c5","body":{"echo":"Please echo 65","in_reply_to":10,"msg_id":10,"type":"echo_ok"}}
2024/02/25 19:59:38 Received {c5 n1 {"echo":"Please echo 82","type":"echo","msg_id":11}}
2024/02/25 19:59:38 Sent {"src":"n1","dest":"c5","body":{"echo":"Please echo 82","in_reply_to":11,"msg_id":11,"type":"echo_ok"}}
2024/02/25 19:59:38 Received {c5 n1 {"echo":"Please echo 9","type":"echo","msg_id":12}}
2024/02/25 19:59:38 Sent {"src":"n1","dest":"c5","body":{"echo":"Please echo 9","in_reply_to":12,"msg_id":12,"type":"echo_ok"}}
2024/02/25 19:59:39 Received {c5 n1 {"echo":"Please echo 127","type":"echo","msg_id":13}}
2024/02/25 19:59:39 Sent {"src":"n1","dest":"c5","body":{"echo":"Please echo 127","in_reply_to":13,"msg_id":13,"type":"echo_ok"}}
2024/02/25 19:59:40 Received {c5 n1 {"echo":"Please echo 99","type":"echo","msg_id":14}}
2024/02/25 19:59:40 Sent {"src":"n1","dest":"c5","body":{"echo":"Please echo 99","in_reply_to":14,"msg_id":14,"type":"echo_ok"}}
2024/02/25 19:59:41 Received {c5 n1 {"echo":"Please echo 96","type":"echo","msg_id":15}}
2024/02/25 19:59:41 Sent {"src":"n1","dest":"c5","body":{"echo":"Please echo 96","in_reply_to":15,"msg_id":15,"type":"echo_ok"}}
2024/02/25 19:59:41 Received {c5 n1 {"echo":"Please echo 71","type":"echo","msg_id":16}}
2024/02/25 19:59:41 Sent {"src":"n1","dest":"c5","body":{"echo":"Please echo 71","in_reply_to":16,"msg_id":16,"type":"echo_ok"}}
2024/02/25 19:59:41 Received {c5 n1 {"echo":"Please echo 107","type":"echo","msg_id":17}}
2024/02/25 19:59:41 Sent {"src":"n1","dest":"c5","body":{"echo":"Please echo 107","in_reply_to":17,"msg_id":17,"type":"echo_ok"}}
2024/02/25 19:59:41 Received {c5 n1 {"echo":"Please echo 46","type":"echo","msg_id":18}}
2024/02/25 19:59:41 Sent {"src":"n1","dest":"c5","body":{"echo":"Please echo 46","in_reply_to":18,"msg_id":18,"type":"echo_ok"}}
2024/02/25 19:59:41 Received {c5 n1 {"echo":"Please echo 119","type":"echo","msg_id":19}}
2024/02/25 19:59:41 Sent {"src":"n1","dest":"c5","body":{"echo":"Please echo 119","in_reply_to":19,"msg_id":19,"type":"echo_ok"}}
2024/02/25 19:59:42 Received {c5 n1 {"echo":"Please echo 52","type":"echo","msg_id":20}}
2024/02/25 19:59:42 Sent {"src":"n1","dest":"c5","body":{"echo":"Please echo 52","in_reply_to":20,"msg_id":20,"type":"echo_ok"}}
2024/02/25 19:59:42 Received {c5 n1 {"echo":"Please echo 69","type":"echo","msg_id":21}}
2024/02/25 19:59:42 Sent {"src":"n1","dest":"c5","body":{"echo":"Please echo 69","in_reply_to":21,"msg_id":21,"type":"echo_ok"}}
2024/02/25 19:59:42 Received {c5 n1 {"echo":"Please echo 16","type":"echo","msg_id":22}}
2024/02/25 19:59:42 Sent {"src":"n1","dest":"c5","body":{"echo":"Please echo 16","in_reply_to":22,"msg_id":22,"type":"echo_ok"}}
2024/02/25 19:59:42 Received {c5 n1 {"echo":"Please echo 59","type":"echo","msg_id":23}}
2024/02/25 19:59:42 Sent {"src":"n1","dest":"c5","body":{"echo":"Please echo 59","in_reply_to":23,"msg_id":23,"type":"echo_ok"}}
2024/02/25 19:59:42 Received {c5 n1 {"echo":"Please echo 9","type":"echo","msg_id":24}}
2024/02/25 19:59:42 Sent {"src":"n1","dest":"c5","body":{"echo":"Please echo 9","in_reply_to":24,"msg_id":24,"type":"echo_ok"}}
