2024-02-25 19:57:31,126{GMT}	INFO	[jepsen test runner] jepsen.core: Command line:
lein run test -w echo --bin /Users/aca123321/go/bin/maelstrom-echo --node-count 2 --time-limit 10
2024-02-25 19:57:31,192{GMT}	INFO	[jepsen test runner] jepsen.core: Running test:
{:args []
 :remote
 #jepsen.control.retry.Remote{:remote #jepsen.control.scp.Remote{:cmd-remote #jepsen.control.sshj.SSHJRemote{:concurrency-limit 6,
                                                                                                             :conn-spec nil,
                                                                                                             :client nil,
                                                                                                             :semaphore nil},
                                                                 :conn-spec nil},
                              :conn nil}
 :log-net-send false
 :node-count 2
 :availability nil
 :max-txn-length 4
 :concurrency 2
 :db
 #object[maelstrom.db$db$reify__16142
         "0x1d628a88"
         "maelstrom.db$db$reify__16142@1d628a88"]
 :max-writes-per-key 16
 :leave-db-running? false
 :name "echo"
 :logging-json? false
 :start-time
 #object[org.joda.time.DateTime "0x36573ec5" "2024-02-25T19:57:31.081+05:30"]
 :nemesis-interval 10
 :net
 #object[maelstrom.net$jepsen_net$reify__15251
         "0x10c26161"
         "maelstrom.net$jepsen_net$reify__15251@10c26161"]
 :client
 #object[maelstrom.workload.echo$client$reify__16863
         "0x1ef6977b"
         "maelstrom.workload.echo$client$reify__16863@1ef6977b"]
 :barrier
 #object[java.util.concurrent.CyclicBarrier
         "0x674cd2da"
         "java.util.concurrent.CyclicBarrier@674cd2da"]
 :log-stderr false
 :pure-generators true
 :ssh {:dummy? true}
 :rate 5
 :checker
 #object[jepsen.checker$compose$reify__11881
         "0x686279e0"
         "jepsen.checker$compose$reify__11881@686279e0"]
 :argv
 ("test"
  "-w"
  "echo"
  "--bin"
  "/Users/aca123321/go/bin/maelstrom-echo"
  "--node-count"
  "2"
  "--time-limit"
  "10")
 :nemesis
 (jepsen.nemesis.ReflCompose
  {:fm {:start-partition 0,
        :stop-partition 0,
        :kill 1,
        :start 1,
        :pause 1,
        :resume 1},
   :nemeses [#unprintable "jepsen.nemesis.combined$partition_nemesis$reify__16416@6b28d4e4"
             #unprintable "jepsen.nemesis.combined$db_nemesis$reify__16397@41cfcbb5"]})
 :nodes ["n0" "n1"]
 :test-count 1
 :latency {:mean 0, :dist :constant}
 :bin "/Users/aca123321/go/bin/maelstrom-echo"
 :generator
 (jepsen.generator.TimeLimit
  {:limit 10000000000,
   :cutoff nil,
   :gen (jepsen.generator.Any
         {:gens [(jepsen.generator.OnThreads
                  {:f #{:nemesis},
                   :context-filter #object[jepsen.generator.context$make_thread_filter$lazy_filter__9167
                                           "0x27aa700"
                                           "jepsen.generator.context$make_thread_filter$lazy_filter__9167@27aa700"],
                   :gen nil})
                 (jepsen.generator.OnThreads
                  {:f #jepsen.generator.context.AllBut{:element :nemesis},
                   :context-filter #object[jepsen.generator.context$make_thread_filter$lazy_filter__9167
                                           "0xd15f98a"
                                           "jepsen.generator.context$make_thread_filter$lazy_filter__9167@d15f98a"],
                   :gen (jepsen.generator.Stagger
                         {:dt 400000000,
                          :next-time nil,
                          :gen (jepsen.generator.EachThread
                                {:fresh-gen #object[maelstrom.workload.echo$workload$fn__16882
                                                    "0x704c3ca2"
                                                    "maelstrom.workload.echo$workload$fn__16882@704c3ca2"],
                                 :context-filters #object[clojure.core$promise$reify__8591
                                                          "0x7d3a9061"
                                                          {:status :pending,
                                                           :val nil}],
                                 :gens {}})})})]})})
 :log-net-recv false
 :os
 #object[maelstrom.net$jepsen_os$reify__15254
         "0x2a2f7a61"
         "maelstrom.net$jepsen_os$reify__15254@2a2f7a61"]
 :time-limit 10
 :workload :echo
 :consistency-models [:strict-serializable]
 :topology :grid}

2024-02-25 19:57:33,727{GMT}	INFO	[jepsen node n0] maelstrom.net: Starting Maelstrom network
2024-02-25 19:57:33,728{GMT}	INFO	[jepsen test runner] jepsen.db: Tearing down DB
2024-02-25 19:57:33,730{GMT}	INFO	[jepsen test runner] jepsen.db: Setting up DB
2024-02-25 19:57:33,730{GMT}	INFO	[jepsen node n1] maelstrom.db: Setting up n1
2024-02-25 19:57:33,731{GMT}	INFO	[jepsen node n1] maelstrom.process: launching /Users/aca123321/go/bin/maelstrom-echo []
2024-02-25 19:57:33,732{GMT}	INFO	[jepsen node n0] maelstrom.service: Starting services: (lin-kv lin-tso lww-kv seq-kv)
2024-02-25 19:57:33,734{GMT}	INFO	[jepsen node n0] maelstrom.db: Setting up n0
2024-02-25 19:57:33,735{GMT}	INFO	[jepsen node n0] maelstrom.process: launching /Users/aca123321/go/bin/maelstrom-echo []
2024-02-25 19:57:33,762{GMT}	INFO	[jepsen test runner] jepsen.core: Relative time begins now
2024-02-25 19:57:33,778{GMT}	INFO	[jepsen worker 1] jepsen.util: 1	:invoke	:echo	"Please echo 3"
2024-02-25 19:57:33,784{GMT}	INFO	[jepsen worker 1] jepsen.util: 1	:ok	:echo	{:echo "Please echo 3", :in_reply_to 1, :msg_id 1, :type "echo_ok"}
2024-02-25 19:57:34,089{GMT}	INFO	[jepsen worker 1] jepsen.util: 1	:invoke	:echo	"Please echo 25"
2024-02-25 19:57:34,091{GMT}	INFO	[jepsen worker 1] jepsen.util: 1	:ok	:echo	{:echo "Please echo 25", :in_reply_to 2, :msg_id 2, :type "echo_ok"}
2024-02-25 19:57:34,169{GMT}	INFO	[jepsen worker 1] jepsen.util: 1	:invoke	:echo	"Please echo 26"
2024-02-25 19:57:34,171{GMT}	INFO	[jepsen worker 1] jepsen.util: 1	:ok	:echo	{:echo "Please echo 26", :in_reply_to 3, :msg_id 3, :type "echo_ok"}
2024-02-25 19:57:34,259{GMT}	INFO	[jepsen worker 0] jepsen.util: 0	:invoke	:echo	"Please echo 90"
2024-02-25 19:57:34,262{GMT}	INFO	[jepsen worker 0] jepsen.util: 0	:ok	:echo	{:echo "Please echo 90", :in_reply_to 1, :msg_id 1, :type "echo_ok"}
2024-02-25 19:57:34,500{GMT}	INFO	[jepsen worker 1] jepsen.util: 1	:invoke	:echo	"Please echo 50"
2024-02-25 19:57:34,502{GMT}	INFO	[jepsen worker 1] jepsen.util: 1	:ok	:echo	{:echo "Please echo 50", :in_reply_to 4, :msg_id 4, :type "echo_ok"}
2024-02-25 19:57:34,807{GMT}	INFO	[jepsen worker 0] jepsen.util: 0	:invoke	:echo	"Please echo 85"
2024-02-25 19:57:34,809{GMT}	INFO	[jepsen worker 0] jepsen.util: 0	:ok	:echo	{:echo "Please echo 85", :in_reply_to 2, :msg_id 2, :type "echo_ok"}
2024-02-25 19:57:34,928{GMT}	INFO	[jepsen worker 1] jepsen.util: 1	:invoke	:echo	"Please echo 80"
2024-02-25 19:57:34,930{GMT}	INFO	[jepsen worker 1] jepsen.util: 1	:ok	:echo	{:echo "Please echo 80", :in_reply_to 5, :msg_id 5, :type "echo_ok"}
2024-02-25 19:57:35,084{GMT}	INFO	[jepsen worker 0] jepsen.util: 0	:invoke	:echo	"Please echo 106"
2024-02-25 19:57:35,086{GMT}	INFO	[jepsen worker 0] jepsen.util: 0	:ok	:echo	{:echo "Please echo 106", :in_reply_to 3, :msg_id 3, :type "echo_ok"}
2024-02-25 19:57:35,421{GMT}	INFO	[jepsen worker 0] jepsen.util: 0	:invoke	:echo	"Please echo 6"
2024-02-25 19:57:35,423{GMT}	INFO	[jepsen worker 0] jepsen.util: 0	:ok	:echo	{:echo "Please echo 6", :in_reply_to 4, :msg_id 4, :type "echo_ok"}
2024-02-25 19:57:35,639{GMT}	INFO	[jepsen worker 1] jepsen.util: 1	:invoke	:echo	"Please echo 90"
2024-02-25 19:57:35,640{GMT}	INFO	[jepsen worker 1] jepsen.util: 1	:ok	:echo	{:echo "Please echo 90", :in_reply_to 6, :msg_id 6, :type "echo_ok"}
2024-02-25 19:57:35,839{GMT}	INFO	[jepsen worker 1] jepsen.util: 1	:invoke	:echo	"Please echo 121"
2024-02-25 19:57:35,841{GMT}	INFO	[jepsen worker 1] jepsen.util: 1	:ok	:echo	{:echo "Please echo 121", :in_reply_to 7, :msg_id 7, :type "echo_ok"}
2024-02-25 19:57:36,213{GMT}	INFO	[jepsen worker 0] jepsen.util: 0	:invoke	:echo	"Please echo 78"
2024-02-25 19:57:36,214{GMT}	INFO	[jepsen worker 0] jepsen.util: 0	:ok	:echo	{:echo "Please echo 78", :in_reply_to 5, :msg_id 5, :type "echo_ok"}
2024-02-25 19:57:36,478{GMT}	INFO	[jepsen worker 1] jepsen.util: 1	:invoke	:echo	"Please echo 24"
2024-02-25 19:57:36,480{GMT}	INFO	[jepsen worker 1] jepsen.util: 1	:ok	:echo	{:echo "Please echo 24", :in_reply_to 8, :msg_id 8, :type "echo_ok"}
2024-02-25 19:57:36,561{GMT}	INFO	[jepsen worker 0] jepsen.util: 0	:invoke	:echo	"Please echo 63"
2024-02-25 19:57:36,563{GMT}	INFO	[jepsen worker 0] jepsen.util: 0	:ok	:echo	{:echo "Please echo 63", :in_reply_to 6, :msg_id 6, :type "echo_ok"}
2024-02-25 19:57:36,935{GMT}	INFO	[jepsen worker 0] jepsen.util: 0	:invoke	:echo	"Please echo 54"
2024-02-25 19:57:36,937{GMT}	INFO	[jepsen worker 0] jepsen.util: 0	:ok	:echo	{:echo "Please echo 54", :in_reply_to 7, :msg_id 7, :type "echo_ok"}
2024-02-25 19:57:37,196{GMT}	INFO	[jepsen worker 0] jepsen.util: 0	:invoke	:echo	"Please echo 114"
2024-02-25 19:57:37,198{GMT}	INFO	[jepsen worker 0] jepsen.util: 0	:ok	:echo	{:echo "Please echo 114", :in_reply_to 8, :msg_id 8, :type "echo_ok"}
2024-02-25 19:57:37,470{GMT}	INFO	[jepsen worker 1] jepsen.util: 1	:invoke	:echo	"Please echo 90"
2024-02-25 19:57:37,472{GMT}	INFO	[jepsen worker 1] jepsen.util: 1	:ok	:echo	{:echo "Please echo 90", :in_reply_to 9, :msg_id 9, :type "echo_ok"}
2024-02-25 19:57:37,839{GMT}	INFO	[jepsen worker 0] jepsen.util: 0	:invoke	:echo	"Please echo 87"
2024-02-25 19:57:37,841{GMT}	INFO	[jepsen worker 0] jepsen.util: 0	:ok	:echo	{:echo "Please echo 87", :in_reply_to 9, :msg_id 9, :type "echo_ok"}
2024-02-25 19:57:38,006{GMT}	INFO	[jepsen worker 0] jepsen.util: 0	:invoke	:echo	"Please echo 30"
2024-02-25 19:57:38,008{GMT}	INFO	[jepsen worker 0] jepsen.util: 0	:ok	:echo	{:echo "Please echo 30", :in_reply_to 10, :msg_id 10, :type "echo_ok"}
2024-02-25 19:57:38,353{GMT}	INFO	[jepsen worker 0] jepsen.util: 0	:invoke	:echo	"Please echo 106"
2024-02-25 19:57:38,355{GMT}	INFO	[jepsen worker 0] jepsen.util: 0	:ok	:echo	{:echo "Please echo 106", :in_reply_to 11, :msg_id 11, :type "echo_ok"}
2024-02-25 19:57:38,372{GMT}	INFO	[jepsen worker 0] jepsen.util: 0	:invoke	:echo	"Please echo 32"
2024-02-25 19:57:38,373{GMT}	INFO	[jepsen worker 0] jepsen.util: 0	:ok	:echo	{:echo "Please echo 32", :in_reply_to 12, :msg_id 12, :type "echo_ok"}
2024-02-25 19:57:38,504{GMT}	INFO	[jepsen worker 1] jepsen.util: 1	:invoke	:echo	"Please echo 68"
2024-02-25 19:57:38,506{GMT}	INFO	[jepsen worker 1] jepsen.util: 1	:ok	:echo	{:echo "Please echo 68", :in_reply_to 10, :msg_id 10, :type "echo_ok"}
2024-02-25 19:57:38,664{GMT}	INFO	[jepsen worker 1] jepsen.util: 1	:invoke	:echo	"Please echo 116"
2024-02-25 19:57:38,665{GMT}	INFO	[jepsen worker 1] jepsen.util: 1	:ok	:echo	{:echo "Please echo 116", :in_reply_to 11, :msg_id 11, :type "echo_ok"}
2024-02-25 19:57:38,871{GMT}	INFO	[jepsen worker 0] jepsen.util: 0	:invoke	:echo	"Please echo 77"
2024-02-25 19:57:38,873{GMT}	INFO	[jepsen worker 0] jepsen.util: 0	:ok	:echo	{:echo "Please echo 77", :in_reply_to 13, :msg_id 13, :type "echo_ok"}
2024-02-25 19:57:39,271{GMT}	INFO	[jepsen worker 1] jepsen.util: 1	:invoke	:echo	"Please echo 61"
2024-02-25 19:57:39,272{GMT}	INFO	[jepsen worker 1] jepsen.util: 1	:ok	:echo	{:echo "Please echo 61", :in_reply_to 12, :msg_id 12, :type "echo_ok"}
2024-02-25 19:57:39,314{GMT}	INFO	[jepsen worker 1] jepsen.util: 1	:invoke	:echo	"Please echo 42"
2024-02-25 19:57:39,316{GMT}	INFO	[jepsen worker 1] jepsen.util: 1	:ok	:echo	{:echo "Please echo 42", :in_reply_to 13, :msg_id 13, :type "echo_ok"}
2024-02-25 19:57:39,394{GMT}	INFO	[jepsen worker 1] jepsen.util: 1	:invoke	:echo	"Please echo 121"
2024-02-25 19:57:39,395{GMT}	INFO	[jepsen worker 1] jepsen.util: 1	:ok	:echo	{:echo "Please echo 121", :in_reply_to 14, :msg_id 14, :type "echo_ok"}
2024-02-25 19:57:39,529{GMT}	INFO	[jepsen worker 1] jepsen.util: 1	:invoke	:echo	"Please echo 13"
2024-02-25 19:57:39,531{GMT}	INFO	[jepsen worker 1] jepsen.util: 1	:ok	:echo	{:echo "Please echo 13", :in_reply_to 15, :msg_id 15, :type "echo_ok"}
2024-02-25 19:57:39,715{GMT}	INFO	[jepsen worker 0] jepsen.util: 0	:invoke	:echo	"Please echo 127"
2024-02-25 19:57:39,717{GMT}	INFO	[jepsen worker 0] jepsen.util: 0	:ok	:echo	{:echo "Please echo 127", :in_reply_to 14, :msg_id 14, :type "echo_ok"}
2024-02-25 19:57:39,965{GMT}	INFO	[jepsen worker 1] jepsen.util: 1	:invoke	:echo	"Please echo 42"
2024-02-25 19:57:39,967{GMT}	INFO	[jepsen worker 1] jepsen.util: 1	:ok	:echo	{:echo "Please echo 42", :in_reply_to 16, :msg_id 16, :type "echo_ok"}
2024-02-25 19:57:40,306{GMT}	INFO	[jepsen worker 0] jepsen.util: 0	:invoke	:echo	"Please echo 67"
2024-02-25 19:57:40,308{GMT}	INFO	[jepsen worker 0] jepsen.util: 0	:ok	:echo	{:echo "Please echo 67", :in_reply_to 15, :msg_id 15, :type "echo_ok"}
2024-02-25 19:57:40,569{GMT}	INFO	[jepsen worker 1] jepsen.util: 1	:invoke	:echo	"Please echo 17"
2024-02-25 19:57:40,571{GMT}	INFO	[jepsen worker 1] jepsen.util: 1	:ok	:echo	{:echo "Please echo 17", :in_reply_to 17, :msg_id 17, :type "echo_ok"}
2024-02-25 19:57:40,691{GMT}	INFO	[jepsen worker 0] jepsen.util: 0	:invoke	:echo	"Please echo 52"
2024-02-25 19:57:40,692{GMT}	INFO	[jepsen worker 0] jepsen.util: 0	:ok	:echo	{:echo "Please echo 52", :in_reply_to 16, :msg_id 16, :type "echo_ok"}
2024-02-25 19:57:41,006{GMT}	INFO	[jepsen worker 1] jepsen.util: 1	:invoke	:echo	"Please echo 72"
2024-02-25 19:57:41,008{GMT}	INFO	[jepsen worker 1] jepsen.util: 1	:ok	:echo	{:echo "Please echo 72", :in_reply_to 18, :msg_id 18, :type "echo_ok"}
2024-02-25 19:57:41,149{GMT}	INFO	[jepsen worker 0] jepsen.util: 0	:invoke	:echo	"Please echo 90"
2024-02-25 19:57:41,151{GMT}	INFO	[jepsen worker 0] jepsen.util: 0	:ok	:echo	{:echo "Please echo 90", :in_reply_to 17, :msg_id 17, :type "echo_ok"}
2024-02-25 19:57:41,263{GMT}	INFO	[jepsen worker 1] jepsen.util: 1	:invoke	:echo	"Please echo 92"
2024-02-25 19:57:41,265{GMT}	INFO	[jepsen worker 1] jepsen.util: 1	:ok	:echo	{:echo "Please echo 92", :in_reply_to 19, :msg_id 19, :type "echo_ok"}
2024-02-25 19:57:41,363{GMT}	INFO	[jepsen worker 0] jepsen.util: 0	:invoke	:echo	"Please echo 106"
2024-02-25 19:57:41,364{GMT}	INFO	[jepsen worker 0] jepsen.util: 0	:ok	:echo	{:echo "Please echo 106", :in_reply_to 18, :msg_id 18, :type "echo_ok"}
2024-02-25 19:57:41,683{GMT}	INFO	[jepsen worker 0] jepsen.util: 0	:invoke	:echo	"Please echo 125"
2024-02-25 19:57:41,684{GMT}	INFO	[jepsen worker 0] jepsen.util: 0	:ok	:echo	{:echo "Please echo 125", :in_reply_to 19, :msg_id 19, :type "echo_ok"}
2024-02-25 19:57:41,886{GMT}	INFO	[jepsen worker 0] jepsen.util: 0	:invoke	:echo	"Please echo 70"
2024-02-25 19:57:41,887{GMT}	INFO	[jepsen worker 1] jepsen.util: 1	:invoke	:echo	"Please echo 30"
2024-02-25 19:57:41,888{GMT}	INFO	[jepsen worker 0] jepsen.util: 0	:ok	:echo	{:echo "Please echo 70", :in_reply_to 20, :msg_id 20, :type "echo_ok"}
2024-02-25 19:57:41,888{GMT}	INFO	[jepsen worker 1] jepsen.util: 1	:ok	:echo	{:echo "Please echo 30", :in_reply_to 20, :msg_id 20, :type "echo_ok"}
2024-02-25 19:57:42,267{GMT}	INFO	[jepsen worker 0] jepsen.util: 0	:invoke	:echo	"Please echo 124"
2024-02-25 19:57:42,268{GMT}	INFO	[jepsen worker 0] jepsen.util: 0	:ok	:echo	{:echo "Please echo 124", :in_reply_to 21, :msg_id 21, :type "echo_ok"}
2024-02-25 19:57:42,599{GMT}	INFO	[jepsen worker 0] jepsen.util: 0	:invoke	:echo	"Please echo 123"
2024-02-25 19:57:42,600{GMT}	INFO	[jepsen worker 0] jepsen.util: 0	:ok	:echo	{:echo "Please echo 123", :in_reply_to 22, :msg_id 22, :type "echo_ok"}
2024-02-25 19:57:42,755{GMT}	INFO	[jepsen worker 1] jepsen.util: 1	:invoke	:echo	"Please echo 17"
2024-02-25 19:57:42,757{GMT}	INFO	[jepsen worker 1] jepsen.util: 1	:ok	:echo	{:echo "Please echo 17", :in_reply_to 21, :msg_id 21, :type "echo_ok"}
2024-02-25 19:57:42,823{GMT}	INFO	[jepsen worker 1] jepsen.util: 1	:invoke	:echo	"Please echo 33"
2024-02-25 19:57:42,824{GMT}	INFO	[jepsen worker 1] jepsen.util: 1	:ok	:echo	{:echo "Please echo 33", :in_reply_to 22, :msg_id 22, :type "echo_ok"}
2024-02-25 19:57:43,050{GMT}	INFO	[jepsen worker 1] jepsen.util: 1	:invoke	:echo	"Please echo 101"
2024-02-25 19:57:43,051{GMT}	INFO	[jepsen worker 1] jepsen.util: 1	:ok	:echo	{:echo "Please echo 101", :in_reply_to 23, :msg_id 23, :type "echo_ok"}
2024-02-25 19:57:43,290{GMT}	INFO	[jepsen worker 0] jepsen.util: 0	:invoke	:echo	"Please echo 58"
2024-02-25 19:57:43,291{GMT}	INFO	[jepsen worker 0] jepsen.util: 0	:ok	:echo	{:echo "Please echo 58", :in_reply_to 23, :msg_id 23, :type "echo_ok"}
2024-02-25 19:57:43,622{GMT}	INFO	[jepsen worker 1] jepsen.util: 1	:invoke	:echo	"Please echo 116"
2024-02-25 19:57:43,623{GMT}	INFO	[jepsen worker 1] jepsen.util: 1	:ok	:echo	{:echo "Please echo 116", :in_reply_to 24, :msg_id 24, :type "echo_ok"}
2024-02-25 19:57:43,654{GMT}	INFO	[jepsen test runner] jepsen.core: Run complete, writing
2024-02-25 19:57:43,728{GMT}	INFO	[jepsen node n0] maelstrom.db: Tearing down n0
2024-02-25 19:57:43,728{GMT}	INFO	[jepsen node n1] maelstrom.db: Tearing down n1
2024-02-25 19:57:44,753{GMT}	INFO	[jepsen node n0] maelstrom.net: Shutting down Maelstrom network
2024-02-25 19:57:44,754{GMT}	INFO	[jepsen test runner] jepsen.core: Analyzing...
2024-02-25 19:57:45,072{GMT}	INFO	[jepsen test runner] jepsen.core: Analysis complete
2024-02-25 19:57:45,093{GMT}	INFO	[jepsen results] jepsen.store: Wrote /Users/aca123321/Desktop/Personal/Fly io distriibuted systems challenges/maelstrom/store/echo/20240225T195731.081+0530/results.edn
2024-02-25 19:57:45,180{GMT}	INFO	[jepsen test runner] jepsen.core: {:perf {:latency-graph {:valid? true},
        :rate-graph {:valid? true},
        :valid? true},
 :timeline {:valid? true},
 :exceptions {:valid? true},
 :stats {:valid? true,
         :count 47,
         :ok-count 47,
         :fail-count 0,
         :info-count 0,
         :by-f {:echo {:valid? true,
                       :count 47,
                       :ok-count 47,
                       :fail-count 0,
                       :info-count 0}}},
 :availability {:valid? true, :ok-fraction 1.0},
 :net {:all {:send-count 98,
             :recv-count 98,
             :msg-count 98,
             :msgs-per-op 2.0851064},
       :clients {:send-count 98, :recv-count 98, :msg-count 98},
       :servers {:send-count 0,
                 :recv-count 0,
                 :msg-count 0,
                 :msgs-per-op 0.0},
       :valid? true},
 :workload {:valid? true, :errors ()},
 :valid? true}


Everything looks good! ヽ(‘ー`)ノ
