2024-02-25 20:27:11,038{GMT}	INFO	[jepsen test runner] jepsen.core: Command line:
lein run test -w echo --bin /Users/aca123321/go/bin/maelstrom-echo --node-count 2 --time-limit 10
2024-02-25 20:27:11,105{GMT}	INFO	[jepsen test runner] jepsen.core: Running test:
{:args []
 :remote
 #jepsen.control.retry.Remote{:remote #jepsen.control.scp.Remote{:cmd-remote #jepsen.control.sshj.SSHJRemote{:concurrency-limit 6,
                                                                                                             :conn-spec nil,
                                                                                                             :client nil,
                                                                                                             :semaphore nil},
                                                                 :conn-spec nil},
                              :conn nil}
 :log-net-send false
 :node-count 2
 :availability nil
 :max-txn-length 4
 :concurrency 2
 :db
 #object[maelstrom.db$db$reify__16142
         "0x1d628a88"
         "maelstrom.db$db$reify__16142@1d628a88"]
 :max-writes-per-key 16
 :leave-db-running? false
 :name "echo"
 :logging-json? false
 :start-time
 #object[org.joda.time.DateTime "0x36573ec5" "2024-02-25T20:27:10.994+05:30"]
 :nemesis-interval 10
 :net
 #object[maelstrom.net$jepsen_net$reify__15251
         "0x10c26161"
         "maelstrom.net$jepsen_net$reify__15251@10c26161"]
 :client
 #object[maelstrom.workload.echo$client$reify__16863
         "0x1ef6977b"
         "maelstrom.workload.echo$client$reify__16863@1ef6977b"]
 :barrier
 #object[java.util.concurrent.CyclicBarrier
         "0x674cd2da"
         "java.util.concurrent.CyclicBarrier@674cd2da"]
 :log-stderr false
 :pure-generators true
 :ssh {:dummy? true}
 :rate 5
 :checker
 #object[jepsen.checker$compose$reify__11881
         "0x686279e0"
         "jepsen.checker$compose$reify__11881@686279e0"]
 :argv
 ("test"
  "-w"
  "echo"
  "--bin"
  "/Users/aca123321/go/bin/maelstrom-echo"
  "--node-count"
  "2"
  "--time-limit"
  "10")
 :nemesis
 (jepsen.nemesis.ReflCompose
  {:fm {:start-partition 0,
        :stop-partition 0,
        :kill 1,
        :start 1,
        :pause 1,
        :resume 1},
   :nemeses [#unprintable "jepsen.nemesis.combined$partition_nemesis$reify__16416@6b28d4e4"
             #unprintable "jepsen.nemesis.combined$db_nemesis$reify__16397@41cfcbb5"]})
 :nodes ["n0" "n1"]
 :test-count 1
 :latency {:mean 0, :dist :constant}
 :bin "/Users/aca123321/go/bin/maelstrom-echo"
 :generator
 (jepsen.generator.TimeLimit
  {:limit 10000000000,
   :cutoff nil,
   :gen (jepsen.generator.Any
         {:gens [(jepsen.generator.OnThreads
                  {:f #{:nemesis},
                   :context-filter #object[jepsen.generator.context$make_thread_filter$lazy_filter__9167
                                           "0x27aa700"
                                           "jepsen.generator.context$make_thread_filter$lazy_filter__9167@27aa700"],
                   :gen nil})
                 (jepsen.generator.OnThreads
                  {:f #jepsen.generator.context.AllBut{:element :nemesis},
                   :context-filter #object[jepsen.generator.context$make_thread_filter$lazy_filter__9167
                                           "0xd15f98a"
                                           "jepsen.generator.context$make_thread_filter$lazy_filter__9167@d15f98a"],
                   :gen (jepsen.generator.Stagger
                         {:dt 400000000,
                          :next-time nil,
                          :gen (jepsen.generator.EachThread
                                {:fresh-gen #object[maelstrom.workload.echo$workload$fn__16882
                                                    "0x704c3ca2"
                                                    "maelstrom.workload.echo$workload$fn__16882@704c3ca2"],
                                 :context-filters #object[clojure.core$promise$reify__8591
                                                          "0x7d3a9061"
                                                          {:status :pending,
                                                           :val nil}],
                                 :gens {}})})})]})})
 :log-net-recv false
 :os
 #object[maelstrom.net$jepsen_os$reify__15254
         "0x2a2f7a61"
         "maelstrom.net$jepsen_os$reify__15254@2a2f7a61"]
 :time-limit 10
 :workload :echo
 :consistency-models [:strict-serializable]
 :topology :grid}

2024-02-25 20:27:13,586{GMT}	INFO	[jepsen node n0] maelstrom.net: Starting Maelstrom network
2024-02-25 20:27:13,587{GMT}	INFO	[jepsen test runner] jepsen.db: Tearing down DB
2024-02-25 20:27:13,589{GMT}	INFO	[jepsen test runner] jepsen.db: Setting up DB
2024-02-25 20:27:13,589{GMT}	INFO	[jepsen node n1] maelstrom.db: Setting up n1
2024-02-25 20:27:13,590{GMT}	INFO	[jepsen node n1] maelstrom.process: launching /Users/aca123321/go/bin/maelstrom-echo []
2024-02-25 20:27:13,592{GMT}	INFO	[jepsen node n0] maelstrom.service: Starting services: (lin-kv lin-tso lww-kv seq-kv)
2024-02-25 20:27:13,594{GMT}	INFO	[jepsen node n0] maelstrom.db: Setting up n0
2024-02-25 20:27:13,594{GMT}	INFO	[jepsen node n0] maelstrom.process: launching /Users/aca123321/go/bin/maelstrom-echo []
2024-02-25 20:27:13,621{GMT}	INFO	[jepsen test runner] jepsen.core: Relative time begins now
2024-02-25 20:27:13,640{GMT}	INFO	[jepsen worker 1] jepsen.util: 1	:invoke	:echo	"Please echo 11"
2024-02-25 20:27:13,647{GMT}	INFO	[jepsen worker 1] jepsen.util: 1	:ok	:echo	{:echo "Please echo 11", :in_reply_to 1, :msg_id 1, :type "echo_ok"}
2024-02-25 20:27:13,784{GMT}	INFO	[jepsen worker 1] jepsen.util: 1	:invoke	:echo	"Please echo 101"
2024-02-25 20:27:13,785{GMT}	INFO	[jepsen worker 1] jepsen.util: 1	:ok	:echo	{:echo "Please echo 101", :in_reply_to 2, :msg_id 2, :type "echo_ok"}
2024-02-25 20:27:14,118{GMT}	INFO	[jepsen worker 0] jepsen.util: 0	:invoke	:echo	"Please echo 74"
2024-02-25 20:27:14,121{GMT}	INFO	[jepsen worker 0] jepsen.util: 0	:ok	:echo	{:echo "Please echo 74", :in_reply_to 1, :msg_id 1, :type "echo_ok"}
2024-02-25 20:27:14,487{GMT}	INFO	[jepsen worker 1] jepsen.util: 1	:invoke	:echo	"Please echo 75"
2024-02-25 20:27:14,489{GMT}	INFO	[jepsen worker 1] jepsen.util: 1	:ok	:echo	{:echo "Please echo 75", :in_reply_to 3, :msg_id 3, :type "echo_ok"}
2024-02-25 20:27:14,489{GMT}	INFO	[jepsen worker 0] jepsen.util: 0	:invoke	:echo	"Please echo 12"
2024-02-25 20:27:14,491{GMT}	INFO	[jepsen worker 0] jepsen.util: 0	:ok	:echo	{:echo "Please echo 12", :in_reply_to 2, :msg_id 2, :type "echo_ok"}
2024-02-25 20:27:14,657{GMT}	INFO	[jepsen worker 0] jepsen.util: 0	:invoke	:echo	"Please echo 82"
2024-02-25 20:27:14,658{GMT}	INFO	[jepsen worker 0] jepsen.util: 0	:ok	:echo	{:echo "Please echo 82", :in_reply_to 3, :msg_id 3, :type "echo_ok"}
2024-02-25 20:27:14,862{GMT}	INFO	[jepsen worker 1] jepsen.util: 1	:invoke	:echo	"Please echo 35"
2024-02-25 20:27:14,864{GMT}	INFO	[jepsen worker 1] jepsen.util: 1	:ok	:echo	{:echo "Please echo 35", :in_reply_to 4, :msg_id 4, :type "echo_ok"}
2024-02-25 20:27:14,937{GMT}	INFO	[jepsen worker 0] jepsen.util: 0	:invoke	:echo	"Please echo 71"
2024-02-25 20:27:14,939{GMT}	INFO	[jepsen worker 0] jepsen.util: 0	:ok	:echo	{:echo "Please echo 71", :in_reply_to 4, :msg_id 4, :type "echo_ok"}
2024-02-25 20:27:15,228{GMT}	INFO	[jepsen worker 0] jepsen.util: 0	:invoke	:echo	"Please echo 37"
2024-02-25 20:27:15,229{GMT}	INFO	[jepsen worker 0] jepsen.util: 0	:ok	:echo	{:echo "Please echo 37", :in_reply_to 5, :msg_id 5, :type "echo_ok"}
2024-02-25 20:27:15,329{GMT}	INFO	[jepsen worker 0] jepsen.util: 0	:invoke	:echo	"Please echo 89"
2024-02-25 20:27:15,331{GMT}	INFO	[jepsen worker 0] jepsen.util: 0	:ok	:echo	{:echo "Please echo 89", :in_reply_to 6, :msg_id 6, :type "echo_ok"}
2024-02-25 20:27:15,343{GMT}	INFO	[jepsen worker 0] jepsen.util: 0	:invoke	:echo	"Please echo 73"
2024-02-25 20:27:15,345{GMT}	INFO	[jepsen worker 0] jepsen.util: 0	:ok	:echo	{:echo "Please echo 73", :in_reply_to 7, :msg_id 7, :type "echo_ok"}
2024-02-25 20:27:15,646{GMT}	INFO	[jepsen worker 0] jepsen.util: 0	:invoke	:echo	"Please echo 114"
2024-02-25 20:27:15,647{GMT}	INFO	[jepsen worker 0] jepsen.util: 0	:ok	:echo	{:echo "Please echo 114", :in_reply_to 8, :msg_id 8, :type "echo_ok"}
2024-02-25 20:27:15,815{GMT}	INFO	[jepsen worker 0] jepsen.util: 0	:invoke	:echo	"Please echo 109"
2024-02-25 20:27:15,833{GMT}	INFO	[jepsen worker 0] jepsen.util: 0	:ok	:echo	{:echo "Please echo 109", :in_reply_to 9, :msg_id 9, :type "echo_ok"}
2024-02-25 20:27:15,879{GMT}	INFO	[jepsen worker 0] jepsen.util: 0	:invoke	:echo	"Please echo 22"
2024-02-25 20:27:15,892{GMT}	INFO	[jepsen worker 1] jepsen.util: 1	:invoke	:echo	"Please echo 93"
2024-02-25 20:27:15,892{GMT}	INFO	[jepsen worker 0] jepsen.util: 0	:ok	:echo	{:echo "Please echo 22", :in_reply_to 10, :msg_id 10, :type "echo_ok"}
2024-02-25 20:27:15,893{GMT}	INFO	[jepsen worker 1] jepsen.util: 1	:ok	:echo	{:echo "Please echo 93", :in_reply_to 5, :msg_id 5, :type "echo_ok"}
2024-02-25 20:27:15,895{GMT}	INFO	[jepsen worker 1] jepsen.util: 1	:invoke	:echo	"Please echo 68"
2024-02-25 20:27:15,897{GMT}	INFO	[jepsen worker 1] jepsen.util: 1	:ok	:echo	{:echo "Please echo 68", :in_reply_to 6, :msg_id 6, :type "echo_ok"}
2024-02-25 20:27:16,179{GMT}	INFO	[jepsen worker 1] jepsen.util: 1	:invoke	:echo	"Please echo 84"
2024-02-25 20:27:16,183{GMT}	INFO	[jepsen worker 1] jepsen.util: 1	:ok	:echo	{:echo "Please echo 84", :in_reply_to 7, :msg_id 7, :type "echo_ok"}
2024-02-25 20:27:16,547{GMT}	INFO	[jepsen worker 1] jepsen.util: 1	:invoke	:echo	"Please echo 109"
2024-02-25 20:27:16,548{GMT}	INFO	[jepsen worker 1] jepsen.util: 1	:ok	:echo	{:echo "Please echo 109", :in_reply_to 8, :msg_id 8, :type "echo_ok"}
2024-02-25 20:27:16,811{GMT}	INFO	[jepsen worker 0] jepsen.util: 0	:invoke	:echo	"Please echo 58"
2024-02-25 20:27:16,813{GMT}	INFO	[jepsen worker 0] jepsen.util: 0	:ok	:echo	{:echo "Please echo 58", :in_reply_to 11, :msg_id 11, :type "echo_ok"}
2024-02-25 20:27:17,024{GMT}	INFO	[jepsen worker 0] jepsen.util: 0	:invoke	:echo	"Please echo 72"
2024-02-25 20:27:17,025{GMT}	INFO	[jepsen worker 0] jepsen.util: 0	:ok	:echo	{:echo "Please echo 72", :in_reply_to 12, :msg_id 12, :type "echo_ok"}
2024-02-25 20:27:17,053{GMT}	INFO	[jepsen worker 1] jepsen.util: 1	:invoke	:echo	"Please echo 105"
2024-02-25 20:27:17,055{GMT}	INFO	[jepsen worker 1] jepsen.util: 1	:ok	:echo	{:echo "Please echo 105", :in_reply_to 9, :msg_id 9, :type "echo_ok"}
2024-02-25 20:27:17,098{GMT}	INFO	[jepsen worker 1] jepsen.util: 1	:invoke	:echo	"Please echo 76"
2024-02-25 20:27:17,100{GMT}	INFO	[jepsen worker 1] jepsen.util: 1	:ok	:echo	{:echo "Please echo 76", :in_reply_to 10, :msg_id 10, :type "echo_ok"}
2024-02-25 20:27:17,387{GMT}	INFO	[jepsen worker 0] jepsen.util: 0	:invoke	:echo	"Please echo 103"
2024-02-25 20:27:17,389{GMT}	INFO	[jepsen worker 0] jepsen.util: 0	:ok	:echo	{:echo "Please echo 103", :in_reply_to 13, :msg_id 13, :type "echo_ok"}
2024-02-25 20:27:17,390{GMT}	INFO	[jepsen worker 1] jepsen.util: 1	:invoke	:echo	"Please echo 28"
2024-02-25 20:27:17,391{GMT}	INFO	[jepsen worker 1] jepsen.util: 1	:ok	:echo	{:echo "Please echo 28", :in_reply_to 11, :msg_id 11, :type "echo_ok"}
2024-02-25 20:27:17,625{GMT}	INFO	[jepsen worker 1] jepsen.util: 1	:invoke	:echo	"Please echo 105"
2024-02-25 20:27:17,627{GMT}	INFO	[jepsen worker 1] jepsen.util: 1	:ok	:echo	{:echo "Please echo 105", :in_reply_to 12, :msg_id 12, :type "echo_ok"}
2024-02-25 20:27:17,911{GMT}	INFO	[jepsen worker 0] jepsen.util: 0	:invoke	:echo	"Please echo 112"
2024-02-25 20:27:17,927{GMT}	INFO	[jepsen worker 0] jepsen.util: 0	:ok	:echo	{:echo "Please echo 112", :in_reply_to 14, :msg_id 14, :type "echo_ok"}
2024-02-25 20:27:18,231{GMT}	INFO	[jepsen worker 0] jepsen.util: 0	:invoke	:echo	"Please echo 72"
2024-02-25 20:27:18,233{GMT}	INFO	[jepsen worker 0] jepsen.util: 0	:ok	:echo	{:echo "Please echo 72", :in_reply_to 15, :msg_id 15, :type "echo_ok"}
2024-02-25 20:27:18,400{GMT}	INFO	[jepsen worker 1] jepsen.util: 1	:invoke	:echo	"Please echo 31"
2024-02-25 20:27:18,402{GMT}	INFO	[jepsen worker 1] jepsen.util: 1	:ok	:echo	{:echo "Please echo 31", :in_reply_to 13, :msg_id 13, :type "echo_ok"}
2024-02-25 20:27:18,728{GMT}	INFO	[jepsen worker 0] jepsen.util: 0	:invoke	:echo	"Please echo 65"
2024-02-25 20:27:18,729{GMT}	INFO	[jepsen worker 0] jepsen.util: 0	:ok	:echo	{:echo "Please echo 65", :in_reply_to 16, :msg_id 16, :type "echo_ok"}
2024-02-25 20:27:18,834{GMT}	INFO	[jepsen worker 1] jepsen.util: 1	:invoke	:echo	"Please echo 70"
2024-02-25 20:27:18,836{GMT}	INFO	[jepsen worker 1] jepsen.util: 1	:ok	:echo	{:echo "Please echo 70", :in_reply_to 14, :msg_id 14, :type "echo_ok"}
2024-02-25 20:27:18,891{GMT}	INFO	[jepsen worker 0] jepsen.util: 0	:invoke	:echo	"Please echo 105"
2024-02-25 20:27:18,892{GMT}	INFO	[jepsen worker 0] jepsen.util: 0	:ok	:echo	{:echo "Please echo 105", :in_reply_to 17, :msg_id 17, :type "echo_ok"}
2024-02-25 20:27:18,906{GMT}	INFO	[jepsen worker 0] jepsen.util: 0	:invoke	:echo	"Please echo 55"
2024-02-25 20:27:18,908{GMT}	INFO	[jepsen worker 0] jepsen.util: 0	:ok	:echo	{:echo "Please echo 55", :in_reply_to 18, :msg_id 18, :type "echo_ok"}
2024-02-25 20:27:19,043{GMT}	INFO	[jepsen worker 0] jepsen.util: 0	:invoke	:echo	"Please echo 62"
2024-02-25 20:27:19,044{GMT}	INFO	[jepsen worker 0] jepsen.util: 0	:ok	:echo	{:echo "Please echo 62", :in_reply_to 19, :msg_id 19, :type "echo_ok"}
2024-02-25 20:27:19,107{GMT}	INFO	[jepsen worker 0] jepsen.util: 0	:invoke	:echo	"Please echo 67"
2024-02-25 20:27:19,109{GMT}	INFO	[jepsen worker 0] jepsen.util: 0	:ok	:echo	{:echo "Please echo 67", :in_reply_to 20, :msg_id 20, :type "echo_ok"}
2024-02-25 20:27:19,251{GMT}	INFO	[jepsen worker 1] jepsen.util: 1	:invoke	:echo	"Please echo 110"
2024-02-25 20:27:19,252{GMT}	INFO	[jepsen worker 1] jepsen.util: 1	:ok	:echo	{:echo "Please echo 110", :in_reply_to 15, :msg_id 15, :type "echo_ok"}
2024-02-25 20:27:19,297{GMT}	INFO	[jepsen worker 1] jepsen.util: 1	:invoke	:echo	"Please echo 63"
2024-02-25 20:27:19,299{GMT}	INFO	[jepsen worker 1] jepsen.util: 1	:ok	:echo	{:echo "Please echo 63", :in_reply_to 16, :msg_id 16, :type "echo_ok"}
2024-02-25 20:27:19,504{GMT}	INFO	[jepsen worker 0] jepsen.util: 0	:invoke	:echo	"Please echo 120"
2024-02-25 20:27:19,506{GMT}	INFO	[jepsen worker 0] jepsen.util: 0	:ok	:echo	{:echo "Please echo 120", :in_reply_to 21, :msg_id 21, :type "echo_ok"}
2024-02-25 20:27:19,712{GMT}	INFO	[jepsen worker 0] jepsen.util: 0	:invoke	:echo	"Please echo 116"
2024-02-25 20:27:19,714{GMT}	INFO	[jepsen worker 0] jepsen.util: 0	:ok	:echo	{:echo "Please echo 116", :in_reply_to 22, :msg_id 22, :type "echo_ok"}
2024-02-25 20:27:19,804{GMT}	INFO	[jepsen worker 1] jepsen.util: 1	:invoke	:echo	"Please echo 126"
2024-02-25 20:27:19,806{GMT}	INFO	[jepsen worker 1] jepsen.util: 1	:ok	:echo	{:echo "Please echo 126", :in_reply_to 17, :msg_id 17, :type "echo_ok"}
2024-02-25 20:27:20,077{GMT}	INFO	[jepsen worker 0] jepsen.util: 0	:invoke	:echo	"Please echo 59"
2024-02-25 20:27:20,079{GMT}	INFO	[jepsen worker 0] jepsen.util: 0	:ok	:echo	{:echo "Please echo 59", :in_reply_to 23, :msg_id 23, :type "echo_ok"}
2024-02-25 20:27:20,437{GMT}	INFO	[jepsen worker 1] jepsen.util: 1	:invoke	:echo	"Please echo 124"
2024-02-25 20:27:20,439{GMT}	INFO	[jepsen worker 1] jepsen.util: 1	:ok	:echo	{:echo "Please echo 124", :in_reply_to 18, :msg_id 18, :type "echo_ok"}
2024-02-25 20:27:20,516{GMT}	INFO	[jepsen worker 0] jepsen.util: 0	:invoke	:echo	"Please echo 81"
2024-02-25 20:27:20,517{GMT}	INFO	[jepsen worker 0] jepsen.util: 0	:ok	:echo	{:echo "Please echo 81", :in_reply_to 24, :msg_id 24, :type "echo_ok"}
2024-02-25 20:27:20,556{GMT}	INFO	[jepsen worker 0] jepsen.util: 0	:invoke	:echo	"Please echo 56"
2024-02-25 20:27:20,565{GMT}	INFO	[jepsen worker 0] jepsen.util: 0	:ok	:echo	{:echo "Please echo 56", :in_reply_to 25, :msg_id 25, :type "echo_ok"}
2024-02-25 20:27:20,578{GMT}	INFO	[jepsen worker 1] jepsen.util: 1	:invoke	:echo	"Please echo 81"
2024-02-25 20:27:20,587{GMT}	INFO	[jepsen worker 1] jepsen.util: 1	:ok	:echo	{:echo "Please echo 81", :in_reply_to 19, :msg_id 19, :type "echo_ok"}
2024-02-25 20:27:20,950{GMT}	INFO	[jepsen worker 0] jepsen.util: 0	:invoke	:echo	"Please echo 17"
2024-02-25 20:27:20,952{GMT}	INFO	[jepsen worker 0] jepsen.util: 0	:ok	:echo	{:echo "Please echo 17", :in_reply_to 26, :msg_id 26, :type "echo_ok"}
2024-02-25 20:27:21,036{GMT}	INFO	[jepsen worker 1] jepsen.util: 1	:invoke	:echo	"Please echo 78"
2024-02-25 20:27:21,038{GMT}	INFO	[jepsen worker 1] jepsen.util: 1	:ok	:echo	{:echo "Please echo 78", :in_reply_to 20, :msg_id 20, :type "echo_ok"}
2024-02-25 20:27:21,424{GMT}	INFO	[jepsen worker 1] jepsen.util: 1	:invoke	:echo	"Please echo 7"
2024-02-25 20:27:21,426{GMT}	INFO	[jepsen worker 1] jepsen.util: 1	:ok	:echo	{:echo "Please echo 7", :in_reply_to 21, :msg_id 21, :type "echo_ok"}
2024-02-25 20:27:21,676{GMT}	INFO	[jepsen worker 0] jepsen.util: 0	:invoke	:echo	"Please echo 69"
2024-02-25 20:27:21,677{GMT}	INFO	[jepsen worker 1] jepsen.util: 1	:invoke	:echo	"Please echo 40"
2024-02-25 20:27:21,678{GMT}	INFO	[jepsen worker 0] jepsen.util: 0	:ok	:echo	{:echo "Please echo 69", :in_reply_to 27, :msg_id 27, :type "echo_ok"}
2024-02-25 20:27:21,678{GMT}	INFO	[jepsen worker 1] jepsen.util: 1	:ok	:echo	{:echo "Please echo 40", :in_reply_to 22, :msg_id 22, :type "echo_ok"}
2024-02-25 20:27:21,741{GMT}	INFO	[jepsen worker 1] jepsen.util: 1	:invoke	:echo	"Please echo 52"
2024-02-25 20:27:21,743{GMT}	INFO	[jepsen worker 1] jepsen.util: 1	:ok	:echo	{:echo "Please echo 52", :in_reply_to 23, :msg_id 23, :type "echo_ok"}
2024-02-25 20:27:21,904{GMT}	INFO	[jepsen worker 1] jepsen.util: 1	:invoke	:echo	"Please echo 4"
2024-02-25 20:27:21,906{GMT}	INFO	[jepsen worker 1] jepsen.util: 1	:ok	:echo	{:echo "Please echo 4", :in_reply_to 24, :msg_id 24, :type "echo_ok"}
2024-02-25 20:27:22,144{GMT}	INFO	[jepsen worker 0] jepsen.util: 0	:invoke	:echo	"Please echo 13"
2024-02-25 20:27:22,145{GMT}	INFO	[jepsen worker 0] jepsen.util: 0	:ok	:echo	{:echo "Please echo 13", :in_reply_to 28, :msg_id 28, :type "echo_ok"}
2024-02-25 20:27:22,308{GMT}	INFO	[jepsen worker 1] jepsen.util: 1	:invoke	:echo	"Please echo 112"
2024-02-25 20:27:22,309{GMT}	INFO	[jepsen worker 1] jepsen.util: 1	:ok	:echo	{:echo "Please echo 112", :in_reply_to 25, :msg_id 25, :type "echo_ok"}
2024-02-25 20:27:22,509{GMT}	INFO	[jepsen worker 1] jepsen.util: 1	:invoke	:echo	"Please echo 15"
2024-02-25 20:27:22,510{GMT}	INFO	[jepsen worker 1] jepsen.util: 1	:ok	:echo	{:echo "Please echo 15", :in_reply_to 26, :msg_id 26, :type "echo_ok"}
2024-02-25 20:27:22,518{GMT}	INFO	[jepsen worker 0] jepsen.util: 0	:invoke	:echo	"Please echo 86"
2024-02-25 20:27:22,519{GMT}	INFO	[jepsen worker 0] jepsen.util: 0	:ok	:echo	{:echo "Please echo 86", :in_reply_to 29, :msg_id 29, :type "echo_ok"}
2024-02-25 20:27:22,745{GMT}	INFO	[jepsen worker 0] jepsen.util: 0	:invoke	:echo	"Please echo 99"
2024-02-25 20:27:22,747{GMT}	INFO	[jepsen worker 0] jepsen.util: 0	:ok	:echo	{:echo "Please echo 99", :in_reply_to 30, :msg_id 30, :type "echo_ok"}
2024-02-25 20:27:22,838{GMT}	INFO	[jepsen worker 0] jepsen.util: 0	:invoke	:echo	"Please echo 88"
2024-02-25 20:27:22,839{GMT}	INFO	[jepsen worker 0] jepsen.util: 0	:ok	:echo	{:echo "Please echo 88", :in_reply_to 31, :msg_id 31, :type "echo_ok"}
2024-02-25 20:27:23,112{GMT}	INFO	[jepsen worker 0] jepsen.util: 0	:invoke	:echo	"Please echo 106"
2024-02-25 20:27:23,113{GMT}	INFO	[jepsen worker 0] jepsen.util: 0	:ok	:echo	{:echo "Please echo 106", :in_reply_to 32, :msg_id 32, :type "echo_ok"}
2024-02-25 20:27:23,452{GMT}	INFO	[jepsen worker 0] jepsen.util: 0	:invoke	:echo	"Please echo 59"
2024-02-25 20:27:23,454{GMT}	INFO	[jepsen worker 0] jepsen.util: 0	:ok	:echo	{:echo "Please echo 59", :in_reply_to 33, :msg_id 33, :type "echo_ok"}
2024-02-25 20:27:23,486{GMT}	INFO	[jepsen worker 0] jepsen.util: 0	:invoke	:echo	"Please echo 90"
2024-02-25 20:27:23,487{GMT}	INFO	[jepsen worker 0] jepsen.util: 0	:ok	:echo	{:echo "Please echo 90", :in_reply_to 34, :msg_id 34, :type "echo_ok"}
2024-02-25 20:27:23,619{GMT}	INFO	[jepsen worker 1] jepsen.util: 1	:invoke	:echo	"Please echo 121"
2024-02-25 20:27:23,620{GMT}	INFO	[jepsen worker 1] jepsen.util: 1	:ok	:echo	{:echo "Please echo 121", :in_reply_to 27, :msg_id 27, :type "echo_ok"}
2024-02-25 20:27:23,650{GMT}	INFO	[jepsen test runner] jepsen.core: Run complete, writing
2024-02-25 20:27:23,708{GMT}	INFO	[jepsen node n0] maelstrom.db: Tearing down n0
2024-02-25 20:27:23,709{GMT}	INFO	[jepsen node n1] maelstrom.db: Tearing down n1
2024-02-25 20:27:24,624{GMT}	INFO	[jepsen node n0] maelstrom.net: Shutting down Maelstrom network
2024-02-25 20:27:24,625{GMT}	INFO	[jepsen test runner] jepsen.core: Analyzing...
2024-02-25 20:27:24,982{GMT}	INFO	[jepsen test runner] jepsen.core: Analysis complete
2024-02-25 20:27:25,005{GMT}	INFO	[jepsen results] jepsen.store: Wrote /Users/aca123321/Desktop/Personal/Fly io distriibuted systems challenges/maelstrom/store/echo/20240225T202710.994+0530/results.edn
2024-02-25 20:27:25,092{GMT}	INFO	[jepsen test runner] jepsen.core: {:perf {:latency-graph {:valid? true},
        :rate-graph {:valid? true},
        :valid? true},
 :timeline {:valid? true},
 :exceptions {:valid? true},
 :stats {:valid? true,
         :count 61,
         :ok-count 61,
         :fail-count 0,
         :info-count 0,
         :by-f {:echo {:valid? true,
                       :count 61,
                       :ok-count 61,
                       :fail-count 0,
                       :info-count 0}}},
 :availability {:valid? true, :ok-fraction 1.0},
 :net {:all {:send-count 126,
             :recv-count 126,
             :msg-count 126,
             :msgs-per-op 2.0655737},
       :clients {:send-count 126, :recv-count 126, :msg-count 126},
       :servers {:send-count 0,
                 :recv-count 0,
                 :msg-count 0,
                 :msgs-per-op 0.0},
       :valid? true},
 :workload {:valid? true, :errors ()},
 :valid? true}


Everything looks good! ヽ(‘ー`)ノ
