2024/02/25 20:00:07 Received {c0 n1 {"type":"init","node_id":"n1","node_ids":["n0","n1"],"msg_id":1}}
2024/02/25 20:00:07 Node n1 initialized
2024/02/25 20:00:07 Sent {"src":"n1","dest":"c0","body":{"in_reply_to":1,"type":"init_ok"}}
2024/02/25 20:00:07 Received {c4 n1 {"echo":"Please echo 115","type":"echo","msg_id":1}}
2024/02/25 20:00:07 Sent {"src":"n1","dest":"c4","body":{"echo":"Please echo 115","in_reply_to":1,"msg_id":1,"type":"echo_ok"}}
2024/02/25 20:00:08 Received {c4 n1 {"echo":"Please echo 86","type":"echo","msg_id":2}}
2024/02/25 20:00:08 Sent {"src":"n1","dest":"c4","body":{"echo":"Please echo 86","in_reply_to":2,"msg_id":2,"type":"echo_ok"}}
2024/02/25 20:00:08 Received {c4 n1 {"echo":"Please echo 87","type":"echo","msg_id":3}}
2024/02/25 20:00:08 Sent {"src":"n1","dest":"c4","body":{"echo":"Please echo 87","in_reply_to":3,"msg_id":3,"type":"echo_ok"}}
2024/02/25 20:00:09 Received {c4 n1 {"echo":"Please echo 10","type":"echo","msg_id":4}}
2024/02/25 20:00:09 Sent {"src":"n1","dest":"c4","body":{"echo":"Please echo 10","in_reply_to":4,"msg_id":4,"type":"echo_ok"}}
2024/02/25 20:00:09 Received {c4 n1 {"echo":"Please echo 28","type":"echo","msg_id":5}}
2024/02/25 20:00:09 Sent {"src":"n1","dest":"c4","body":{"echo":"Please echo 28","in_reply_to":5,"msg_id":5,"type":"echo_ok"}}
2024/02/25 20:00:09 Received {c4 n1 {"echo":"Please echo 113","type":"echo","msg_id":6}}
2024/02/25 20:00:09 Sent {"src":"n1","dest":"c4","body":{"echo":"Please echo 113","in_reply_to":6,"msg_id":6,"type":"echo_ok"}}
2024/02/25 20:00:09 Received {c4 n1 {"echo":"Please echo 65","type":"echo","msg_id":7}}
2024/02/25 20:00:09 Sent {"src":"n1","dest":"c4","body":{"echo":"Please echo 65","in_reply_to":7,"msg_id":7,"type":"echo_ok"}}
2024/02/25 20:00:10 Received {c4 n1 {"echo":"Please echo 125","type":"echo","msg_id":8}}
2024/02/25 20:00:10 Sent {"src":"n1","dest":"c4","body":{"echo":"Please echo 125","in_reply_to":8,"msg_id":8,"type":"echo_ok"}}
2024/02/25 20:00:10 Received {c4 n1 {"echo":"Please echo 90","type":"echo","msg_id":9}}
2024/02/25 20:00:10 Sent {"src":"n1","dest":"c4","body":{"echo":"Please echo 90","in_reply_to":9,"msg_id":9,"type":"echo_ok"}}
2024/02/25 20:00:11 Received {c4 n1 {"echo":"Please echo 102","type":"echo","msg_id":10}}
2024/02/25 20:00:11 Sent {"src":"n1","dest":"c4","body":{"echo":"Please echo 102","in_reply_to":10,"msg_id":10,"type":"echo_ok"}}
2024/02/25 20:00:11 Received {c4 n1 {"echo":"Please echo 29","type":"echo","msg_id":11}}
2024/02/25 20:00:11 Sent {"src":"n1","dest":"c4","body":{"echo":"Please echo 29","in_reply_to":11,"msg_id":11,"type":"echo_ok"}}
2024/02/25 20:00:12 Received {c4 n1 {"echo":"Please echo 3","type":"echo","msg_id":12}}
2024/02/25 20:00:12 Sent {"src":"n1","dest":"c4","body":{"echo":"Please echo 3","in_reply_to":12,"msg_id":12,"type":"echo_ok"}}
2024/02/25 20:00:12 Received {c4 n1 {"echo":"Please echo 69","type":"echo","msg_id":13}}
2024/02/25 20:00:12 Sent {"src":"n1","dest":"c4","body":{"echo":"Please echo 69","in_reply_to":13,"msg_id":13,"type":"echo_ok"}}
2024/02/25 20:00:13 Received {c4 n1 {"echo":"Please echo 38","type":"echo","msg_id":14}}
2024/02/25 20:00:13 Sent {"src":"n1","dest":"c4","body":{"echo":"Please echo 38","in_reply_to":14,"msg_id":14,"type":"echo_ok"}}
2024/02/25 20:00:13 Received {c4 n1 {"echo":"Please echo 122","type":"echo","msg_id":15}}
2024/02/25 20:00:13 Sent {"src":"n1","dest":"c4","body":{"echo":"Please echo 122","in_reply_to":15,"msg_id":15,"type":"echo_ok"}}
2024/02/25 20:00:14 Received {c4 n1 {"echo":"Please echo 14","type":"echo","msg_id":16}}
2024/02/25 20:00:14 Sent {"src":"n1","dest":"c4","body":{"echo":"Please echo 14","in_reply_to":16,"msg_id":16,"type":"echo_ok"}}
2024/02/25 20:00:14 Received {c4 n1 {"echo":"Please echo 22","type":"echo","msg_id":17}}
2024/02/25 20:00:14 Sent {"src":"n1","dest":"c4","body":{"echo":"Please echo 22","in_reply_to":17,"msg_id":17,"type":"echo_ok"}}
2024/02/25 20:00:14 Received {c4 n1 {"echo":"Please echo 121","type":"echo","msg_id":18}}
2024/02/25 20:00:14 Sent {"src":"n1","dest":"c4","body":{"echo":"Please echo 121","in_reply_to":18,"msg_id":18,"type":"echo_ok"}}
2024/02/25 20:00:15 Received {c4 n1 {"echo":"Please echo 88","type":"echo","msg_id":19}}
2024/02/25 20:00:15 Sent {"src":"n1","dest":"c4","body":{"echo":"Please echo 88","in_reply_to":19,"msg_id":19,"type":"echo_ok"}}
2024/02/25 20:00:15 Received {c4 n1 {"echo":"Please echo 3","type":"echo","msg_id":20}}
2024/02/25 20:00:15 Sent {"src":"n1","dest":"c4","body":{"echo":"Please echo 3","in_reply_to":20,"msg_id":20,"type":"echo_ok"}}
2024/02/25 20:00:15 Received {c4 n1 {"echo":"Please echo 29","type":"echo","msg_id":21}}
2024/02/25 20:00:15 Sent {"src":"n1","dest":"c4","body":{"echo":"Please echo 29","in_reply_to":21,"msg_id":21,"type":"echo_ok"}}
2024/02/25 20:00:15 Received {c4 n1 {"echo":"Please echo 117","type":"echo","msg_id":22}}
2024/02/25 20:00:15 Sent {"src":"n1","dest":"c4","body":{"echo":"Please echo 117","in_reply_to":22,"msg_id":22,"type":"echo_ok"}}
2024/02/25 20:00:16 Received {c4 n1 {"echo":"Please echo 3","type":"echo","msg_id":23}}
2024/02/25 20:00:16 Sent {"src":"n1","dest":"c4","body":{"echo":"Please echo 3","in_reply_to":23,"msg_id":23,"type":"echo_ok"}}
2024/02/25 20:00:16 Received {c4 n1 {"echo":"Please echo 65","type":"echo","msg_id":24}}
2024/02/25 20:00:16 Sent {"src":"n1","dest":"c4","body":{"echo":"Please echo 65","in_reply_to":24,"msg_id":24,"type":"echo_ok"}}
