2024-02-25 17:48:20,354{GMT}	INFO	[jepsen test runner] jepsen.core: Command line:
lein run test -w echo --bin java_demo/demo/java/server
2024-02-25 17:48:20,426{GMT}	INFO	[jepsen test runner] jepsen.core: Running test:
{:args []
 :remote
 #jepsen.control.retry.Remote{:remote #jepsen.control.scp.Remote{:cmd-remote #jepsen.control.sshj.SSHJRemote{:concurrency-limit 6,
                                                                                                             :conn-spec nil,
                                                                                                             :client nil,
                                                                                                             :semaphore nil},
                                                                 :conn-spec nil},
                              :conn nil}
 :log-net-send false
 :node-count nil
 :availability nil
 :max-txn-length 4
 :concurrency 5
 :db
 #object[maelstrom.db$db$reify__16142
         "0x6ba3eee9"
         "maelstrom.db$db$reify__16142@6ba3eee9"]
 :max-writes-per-key 16
 :leave-db-running? false
 :name "echo"
 :logging-json? false
 :start-time
 #object[org.joda.time.DateTime "0x3fe8d57a" "2024-02-25T17:48:20.281+05:30"]
 :nemesis-interval 10
 :net
 #object[maelstrom.net$jepsen_net$reify__15251
         "0x36573ec5"
         "maelstrom.net$jepsen_net$reify__15251@36573ec5"]
 :client
 #object[maelstrom.workload.echo$client$reify__16863
         "0x10c26161"
         "maelstrom.workload.echo$client$reify__16863@10c26161"]
 :barrier
 #object[java.util.concurrent.CyclicBarrier
         "0x1ef6977b"
         "java.util.concurrent.CyclicBarrier@1ef6977b"]
 :log-stderr false
 :pure-generators true
 :ssh {:dummy? true}
 :rate 5
 :checker
 #object[jepsen.checker$compose$reify__11881
         "0x674cd2da"
         "jepsen.checker$compose$reify__11881@674cd2da"]
 :argv ("test" "-w" "echo" "--bin" "java_demo/demo/java/server")
 :nemesis
 (jepsen.nemesis.ReflCompose
  {:fm {:start-partition 0,
        :stop-partition 0,
        :kill 1,
        :start 1,
        :pause 1,
        :resume 1},
   :nemeses [#unprintable "jepsen.nemesis.combined$partition_nemesis$reify__16416@686279e0"
             #unprintable "jepsen.nemesis.combined$db_nemesis$reify__16397@6b28d4e4"]})
 :nodes ["n1" "n2" "n3" "n4" "n5"]
 :test-count 1
 :latency {:mean 0, :dist :constant}
 :bin "java_demo/demo/java/server"
 :generator
 (jepsen.generator.TimeLimit
  {:limit 60000000000,
   :cutoff nil,
   :gen (jepsen.generator.Any
         {:gens [(jepsen.generator.OnThreads
                  {:f #{:nemesis},
                   :context-filter #object[jepsen.generator.context$make_thread_filter$lazy_filter__9167
                                           "0x17734113"
                                           "jepsen.generator.context$make_thread_filter$lazy_filter__9167@17734113"],
                   :gen nil})
                 (jepsen.generator.OnThreads
                  {:f #jepsen.generator.context.AllBut{:element :nemesis},
                   :context-filter #object[jepsen.generator.context$make_thread_filter$lazy_filter__9167
                                           "0x27aa700"
                                           "jepsen.generator.context$make_thread_filter$lazy_filter__9167@27aa700"],
                   :gen (jepsen.generator.Stagger
                         {:dt 400000000,
                          :next-time nil,
                          :gen (jepsen.generator.EachThread
                                {:fresh-gen #object[maelstrom.workload.echo$workload$fn__16882
                                                    "0xd15f98a"
                                                    "maelstrom.workload.echo$workload$fn__16882@d15f98a"],
                                 :context-filters #object[clojure.core$promise$reify__8591
                                                          "0x704c3ca2"
                                                          {:status :pending,
                                                           :val nil}],
                                 :gens {}})})})]})})
 :log-net-recv false
 :os
 #object[maelstrom.net$jepsen_os$reify__15254
         "0x7d3a9061"
         "maelstrom.net$jepsen_os$reify__15254@7d3a9061"]
 :time-limit 60
 :workload :echo
 :consistency-models [:strict-serializable]
 :topology :grid}

2024-02-25 17:48:23,026{GMT}	INFO	[jepsen node n1] maelstrom.net: Starting Maelstrom network
2024-02-25 17:48:23,027{GMT}	INFO	[jepsen test runner] jepsen.db: Tearing down DB
2024-02-25 17:48:23,030{GMT}	INFO	[jepsen test runner] jepsen.db: Setting up DB
2024-02-25 17:48:23,031{GMT}	INFO	[jepsen node n4] maelstrom.db: Setting up n4
2024-02-25 17:48:23,031{GMT}	INFO	[jepsen node n3] maelstrom.db: Setting up n3
2024-02-25 17:48:23,031{GMT}	INFO	[jepsen node n2] maelstrom.db: Setting up n2
2024-02-25 17:48:23,031{GMT}	INFO	[jepsen node n5] maelstrom.db: Setting up n5
2024-02-25 17:48:23,032{GMT}	INFO	[jepsen node n3] maelstrom.process: launching java_demo/demo/java/server []
2024-02-25 17:48:23,032{GMT}	INFO	[jepsen node n4] maelstrom.process: launching java_demo/demo/java/server []
2024-02-25 17:48:23,032{GMT}	INFO	[jepsen node n2] maelstrom.process: launching java_demo/demo/java/server []
2024-02-25 17:48:23,032{GMT}	INFO	[jepsen node n5] maelstrom.process: launching java_demo/demo/java/server []
2024-02-25 17:48:23,035{GMT}	INFO	[jepsen node n1] maelstrom.service: Starting services: (lin-kv lin-tso lww-kv seq-kv)
2024-02-25 17:48:23,036{GMT}	INFO	[jepsen node n1] maelstrom.db: Setting up n1
2024-02-25 17:48:23,037{GMT}	INFO	[jepsen node n1] maelstrom.process: launching java_demo/demo/java/server []
2024-02-25 17:48:33,067{GMT}	INFO	[jepsen node n1] maelstrom.db: Tearing down n1
2024-02-25 17:48:33,068{GMT}	INFO	[jepsen node n2] maelstrom.db: Tearing down n2
2024-02-25 17:48:33,069{GMT}	INFO	[jepsen node n3] maelstrom.db: Tearing down n3
2024-02-25 17:48:33,070{GMT}	INFO	[jepsen node n4] maelstrom.db: Tearing down n4
2024-02-25 17:48:33,070{GMT}	INFO	[jepsen node n5] maelstrom.db: Tearing down n5
2024-02-25 17:48:34,066{GMT}	INFO	[jepsen node n1] maelstrom.net: Shutting down Maelstrom network
2024-02-25 17:48:34,069{GMT}	WARN	[jepsen test runner] jepsen.core: Test crashed!
clojure.lang.ExceptionInfo: Node n4 crashed with exit status 1. Before crashing, it wrote to STDOUT:



And to STDERR:

Error: Unable to access jarfile /Users/aca123321/Desktop/Personal/Fly io distriibuted systems challenges/java_demo/demo/java//target/lab-1.0-SNAPSHOT-jar-with-dependencies.jar

Full STDERR logs are available in /Users/aca123321/Desktop/Personal/Fly io distriibuted systems challenges/store/echo/20240225T174820.281+0530/node-logs/n4.log
	at slingshot.support$stack_trace.invoke(support.clj:201)
	at maelstrom.process$stop_node_BANG_.invokeStatic(process.clj:239)
	at maelstrom.process$stop_node_BANG_.invoke(process.clj:217)
	at maelstrom.db$db$reify__16142.teardown_BANG_(db.clj:75)
	at jepsen.db$fn__8744$G__8725__8748.invoke(db.clj:12)
	at jepsen.db$fn__8744$G__8724__8753.invoke(db.clj:12)
	at clojure.core$partial$fn__5908.invoke(core.clj:2642)
	at jepsen.control$on_nodes$fn__8599.invoke(control.clj:314)
	at clojure.lang.AFn.applyToHelper(AFn.java:154)
	at clojure.lang.AFn.applyTo(AFn.java:144)
	at clojure.core$apply.invokeStatic(core.clj:667)
	at clojure.core$with_bindings_STAR_.invokeStatic(core.clj:1990)
	at clojure.core$with_bindings_STAR_.doInvoke(core.clj:1990)
	at clojure.lang.RestFn.applyTo(RestFn.java:142)
	at clojure.core$apply.invokeStatic(core.clj:671)
	at clojure.core$bound_fn_STAR_$fn__5818.doInvoke(core.clj:2020)
	at clojure.lang.RestFn.invoke(RestFn.java:408)
	at dom_top.core$real_pmap_helper$build_thread__211$fn__212.invoke(core.clj:163)
	at clojure.lang.AFn.applyToHelper(AFn.java:152)
	at clojure.lang.AFn.applyTo(AFn.java:144)
	at clojure.core$apply.invokeStatic(core.clj:667)
	at clojure.core$with_bindings_STAR_.invokeStatic(core.clj:1990)
	at clojure.core$with_bindings_STAR_.doInvoke(core.clj:1990)
	at clojure.lang.RestFn.invoke(RestFn.java:425)
	at clojure.lang.AFn.applyToHelper(AFn.java:156)
	at clojure.lang.RestFn.applyTo(RestFn.java:132)
	at clojure.core$apply.invokeStatic(core.clj:671)
	at clojure.core$bound_fn_STAR_$fn__5818.doInvoke(core.clj:2020)
	at clojure.lang.RestFn.invoke(RestFn.java:397)
	at clojure.lang.AFn.run(AFn.java:22)
	at java.base/java.lang.Thread.run(Thread.java:1583)
